<?xml version="1.0" encoding="utf-8"?><testsuites name="pytest tests"><testsuite name="pytest" errors="0" failures="1" skipped="0" tests="9" time="222.383" timestamp="2026-06-21T00:37:33.810502+00:00" hostname="agent-env-6adf17d4-6bc2-4eec-b3a8-7ea289157f31"><testcase classname="backend.tests.test_iteration54_nightly_scan.TestGovernancePolicyKey" name="test_get_governance_has_nightly_scan_enabled" time="0.059" /><testcase classname="backend.tests.test_iteration54_nightly_scan.TestGovernancePolicyKey" name="test_put_governance_persists_nightly_scan_enabled_false" time="0.090" /><testcase classname="backend.tests.test_iteration54_nightly_scan.TestGovernancePolicyKey" name="test_put_governance_reset_to_true" time="0.045" /><testcase classname="backend.tests.test_iteration54_nightly_scan.TestOptOutSwitch" name="test_opt_out_skips_all_projects" time="0.142" /><testcase classname="backend.tests.test_iteration54_nightly_scan.TestManualNightlyScan" name="test_first_run_returns_counts" time="123.316" /><testcase classname="backend.tests.test_iteration54_nightly_scan.TestManualNightlyScan" name="test_proposals_tagged_with_devos_nightly_agent" time="0.051" /><testcase classname="backend.tests.test_iteration54_nightly_scan.TestManualNightlyScan" name="test_digest_message_posted_to_linked_chat" time="0.065" /><testcase classname="backend.tests.test_iteration54_nightly_scan.TestManualNightlyScan" name="test_second_run_dedupes" time="98.509"><failure message="AssertionError: dedupe failed: 2nd run drafted 6 vs 1st run 5&#10;assert 6 &lt;= 5">backend/tests/test_iteration54_nightly_scan.py:164: in test_second_run_dedupes
    assert second["drafted_proposals"] &lt;= first_run_result["drafted_proposals"], (
E   AssertionError: dedupe failed: 2nd run drafted 6 vs 1st run 5
E   assert 6 &lt;= 5</failure></testcase><testcase classname="backend.tests.test_iteration54_nightly_scan.TestStartupLog" name="test_nightly_scheduler_log_line_present" time="0.004" /></testsuite></testsuites>