<?xml version="1.0" encoding="utf-8"?><testsuites name="pytest tests"><testsuite name="pytest" errors="0" failures="0" skipped="0" tests="59" time="129.321" timestamp="2026-05-12T05:58:19.243057+00:00" hostname="agent-env-6adf17d4-6bc2-4eec-b3a8-7ea289157f31"><testcase classname="backend.tests.test_emergent_ai_teams.TestHealth" name="test_root" time="0.170" /><testcase classname="backend.tests.test_emergent_ai_teams.TestAuth" name="test_demo_login" time="0.046" /><testcase classname="backend.tests.test_emergent_ai_teams.TestAuth" name="test_login_seeded_user" time="0.270" /><testcase classname="backend.tests.test_emergent_ai_teams.TestAuth" name="test_login_invalid" time="0.270" /><testcase classname="backend.tests.test_emergent_ai_teams.TestAuth" name="test_signup_new_user" time="0.271" /><testcase classname="backend.tests.test_emergent_ai_teams.TestAuth" name="test_me" time="0.053" /><testcase classname="backend.tests.test_emergent_ai_teams.TestAuth" name="test_me_no_token" time="0.095" /><testcase classname="backend.tests.test_emergent_ai_teams.TestWorkspace" name="test_get_workspace" time="0.055" /><testcase classname="backend.tests.test_emergent_ai_teams.TestWorkspace" name="test_members" time="0.051" /><testcase classname="backend.tests.test_emergent_ai_teams.TestWorkspace" name="test_invite" time="0.278" /><testcase classname="backend.tests.test_emergent_ai_teams.TestChats" name="test_list_chats" time="0.052" /><testcase classname="backend.tests.test_emergent_ai_teams.TestChats" name="test_create_chat" time="0.048" /><testcase classname="backend.tests.test_emergent_ai_teams.TestMessages" name="test_send_message" time="0.054" /><testcase classname="backend.tests.test_emergent_ai_teams.TestMessages" name="test_list_messages" time="0.048" /><testcase classname="backend.tests.test_emergent_ai_teams.TestMessages" name="test_edit_message" time="0.048" /><testcase classname="backend.tests.test_emergent_ai_teams.TestMessages" name="test_react" time="0.050" /><testcase classname="backend.tests.test_emergent_ai_teams.TestMessages" name="test_pin" time="0.051" /><testcase classname="backend.tests.test_emergent_ai_teams.TestMessages" name="test_delete_message" time="0.098" /><testcase classname="backend.tests.test_emergent_ai_teams.TestAI" name="test_ai_research_real_and_simulated" time="11.618" /><testcase classname="backend.tests.test_emergent_ai_teams.TestAI" name="test_get_research" time="0.051" /><testcase classname="backend.tests.test_emergent_ai_teams.TestAI" name="test_vote_categories" time="0.316" /><testcase classname="backend.tests.test_emergent_ai_teams.TestAI" name="test_select_best" time="0.094" /><testcase classname="backend.tests.test_emergent_ai_teams.TestAI" name="test_synthesize" time="3.082" /><testcase classname="backend.tests.test_emergent_ai_teams.TestAI" name="test_improve_message" time="0.569" /><testcase classname="backend.tests.test_emergent_ai_teams.TestFolders" name="test_create_folder" time="0.053" /><testcase classname="backend.tests.test_emergent_ai_teams.TestFolders" name="test_list_folders" time="0.053" /><testcase classname="backend.tests.test_emergent_ai_teams.TestFolders" name="test_save_research" time="0.050" /><testcase classname="backend.tests.test_emergent_ai_teams.TestFolders" name="test_get_folder_details" time="0.047" /><testcase classname="backend.tests.test_emergent_ai_teams.TestTasks" name="test_create_task_with_reminder" time="0.693" /><testcase classname="backend.tests.test_emergent_ai_teams.TestTasks" name="test_list_tasks_all" time="0.050" /><testcase classname="backend.tests.test_emergent_ai_teams.TestTasks" name="test_list_tasks_mine" time="0.051" /><testcase classname="backend.tests.test_emergent_ai_teams.TestTasks" name="test_update_task" time="0.048" /><testcase classname="backend.tests.test_emergent_ai_teams.TestTasks" name="test_delete_task" time="0.098" /><testcase classname="backend.tests.test_emergent_ai_teams.TestDashboard" name="test_dashboard" time="0.055" /><testcase classname="backend.tests.test_emergent_ai_teams.TestWebSocket" name="test_ws_broadcast" time="0.822" /><testcase classname="backend.tests.test_extract_task" name="test_extract_task_real_message" time="2.173" /><testcase classname="backend.tests.test_extract_task" name="test_extract_task_garbage_returns_fallback" time="1.198" /><testcase classname="backend.tests.test_extract_task" name="test_extract_task_invalid_assignee_sanitized" time="1.142" /><testcase classname="backend.tests.test_extract_task" name="test_extract_task_requires_auth" time="0.098" /><testcase classname="backend.tests.test_extract_task" name="test_task_assigned_creates_reminder_and_shows_in_mine" time="0.945" /><testcase classname="backend.tests.test_iteration2_features.TestUploads" name="test_upload_text_file" time="0.365" /><testcase classname="backend.tests.test_iteration2_features.TestUploads" name="test_upload_image_file" time="0.243" /><testcase classname="backend.tests.test_iteration2_features.TestUploads" name="test_upload_rejects_bad_ext" time="0.150" /><testcase classname="backend.tests.test_iteration2_features.TestUploads" name="test_upload_rejects_too_large" time="0.769" /><testcase classname="backend.tests.test_iteration2_features.TestUploads" name="test_upload_requires_auth" time="0.111" /><testcase classname="backend.tests.test_iteration2_features.TestFileDownload" name="test_download_with_bearer" time="0.203" /><testcase classname="backend.tests.test_iteration2_features.TestFileDownload" name="test_download_with_query_auth" time="0.204" /><testcase classname="backend.tests.test_iteration2_features.TestFileDownload" name="test_download_no_auth" time="0.165" /><testcase classname="backend.tests.test_iteration2_features.TestFileDownload" name="test_download_cross_workspace_forbidden" time="0.650" /><testcase classname="backend.tests.test_iteration2_features.TestFileDownload" name="test_download_nonexistent" time="0.130" /><testcase classname="backend.tests.test_iteration2_features.TestRealAIModels" name="test_perplexity_grok_real_responses" time="42.096" /><testcase classname="backend.tests.test_iteration2_features.TestRealAIModels" name="test_deepseek_402_handled_gracefully" time="45.421" /><testcase classname="backend.tests.test_iteration2_features.TestShareSnapshot" name="test_create_share_link" time="12.356" /><testcase classname="backend.tests.test_iteration2_features.TestShareSnapshot" name="test_share_idempotent" time="0.130" /><testcase classname="backend.tests.test_iteration2_features.TestShareSnapshot" name="test_share_forbidden_for_outsider" time="0.127" /><testcase classname="backend.tests.test_iteration2_features.TestShareSnapshot" name="test_public_snapshot_no_auth" time="0.135" /><testcase classname="backend.tests.test_iteration2_features.TestShareSnapshot" name="test_revoke_share_link" time="0.213" /><testcase classname="backend.tests.test_iteration2_features.TestShareSnapshot" name="test_invalid_token_404" time="0.111" /><testcase classname="backend.tests.test_iteration2_features.TestBrand" name="test_root_brand" time="0.332" /></testsuite></testsuites>