<?xml version="1.0" encoding="utf-8"?><testsuites name="pytest tests"><testsuite name="pytest" errors="0" failures="0" skipped="1" tests="6" time="3.760" timestamp="2026-07-21T20:48:44.513651+00:00" hostname="agent-env-015c1b3c-39a0-4720-9273-5bbaa5379a8f"><testcase classname="tests.test_iteration113_extended" name="test_member_cannot_access_governance" time="0.541" /><testcase classname="tests.test_iteration113_extended" name="test_owner_can_crud_caps_including_delete" time="0.728" /><testcase classname="tests.test_iteration113_extended" name="test_student_checkout_blocked_before_edu_for_fresh_user" time="0.128"><skipped type="pytest.skip" message="signup unavailable: 403 {&quot;detail&quot;:&quot;invite_required&quot;}">/app/backend/tests/test_iteration113_extended.py:69: signup unavailable: 403 {"detail":"invite_required"}</skipped></testcase><testcase classname="tests.test_iteration113_student_credit_governance" name="test_student_plan_listed" time="0.119" /><testcase classname="tests.test_iteration113_student_credit_governance" name="test_edu_verification_and_student_checkout" time="1.472" /><testcase classname="tests.test_iteration113_student_credit_governance" name="test_credit_governance_caps_block_and_reset" time="0.729" /></testsuite></testsuites>