<?xml version="1.0" encoding="utf-8"?><testsuites name="pytest tests"><testsuite name="pytest" errors="0" failures="0" skipped="0" tests="7" time="2.004" timestamp="2026-08-07T05:15:03.913414+00:00" hostname="agent-env-015c1b3c-39a0-4720-9273-5bbaa5379a8f"><testcase classname="tests.test_iteration135_iap_revenuecat.TestIapConfigRegisterSync" name="test_config_returns_catalog" time="0.466" /><testcase classname="tests.test_iteration135_iap_revenuecat.TestIapConfigRegisterSync" name="test_register_links_app_user_id_and_workspace" time="0.099" /><testcase classname="tests.test_iteration135_iap_revenuecat.TestIapConfigRegisterSync" name="test_sync_no_secret_returns_fallback" time="0.051" /><testcase classname="tests.test_iteration135_iap_revenuecat.TestWebhookGuardrails" name="test_missing_auth_returns_401" time="0.097" /><testcase classname="tests.test_iteration135_iap_revenuecat.TestWebhookGuardrails" name="test_wrong_auth_returns_401" time="0.103" /><testcase classname="tests.test_iteration135_iap_revenuecat.TestWebhookGuardrails" name="test_malformed_event_returns_400" time="0.103" /><testcase classname="tests.test_iteration135_iap_revenuecat.TestWebhookLifecycle" name="test_full_lifecycle" time="1.062" /></testsuite></testsuites>