<?xml version="1.0" encoding="utf-8"?><testsuites name="pytest tests"><testsuite name="pytest" errors="0" failures="0" skipped="0" tests="12" time="2.461" timestamp="2026-06-21T02:33:23.094476+00:00" hostname="agent-env-6adf17d4-6bc2-4eec-b3a8-7ea289157f31"><testcase classname="backend.tests.test_iteration57_bigbatch.TestGovernancePolicy" name="test_get_governance_includes_new_keys" time="0.524" /><testcase classname="backend.tests.test_iteration57_bigbatch.TestGovernancePolicy" name="test_put_governance_persists_new_fields" time="0.167" /><testcase classname="backend.tests.test_iteration57_bigbatch.TestChatViewerPermissions" name="test_creator_cannot_be_made_viewer" time="0.978" /><testcase classname="backend.tests.test_iteration57_bigbatch.TestChatViewerPermissions" name="test_non_admin_cannot_toggle_viewer" time="0.053" /><testcase classname="backend.tests.test_iteration57_bigbatch.TestChatViewerPermissions" name="test_make_viewer_then_block_post_then_restore" time="0.205" /><testcase classname="backend.tests.test_iteration57_bigbatch.TestChatViewerPermissions" name="test_admin_bypasses_viewer_check" time="0.170" /><testcase classname="backend.tests.test_iteration57_bigbatch.TestResendService" name="test_send_email_not_configured" time="0.321" /><testcase classname="backend.tests.test_iteration57_bigbatch.TestQuietHoursGuard" name="test_nightly_scan_has_quiet_hours_check" time="0.000" /><testcase classname="backend.tests.test_iteration57_bigbatch.TestOneSignalArtifacts" name="test_onesignal_lib_exports" time="0.000" /><testcase classname="backend.tests.test_iteration57_bigbatch.TestOneSignalArtifacts" name="test_worker_file_exists" time="0.000" /><testcase classname="backend.tests.test_iteration57_bigbatch.TestOneSignalArtifacts" name="test_env_has_onesignal_app_id" time="0.000" /><testcase classname="backend.tests.test_iteration57_bigbatch.TestOneSignalArtifacts" name="test_authcontext_binds_onesignal" time="0.002" /></testsuite></testsuites>