<?xml version="1.0" encoding="utf-8"?><testsuites name="pytest tests"><testsuite name="pytest" errors="10" failures="6" skipped="2" tests="209" time="318.175" timestamp="2026-05-15T16:33:33.440451+00:00" hostname="agent-env-6adf17d4-6bc2-4eec-b3a8-7ea289157f31"><testcase classname="tests.test_auto_finalize_research.TestAutoFinalize" name="test_thread_marked_complete_and_auto_synthesized" time="17.252" /><testcase classname="tests.test_auto_finalize_research.TestAutoFinalize" name="test_exactly_one_response_marked_best" time="0.000" /><testcase classname="tests.test_auto_finalize_research.TestAutoFinalize" name="test_chat_has_synthesized_ai_answer_message" time="0.191" /><testcase classname="tests.test_auto_finalize_research.TestAutoFinalize" name="test_get_research_returns_final_answer" time="0.208" /><testcase classname="tests.test_auto_finalize_research.TestSelectBestResynthesize" name="test_select_different_best_triggers_resynth" time="8.683" /><testcase classname="tests.test_auto_finalize_research.TestSelectBestResynthesize" name="test_select_best_resynthesize_false_skips_msg" time="1.392" /><testcase classname="tests.test_auto_finalize_research.TestInlineAICommandAutoFinalize" name="test_inline_ai_command_posts_synthesized_answer" time="5.778" /><testcase classname="tests.test_emergent_ai_teams.TestHealth" name="test_root" time="0.317" /><testcase classname="tests.test_emergent_ai_teams.TestAuth" name="test_demo_login" time="0.081" /><testcase classname="tests.test_emergent_ai_teams.TestAuth" name="test_login_seeded_user" time="0.298" /><testcase classname="tests.test_emergent_ai_teams.TestAuth" name="test_login_invalid" time="0.299" /><testcase classname="tests.test_emergent_ai_teams.TestAuth" name="test_signup_new_user" time="0.304" /><testcase classname="tests.test_emergent_ai_teams.TestAuth" name="test_me" time="0.092" /><testcase classname="tests.test_emergent_ai_teams.TestAuth" name="test_me_no_token" time="0.192" /><testcase classname="tests.test_emergent_ai_teams.TestWorkspace" name="test_get_workspace" time="0.080" /><testcase classname="tests.test_emergent_ai_teams.TestWorkspace" name="test_members" time="0.085" /><testcase classname="tests.test_emergent_ai_teams.TestWorkspace" name="test_invite" time="0.323" /><testcase classname="tests.test_emergent_ai_teams.TestChats" name="test_list_chats" time="0.136" /><testcase classname="tests.test_emergent_ai_teams.TestChats" name="test_create_chat" time="0.077" /><testcase classname="tests.test_emergent_ai_teams.TestMessages" name="test_send_message" time="0.081" /><testcase classname="tests.test_emergent_ai_teams.TestMessages" name="test_list_messages" time="0.077" /><testcase classname="tests.test_emergent_ai_teams.TestMessages" name="test_edit_message" time="0.087" /><testcase classname="tests.test_emergent_ai_teams.TestMessages" name="test_react" time="0.084" /><testcase classname="tests.test_emergent_ai_teams.TestMessages" name="test_pin" time="0.081" /><testcase classname="tests.test_emergent_ai_teams.TestMessages" name="test_delete_message" time="0.160" /><testcase classname="tests.test_emergent_ai_teams.TestAI" name="test_ai_research_real_and_simulated" time="17.342" /><testcase classname="tests.test_emergent_ai_teams.TestAI" name="test_get_research" time="0.081" /><testcase classname="tests.test_emergent_ai_teams.TestAI" name="test_vote_categories" time="0.407" /><testcase classname="tests.test_emergent_ai_teams.TestAI" name="test_select_best" time="11.572" /><testcase classname="tests.test_emergent_ai_teams.TestAI" name="test_synthesize" time="4.253" /><testcase classname="tests.test_emergent_ai_teams.TestAI" name="test_improve_message" time="0.648" /><testcase classname="tests.test_emergent_ai_teams.TestFolders" name="test_create_folder" time="0.077" /><testcase classname="tests.test_emergent_ai_teams.TestFolders" name="test_list_folders" time="0.081" /><testcase classname="tests.test_emergent_ai_teams.TestFolders" name="test_save_research" time="0.114" /><testcase classname="tests.test_emergent_ai_teams.TestFolders" name="test_get_folder_details" time="0.081" /><testcase classname="tests.test_emergent_ai_teams.TestTasks" name="test_create_task_with_reminder" time="0.934" /><testcase classname="tests.test_emergent_ai_teams.TestTasks" name="test_list_tasks_all" time="0.084" /><testcase classname="tests.test_emergent_ai_teams.TestTasks" name="test_list_tasks_mine" time="0.083" /><testcase classname="tests.test_emergent_ai_teams.TestTasks" name="test_update_task" time="0.083" /><testcase classname="tests.test_emergent_ai_teams.TestTasks" name="test_delete_task" time="0.163" /><testcase classname="tests.test_emergent_ai_teams.TestDashboard" name="test_dashboard" time="0.095" /><testcase classname="tests.test_emergent_ai_teams.TestWebSocket" name="test_ws_broadcast" time="1.073" /><testcase classname="tests.test_extract_task" name="test_extract_task_real_message" time="1.829" /><testcase classname="tests.test_extract_task" name="test_extract_task_garbage_returns_fallback" time="1.723" /><testcase classname="tests.test_extract_task" name="test_extract_task_invalid_assignee_sanitized" time="1.688" /><testcase classname="tests.test_extract_task" name="test_extract_task_requires_auth" time="0.193" /><testcase classname="tests.test_extract_task" name="test_task_assigned_creates_reminder_and_shows_in_mine" time="1.348" /><testcase classname="tests.test_integrations.TestIntegrations" name="test_empty_list_on_new_chat" time="0.702" /><testcase classname="tests.test_integrations.TestIntegrations" name="test_create_incoming_webhook" time="0.163" /><testcase classname="tests.test_integrations.TestIntegrations" name="test_api_fetch_type_requires_url" time="0.184" /><testcase classname="tests.test_integrations.TestIntegrations" name="test_api_fetch_type_create_ok" time="0.169" /><testcase classname="tests.test_integrations.TestIntegrations" name="test_list_now_has_two" time="0.184" /><testcase classname="tests.test_integrations.TestIntegrations" name="test_public_webhook_post_creates_message" time="0.525" /><testcase classname="tests.test_integrations.TestIntegrations" name="test_public_webhook_invalid_token_404" time="0.190" /><testcase classname="tests.test_integrations.TestIntegrations" name="test_api_fetch_endpoint_success" time="0.363" /><testcase classname="tests.test_integrations.TestIntegrations" name="test_api_fetch_endpoint_502_on_bad_url" time="0.203" /><testcase classname="tests.test_integrations.TestIntegrations" name="test_delete_integration_and_webhook_404" time="0.345" /><testcase classname="tests.test_iteration10_referrals.TestPublicUserFields" name="test_me_has_referral_fields" time="0.330" /><testcase classname="tests.test_iteration10_referrals.TestRedeemFlow" name="test_redeem_grants_boost_and_increments_inviter" time="0.929" /><testcase classname="tests.test_iteration10_referrals.TestMyReferrals" name="test_inviter_referrals_payload" time="0.183" /><testcase classname="tests.test_iteration10_referrals.TestMyReferrals" name="test_joiner_referrals_payload_shows_boost" time="0.165" /><testcase classname="tests.test_iteration10_referrals.TestProgressBoundaries" name="test_next_badge_boundaries[0-bronze-1]" time="1.962" /><testcase classname="tests.test_iteration10_referrals.TestProgressBoundaries" name="test_next_badge_boundaries[1-silver-4]" time="0.000" /><testcase classname="tests.test_iteration10_referrals.TestProgressBoundaries" name="test_next_badge_boundaries[4-silver-1]" time="0.000" /><testcase classname="tests.test_iteration10_referrals.TestProgressBoundaries" name="test_next_badge_boundaries[5-gold-10]" time="0.000" /><testcase classname="tests.test_iteration10_referrals.TestProgressBoundaries" name="test_next_badge_boundaries[14-gold-1]" time="0.000" /><testcase classname="tests.test_iteration10_referrals.TestProgressBoundaries" name="test_next_badge_boundaries[15-platinum-35]" time="0.000" /><testcase classname="tests.test_iteration10_referrals.TestProgressBoundaries" name="test_next_badge_boundaries[49-platinum-1]" time="0.000" /><testcase classname="tests.test_iteration10_referrals.TestProgressBoundaries" name="test_next_badge_boundaries[50-None-0]" time="0.000" /><testcase classname="tests.test_iteration10_referrals.TestProgressBoundaries" name="test_next_badge_boundaries[100-None-0]" time="0.000" /><testcase classname="tests.test_iteration10_referrals.TestProgressBoundaries" name="test_badge_tiers[0-None]" time="0.000" /><testcase classname="tests.test_iteration10_referrals.TestProgressBoundaries" name="test_badge_tiers[1-bronze]" time="0.000" /><testcase classname="tests.test_iteration10_referrals.TestProgressBoundaries" name="test_badge_tiers[4-bronze]" time="0.000" /><testcase classname="tests.test_iteration10_referrals.TestProgressBoundaries" name="test_badge_tiers[5-silver]" time="0.000" /><testcase classname="tests.test_iteration10_referrals.TestProgressBoundaries" name="test_badge_tiers[14-silver]" time="0.000" /><testcase classname="tests.test_iteration10_referrals.TestProgressBoundaries" name="test_badge_tiers[15-gold]" time="0.000" /><testcase classname="tests.test_iteration10_referrals.TestProgressBoundaries" name="test_badge_tiers[49-gold]" time="0.000" /><testcase classname="tests.test_iteration10_referrals.TestProgressBoundaries" name="test_badge_tiers[50-platinum]" time="0.000" /><testcase classname="tests.test_iteration10_referrals.TestProgressBoundaries" name="test_badge_tiers[500-platinum]" time="0.000" /><testcase classname="tests.test_iteration10_referrals.TestLeaderboard" name="test_workspace_scope" time="0.163" /><testcase classname="tests.test_iteration10_referrals.TestLeaderboard" name="test_global_scope" time="0.356" /><testcase classname="tests.test_iteration10_referrals.TestLeaderboard" name="test_limit_cap" time="0.185" /><testcase classname="tests.test_iteration10_referrals.TestLeaderboard" name="test_default_limit_is_10" time="0.183" /><testcase classname="tests.test_iteration10_referrals.TestNoRegression" name="test_invite_link_still_returns_token" time="0.000" /><testcase classname="tests.test_iteration11_phase2a.TestVoiceNotes" name="test_upload_voice_note" time="0.906" /><testcase classname="tests.test_iteration11_phase2a.TestVoiceNotes" name="test_get_voice_note_file_bytes" time="0.296" /><testcase classname="tests.test_iteration11_phase2a.TestVoiceNotes" name="test_transcribe_then_cached" time="8.042" /><testcase classname="tests.test_iteration11_phase2a.TestVoiceNotes" name="test_voice_note_summarize_returns_markdown" time="0.172" /><testcase classname="tests.test_iteration11_phase2a.TestApprovals" name="test_create_draft_when_no_reviewers" time="0.176" /><testcase classname="tests.test_iteration11_phase2a.TestApprovals" name="test_create_needs_review_when_reviewers" time="0.546" /><testcase classname="tests.test_iteration11_phase2a.TestApprovals" name="test_list_filter_status" time="0.198" /><testcase classname="tests.test_iteration11_phase2a.TestApprovals" name="test_edit_increments_version" time="0.197" /><testcase classname="tests.test_iteration11_phase2a.TestApprovals" name="test_edit_adding_reviewers_flips_to_needs_review" time="0.161" /><testcase classname="tests.test_iteration11_phase2a.TestApprovals" name="test_non_reviewer_cannot_decide" time="0.743" /><testcase classname="tests.test_iteration11_phase2a.TestApprovals" name="test_reviewer_can_approve_locks_it" time="0.181" /><testcase classname="tests.test_iteration11_phase2a.TestApprovals" name="test_locked_approval_cannot_be_edited" time="0.195" /><testcase classname="tests.test_iteration11_phase2a.TestApprovals" name="test_locked_approval_further_decisions_fail" time="0.183" /><testcase classname="tests.test_iteration11_phase2a.TestApprovals" name="test_edit_after_approved_via_unlock" time="0.519" /><testcase classname="tests.test_iteration11_phase2a.TestExports" name="test_export_research_pdf" time="0.174" /><testcase classname="tests.test_iteration11_phase2a.TestExports" name="test_export_research_docx" time="0.180" /><testcase classname="tests.test_iteration11_phase2a.TestExports" name="test_export_approval_pdf" time="0.182" /><testcase classname="tests.test_iteration11_phase2a.TestExports" name="test_export_approval_docx" time="0.205" /><testcase classname="tests.test_iteration11_phase2a.TestExports" name="test_export_invalid_format" time="0.173" /><testcase classname="tests.test_iteration11_phase2a.TestAdminDashboard" name="test_admin_overview_keys" time="0.213" /><testcase classname="tests.test_iteration11_phase2a.TestAdminDashboard" name="test_admin_overview_non_admin_forbidden" time="0.167" /><testcase classname="tests.test_iteration11_phase2a.TestAdminDashboard" name="test_admin_users_list" time="0.181" /><testcase classname="tests.test_iteration11_phase2a.TestAdminDashboard" name="test_admin_users_non_admin_forbidden" time="0.172" /><testcase classname="tests.test_iteration11_phase2a.TestAdminDashboard" name="test_admin_patch_user_role" time="0.377" /><testcase classname="tests.test_iteration11_phase2a.TestAdminDashboard" name="test_admin_cannot_disable_self" time="0.267" /><testcase classname="tests.test_iteration11_phase2a.TestAdminDashboard" name="test_admin_cannot_demote_only_owner" time="0.537" /><testcase classname="tests.test_iteration11_phase2a.TestAdminDashboard" name="test_admin_task_analytics" time="0.159" /><testcase classname="tests.test_iteration11_phase2a.TestAdminDashboard" name="test_admin_task_analytics_forbidden" time="0.161" /><testcase classname="tests.test_iteration11_phase2a.TestAdminDashboard" name="test_admin_approvals_analytics" time="0.168" /><testcase classname="tests.test_iteration11_phase2a.TestAdminDashboard" name="test_admin_approvals_analytics_forbidden" time="0.167" /><testcase classname="tests.test_iteration11_phase2a.TestRegression" name="test_auth_me_still_works" time="0.166" /><testcase classname="tests.test_iteration11_phase2a.TestRegression" name="test_leaderboard_still_works" time="0.162" /><testcase classname="tests.test_iteration11_phase2a.TestRegression" name="test_my_referrals_still_works" time="0.189" /><testcase classname="tests.test_iteration13_calls.TestCallConfig" name="test_config_configured_and_url" time="2.069" /><testcase classname="tests.test_iteration13_calls.TestCallConfig" name="test_config_requires_auth" time="0.196" /><testcase classname="tests.test_iteration13_calls.TestCallStart" name="test_start_audio_creates_call" time="0.377" /><testcase classname="tests.test_iteration13_calls.TestCallStart" name="test_start_second_time_returns_rejoined" time="0.193" /><testcase classname="tests.test_iteration13_calls.TestCallStart" name="test_start_invalid_chat_404" time="0.184" /><testcase classname="tests.test_iteration13_calls.TestCallJoin" name="test_join_invalid_call_returns_404" time="0.170" /><testcase classname="tests.test_iteration13_calls.TestCallJoin" name="test_join_by_different_user_adds_participant" time="0.375" /><testcase classname="tests.test_iteration13_calls.TestCallJoin" name="test_join_after_end_returns_400" time="40.997" /><testcase classname="tests.test_iteration13_calls.TestCallEnd" name="test_non_initiator_end_only_marks_self" time="12.600" /><testcase classname="tests.test_iteration13_calls.TestCallEnd" name="test_initiator_end_ends_call_and_posts_card" time="16.802" /><testcase classname="tests.test_iteration13_calls.TestCallList" name="test_by_chat_returns_reverse_chronological" time="0.135" /><testcase classname="tests.test_iteration13_calls.TestCallList" name="test_by_chat_invalid_404" time="0.127" /><testcase classname="tests.test_iteration13_calls.TestWebhook" name="test_webhook_no_auth_returns_401" time="0.108" /><testcase classname="tests.test_iteration13_calls.TestWebhook" name="test_webhook_bad_auth_returns_401" time="0.497" /><testcase classname="tests.test_iteration14_phase2c.TestDemoSeed" name="test_max_brenner_call_seeded" time="0.348"><error message="failed on setup with &quot;AssertionError: expected demo-seeded Max Brenner call. got: [('b9f6a3b1-cee3-4812-a057-70fa7ef314ff', 'ended', 'transcript'), ('35f7437c-cb99-4daf-9709-d1af76e964fe', 'ended', None), ('ccc00d3b-0ae4-46c3-a1dc-2dc14488b644', 'ended', None), ('96aca28d-7411-4ec0-9d73-73a648bfcd1e', 'ended', 'transcript'), ('ca825596-ea1c-4d6d-a33d-30851ee4839c', 'ended', 'transcript'), ('486b0de9-05e8-44c6-9a84-e2750d400ee2', 'ended', 'transcript'), ('11bf8762-37e1-4c71-b774-cb00564eb625', 'ended', 'transcript'), ('9f85e434-8ae2-475f-99b3-7d3c41fda57b', 'ended', 'transcript'), ('242702bb-d036-411c-9d64-cfcd3d950528', 'ended', 'transcript'), ('46760148-4958-4e6f-8472-8063bb5b11ff', 'ended', 'transcript'), ('1b2e79e5-8d43-434b-9c75-ca65380413ae', 'ended', 'transcript')]&#10;assert None&quot;">session = &lt;requests.sessions.Session object at 0xff6feae984d0&gt;
max_brenner_chat = {'created_at': '2026-05-12T00:48:16.217072+00:00', 'created_by': '28cb3715-751d-4266-b201-564dfaeddb03', 'default_models': ['chatgpt', 'claude', 'gemini'], 'description': 'Discuss Max Brenner expansion.', ...}

    @pytest.fixture(scope="module")
    def max_call(session, max_brenner_chat):
        r = session.get(f"{BASE_URL}/api/calls/by-chat/{max_brenner_chat['id']}", timeout=30)
        assert r.status_code == 200, r.text
        calls = r.json()
        assert isinstance(calls, list) and len(calls) &gt;= 1
        # The Max Brenner seeded call should be ended with summary
        seeded = next((c for c in calls if c.get("status") == "ended" and (c.get("summary") or {}).get("source") == "demo_seed"), None)
&gt;       assert seeded, f"expected demo-seeded Max Brenner call. got: {[(c['id'], c.get('status'), (c.get('summary') or {}).get('source')) for c in calls]}"
E       AssertionError: expected demo-seeded Max Brenner call. got: [('b9f6a3b1-cee3-4812-a057-70fa7ef314ff', 'ended', 'transcript'), ('35f7437c-cb99-4daf-9709-d1af76e964fe', 'ended', None), ('ccc00d3b-0ae4-46c3-a1dc-2dc14488b644', 'ended', None), ('96aca28d-7411-4ec0-9d73-73a648bfcd1e', 'ended', 'transcript'), ('ca825596-ea1c-4d6d-a33d-30851ee4839c', 'ended', 'transcript'), ('486b0de9-05e8-44c6-9a84-e2750d400ee2', 'ended', 'transcript'), ('11bf8762-37e1-4c71-b774-cb00564eb625', 'ended', 'transcript'), ('9f85e434-8ae2-475f-99b3-7d3c41fda57b', 'ended', 'transcript'), ('242702bb-d036-411c-9d64-cfcd3d950528', 'ended', 'transcript'), ('46760148-4958-4e6f-8472-8063bb5b11ff', 'ended', 'transcript'), ('1b2e79e5-8d43-434b-9c75-ca65380413ae', 'ended', 'transcript')]
E       assert None

tests/test_iteration14_phase2c.py:48: AssertionError</error></testcase><testcase classname="tests.test_iteration14_phase2c.TestDemoSeed" name="test_jay_call_seeded" time="0.203" /><testcase classname="tests.test_iteration14_phase2c.TestDemoSeed" name="test_approvals_seeded" time="0.156" /><testcase classname="tests.test_iteration14_phase2c.TestDemoSeed" name="test_overdue_task_seeded" time="0.162" /><testcase classname="tests.test_iteration14_phase2c.TestSummary" name="test_summary_cached_returns_true" time="0.000"><error message="failed on setup with &quot;AssertionError: expected demo-seeded Max Brenner call. got: [('b9f6a3b1-cee3-4812-a057-70fa7ef314ff', 'ended', 'transcript'), ('35f7437c-cb99-4daf-9709-d1af76e964fe', 'ended', None), ('ccc00d3b-0ae4-46c3-a1dc-2dc14488b644', 'ended', None), ('96aca28d-7411-4ec0-9d73-73a648bfcd1e', 'ended', 'transcript'), ('ca825596-ea1c-4d6d-a33d-30851ee4839c', 'ended', 'transcript'), ('486b0de9-05e8-44c6-9a84-e2750d400ee2', 'ended', 'transcript'), ('11bf8762-37e1-4c71-b774-cb00564eb625', 'ended', 'transcript'), ('9f85e434-8ae2-475f-99b3-7d3c41fda57b', 'ended', 'transcript'), ('242702bb-d036-411c-9d64-cfcd3d950528', 'ended', 'transcript'), ('46760148-4958-4e6f-8472-8063bb5b11ff', 'ended', 'transcript'), ('1b2e79e5-8d43-434b-9c75-ca65380413ae', 'ended', 'transcript')]&#10;assert None&quot;">session = &lt;requests.sessions.Session object at 0xff6feae984d0&gt;
max_brenner_chat = {'created_at': '2026-05-12T00:48:16.217072+00:00', 'created_by': '28cb3715-751d-4266-b201-564dfaeddb03', 'default_models': ['chatgpt', 'claude', 'gemini'], 'description': 'Discuss Max Brenner expansion.', ...}

    @pytest.fixture(scope="module")
    def max_call(session, max_brenner_chat):
        r = session.get(f"{BASE_URL}/api/calls/by-chat/{max_brenner_chat['id']}", timeout=30)
        assert r.status_code == 200, r.text
        calls = r.json()
        assert isinstance(calls, list) and len(calls) &gt;= 1
        # The Max Brenner seeded call should be ended with summary
        seeded = next((c for c in calls if c.get("status") == "ended" and (c.get("summary") or {}).get("source") == "demo_seed"), None)
&gt;       assert seeded, f"expected demo-seeded Max Brenner call. got: {[(c['id'], c.get('status'), (c.get('summary') or {}).get('source')) for c in calls]}"
E       AssertionError: expected demo-seeded Max Brenner call. got: [('b9f6a3b1-cee3-4812-a057-70fa7ef314ff', 'ended', 'transcript'), ('35f7437c-cb99-4daf-9709-d1af76e964fe', 'ended', None), ('ccc00d3b-0ae4-46c3-a1dc-2dc14488b644', 'ended', None), ('96aca28d-7411-4ec0-9d73-73a648bfcd1e', 'ended', 'transcript'), ('ca825596-ea1c-4d6d-a33d-30851ee4839c', 'ended', 'transcript'), ('486b0de9-05e8-44c6-9a84-e2750d400ee2', 'ended', 'transcript'), ('11bf8762-37e1-4c71-b774-cb00564eb625', 'ended', 'transcript'), ('9f85e434-8ae2-475f-99b3-7d3c41fda57b', 'ended', 'transcript'), ('242702bb-d036-411c-9d64-cfcd3d950528', 'ended', 'transcript'), ('46760148-4958-4e6f-8472-8063bb5b11ff', 'ended', 'transcript'), ('1b2e79e5-8d43-434b-9c75-ca65380413ae', 'ended', 'transcript')]
E       assert None

tests/test_iteration14_phase2c.py:48: AssertionError</error></testcase><testcase classname="tests.test_iteration14_phase2c.TestSummary" name="test_summary_regenerate_forces_fresh" time="0.000"><error message="failed on setup with &quot;AssertionError: expected demo-seeded Max Brenner call. got: [('b9f6a3b1-cee3-4812-a057-70fa7ef314ff', 'ended', 'transcript'), ('35f7437c-cb99-4daf-9709-d1af76e964fe', 'ended', None), ('ccc00d3b-0ae4-46c3-a1dc-2dc14488b644', 'ended', None), ('96aca28d-7411-4ec0-9d73-73a648bfcd1e', 'ended', 'transcript'), ('ca825596-ea1c-4d6d-a33d-30851ee4839c', 'ended', 'transcript'), ('486b0de9-05e8-44c6-9a84-e2750d400ee2', 'ended', 'transcript'), ('11bf8762-37e1-4c71-b774-cb00564eb625', 'ended', 'transcript'), ('9f85e434-8ae2-475f-99b3-7d3c41fda57b', 'ended', 'transcript'), ('242702bb-d036-411c-9d64-cfcd3d950528', 'ended', 'transcript'), ('46760148-4958-4e6f-8472-8063bb5b11ff', 'ended', 'transcript'), ('1b2e79e5-8d43-434b-9c75-ca65380413ae', 'ended', 'transcript')]&#10;assert None&quot;">session = &lt;requests.sessions.Session object at 0xff6feae984d0&gt;
max_brenner_chat = {'created_at': '2026-05-12T00:48:16.217072+00:00', 'created_by': '28cb3715-751d-4266-b201-564dfaeddb03', 'default_models': ['chatgpt', 'claude', 'gemini'], 'description': 'Discuss Max Brenner expansion.', ...}

    @pytest.fixture(scope="module")
    def max_call(session, max_brenner_chat):
        r = session.get(f"{BASE_URL}/api/calls/by-chat/{max_brenner_chat['id']}", timeout=30)
        assert r.status_code == 200, r.text
        calls = r.json()
        assert isinstance(calls, list) and len(calls) &gt;= 1
        # The Max Brenner seeded call should be ended with summary
        seeded = next((c for c in calls if c.get("status") == "ended" and (c.get("summary") or {}).get("source") == "demo_seed"), None)
&gt;       assert seeded, f"expected demo-seeded Max Brenner call. got: {[(c['id'], c.get('status'), (c.get('summary') or {}).get('source')) for c in calls]}"
E       AssertionError: expected demo-seeded Max Brenner call. got: [('b9f6a3b1-cee3-4812-a057-70fa7ef314ff', 'ended', 'transcript'), ('35f7437c-cb99-4daf-9709-d1af76e964fe', 'ended', None), ('ccc00d3b-0ae4-46c3-a1dc-2dc14488b644', 'ended', None), ('96aca28d-7411-4ec0-9d73-73a648bfcd1e', 'ended', 'transcript'), ('ca825596-ea1c-4d6d-a33d-30851ee4839c', 'ended', 'transcript'), ('486b0de9-05e8-44c6-9a84-e2750d400ee2', 'ended', 'transcript'), ('11bf8762-37e1-4c71-b774-cb00564eb625', 'ended', 'transcript'), ('9f85e434-8ae2-475f-99b3-7d3c41fda57b', 'ended', 'transcript'), ('242702bb-d036-411c-9d64-cfcd3d950528', 'ended', 'transcript'), ('46760148-4958-4e6f-8472-8063bb5b11ff', 'ended', 'transcript'), ('1b2e79e5-8d43-434b-9c75-ca65380413ae', 'ended', 'transcript')]
E       assert None

tests/test_iteration14_phase2c.py:48: AssertionError</error></testcase><testcase classname="tests.test_iteration14_phase2c.TestSummary" name="test_summary_second_call_cached" time="0.000"><error message="failed on setup with &quot;AssertionError: expected demo-seeded Max Brenner call. got: [('b9f6a3b1-cee3-4812-a057-70fa7ef314ff', 'ended', 'transcript'), ('35f7437c-cb99-4daf-9709-d1af76e964fe', 'ended', None), ('ccc00d3b-0ae4-46c3-a1dc-2dc14488b644', 'ended', None), ('96aca28d-7411-4ec0-9d73-73a648bfcd1e', 'ended', 'transcript'), ('ca825596-ea1c-4d6d-a33d-30851ee4839c', 'ended', 'transcript'), ('486b0de9-05e8-44c6-9a84-e2750d400ee2', 'ended', 'transcript'), ('11bf8762-37e1-4c71-b774-cb00564eb625', 'ended', 'transcript'), ('9f85e434-8ae2-475f-99b3-7d3c41fda57b', 'ended', 'transcript'), ('242702bb-d036-411c-9d64-cfcd3d950528', 'ended', 'transcript'), ('46760148-4958-4e6f-8472-8063bb5b11ff', 'ended', 'transcript'), ('1b2e79e5-8d43-434b-9c75-ca65380413ae', 'ended', 'transcript')]&#10;assert None&quot;">session = &lt;requests.sessions.Session object at 0xff6feae984d0&gt;
max_brenner_chat = {'created_at': '2026-05-12T00:48:16.217072+00:00', 'created_by': '28cb3715-751d-4266-b201-564dfaeddb03', 'default_models': ['chatgpt', 'claude', 'gemini'], 'description': 'Discuss Max Brenner expansion.', ...}

    @pytest.fixture(scope="module")
    def max_call(session, max_brenner_chat):
        r = session.get(f"{BASE_URL}/api/calls/by-chat/{max_brenner_chat['id']}", timeout=30)
        assert r.status_code == 200, r.text
        calls = r.json()
        assert isinstance(calls, list) and len(calls) &gt;= 1
        # The Max Brenner seeded call should be ended with summary
        seeded = next((c for c in calls if c.get("status") == "ended" and (c.get("summary") or {}).get("source") == "demo_seed"), None)
&gt;       assert seeded, f"expected demo-seeded Max Brenner call. got: {[(c['id'], c.get('status'), (c.get('summary') or {}).get('source')) for c in calls]}"
E       AssertionError: expected demo-seeded Max Brenner call. got: [('b9f6a3b1-cee3-4812-a057-70fa7ef314ff', 'ended', 'transcript'), ('35f7437c-cb99-4daf-9709-d1af76e964fe', 'ended', None), ('ccc00d3b-0ae4-46c3-a1dc-2dc14488b644', 'ended', None), ('96aca28d-7411-4ec0-9d73-73a648bfcd1e', 'ended', 'transcript'), ('ca825596-ea1c-4d6d-a33d-30851ee4839c', 'ended', 'transcript'), ('486b0de9-05e8-44c6-9a84-e2750d400ee2', 'ended', 'transcript'), ('11bf8762-37e1-4c71-b774-cb00564eb625', 'ended', 'transcript'), ('9f85e434-8ae2-475f-99b3-7d3c41fda57b', 'ended', 'transcript'), ('242702bb-d036-411c-9d64-cfcd3d950528', 'ended', 'transcript'), ('46760148-4958-4e6f-8472-8063bb5b11ff', 'ended', 'transcript'), ('1b2e79e5-8d43-434b-9c75-ca65380413ae', 'ended', 'transcript')]
E       assert None

tests/test_iteration14_phase2c.py:48: AssertionError</error></testcase><testcase classname="tests.test_iteration14_phase2c.TestEdit" name="test_patch_summary_markdown" time="0.000"><error message="failed on setup with &quot;AssertionError: expected demo-seeded Max Brenner call. got: [('b9f6a3b1-cee3-4812-a057-70fa7ef314ff', 'ended', 'transcript'), ('35f7437c-cb99-4daf-9709-d1af76e964fe', 'ended', None), ('ccc00d3b-0ae4-46c3-a1dc-2dc14488b644', 'ended', None), ('96aca28d-7411-4ec0-9d73-73a648bfcd1e', 'ended', 'transcript'), ('ca825596-ea1c-4d6d-a33d-30851ee4839c', 'ended', 'transcript'), ('486b0de9-05e8-44c6-9a84-e2750d400ee2', 'ended', 'transcript'), ('11bf8762-37e1-4c71-b774-cb00564eb625', 'ended', 'transcript'), ('9f85e434-8ae2-475f-99b3-7d3c41fda57b', 'ended', 'transcript'), ('242702bb-d036-411c-9d64-cfcd3d950528', 'ended', 'transcript'), ('46760148-4958-4e6f-8472-8063bb5b11ff', 'ended', 'transcript'), ('1b2e79e5-8d43-434b-9c75-ca65380413ae', 'ended', 'transcript')]&#10;assert None&quot;">session = &lt;requests.sessions.Session object at 0xff6feae984d0&gt;
max_brenner_chat = {'created_at': '2026-05-12T00:48:16.217072+00:00', 'created_by': '28cb3715-751d-4266-b201-564dfaeddb03', 'default_models': ['chatgpt', 'claude', 'gemini'], 'description': 'Discuss Max Brenner expansion.', ...}

    @pytest.fixture(scope="module")
    def max_call(session, max_brenner_chat):
        r = session.get(f"{BASE_URL}/api/calls/by-chat/{max_brenner_chat['id']}", timeout=30)
        assert r.status_code == 200, r.text
        calls = r.json()
        assert isinstance(calls, list) and len(calls) &gt;= 1
        # The Max Brenner seeded call should be ended with summary
        seeded = next((c for c in calls if c.get("status") == "ended" and (c.get("summary") or {}).get("source") == "demo_seed"), None)
&gt;       assert seeded, f"expected demo-seeded Max Brenner call. got: {[(c['id'], c.get('status'), (c.get('summary') or {}).get('source')) for c in calls]}"
E       AssertionError: expected demo-seeded Max Brenner call. got: [('b9f6a3b1-cee3-4812-a057-70fa7ef314ff', 'ended', 'transcript'), ('35f7437c-cb99-4daf-9709-d1af76e964fe', 'ended', None), ('ccc00d3b-0ae4-46c3-a1dc-2dc14488b644', 'ended', None), ('96aca28d-7411-4ec0-9d73-73a648bfcd1e', 'ended', 'transcript'), ('ca825596-ea1c-4d6d-a33d-30851ee4839c', 'ended', 'transcript'), ('486b0de9-05e8-44c6-9a84-e2750d400ee2', 'ended', 'transcript'), ('11bf8762-37e1-4c71-b774-cb00564eb625', 'ended', 'transcript'), ('9f85e434-8ae2-475f-99b3-7d3c41fda57b', 'ended', 'transcript'), ('242702bb-d036-411c-9d64-cfcd3d950528', 'ended', 'transcript'), ('46760148-4958-4e6f-8472-8063bb5b11ff', 'ended', 'transcript'), ('1b2e79e5-8d43-434b-9c75-ca65380413ae', 'ended', 'transcript')]
E       assert None

tests/test_iteration14_phase2c.py:48: AssertionError</error></testcase><testcase classname="tests.test_iteration14_phase2c.TestEdit" name="test_patch_transcript" time="0.000"><error message="failed on setup with &quot;AssertionError: expected demo-seeded Max Brenner call. got: [('b9f6a3b1-cee3-4812-a057-70fa7ef314ff', 'ended', 'transcript'), ('35f7437c-cb99-4daf-9709-d1af76e964fe', 'ended', None), ('ccc00d3b-0ae4-46c3-a1dc-2dc14488b644', 'ended', None), ('96aca28d-7411-4ec0-9d73-73a648bfcd1e', 'ended', 'transcript'), ('ca825596-ea1c-4d6d-a33d-30851ee4839c', 'ended', 'transcript'), ('486b0de9-05e8-44c6-9a84-e2750d400ee2', 'ended', 'transcript'), ('11bf8762-37e1-4c71-b774-cb00564eb625', 'ended', 'transcript'), ('9f85e434-8ae2-475f-99b3-7d3c41fda57b', 'ended', 'transcript'), ('242702bb-d036-411c-9d64-cfcd3d950528', 'ended', 'transcript'), ('46760148-4958-4e6f-8472-8063bb5b11ff', 'ended', 'transcript'), ('1b2e79e5-8d43-434b-9c75-ca65380413ae', 'ended', 'transcript')]&#10;assert None&quot;">session = &lt;requests.sessions.Session object at 0xff6feae984d0&gt;
max_brenner_chat = {'created_at': '2026-05-12T00:48:16.217072+00:00', 'created_by': '28cb3715-751d-4266-b201-564dfaeddb03', 'default_models': ['chatgpt', 'claude', 'gemini'], 'description': 'Discuss Max Brenner expansion.', ...}

    @pytest.fixture(scope="module")
    def max_call(session, max_brenner_chat):
        r = session.get(f"{BASE_URL}/api/calls/by-chat/{max_brenner_chat['id']}", timeout=30)
        assert r.status_code == 200, r.text
        calls = r.json()
        assert isinstance(calls, list) and len(calls) &gt;= 1
        # The Max Brenner seeded call should be ended with summary
        seeded = next((c for c in calls if c.get("status") == "ended" and (c.get("summary") or {}).get("source") == "demo_seed"), None)
&gt;       assert seeded, f"expected demo-seeded Max Brenner call. got: {[(c['id'], c.get('status'), (c.get('summary') or {}).get('source')) for c in calls]}"
E       AssertionError: expected demo-seeded Max Brenner call. got: [('b9f6a3b1-cee3-4812-a057-70fa7ef314ff', 'ended', 'transcript'), ('35f7437c-cb99-4daf-9709-d1af76e964fe', 'ended', None), ('ccc00d3b-0ae4-46c3-a1dc-2dc14488b644', 'ended', None), ('96aca28d-7411-4ec0-9d73-73a648bfcd1e', 'ended', 'transcript'), ('ca825596-ea1c-4d6d-a33d-30851ee4839c', 'ended', 'transcript'), ('486b0de9-05e8-44c6-9a84-e2750d400ee2', 'ended', 'transcript'), ('11bf8762-37e1-4c71-b774-cb00564eb625', 'ended', 'transcript'), ('9f85e434-8ae2-475f-99b3-7d3c41fda57b', 'ended', 'transcript'), ('242702bb-d036-411c-9d64-cfcd3d950528', 'ended', 'transcript'), ('46760148-4958-4e6f-8472-8063bb5b11ff', 'ended', 'transcript'), ('1b2e79e5-8d43-434b-9c75-ca65380413ae', 'ended', 'transcript')]
E       assert None

tests/test_iteration14_phase2c.py:48: AssertionError</error></testcase><testcase classname="tests.test_iteration14_phase2c.TestUploadRecording" name="test_upload_silent_wav_no_500" time="0.000"><error message="failed on setup with &quot;AssertionError: expected demo-seeded Max Brenner call. got: [('b9f6a3b1-cee3-4812-a057-70fa7ef314ff', 'ended', 'transcript'), ('35f7437c-cb99-4daf-9709-d1af76e964fe', 'ended', None), ('ccc00d3b-0ae4-46c3-a1dc-2dc14488b644', 'ended', None), ('96aca28d-7411-4ec0-9d73-73a648bfcd1e', 'ended', 'transcript'), ('ca825596-ea1c-4d6d-a33d-30851ee4839c', 'ended', 'transcript'), ('486b0de9-05e8-44c6-9a84-e2750d400ee2', 'ended', 'transcript'), ('11bf8762-37e1-4c71-b774-cb00564eb625', 'ended', 'transcript'), ('9f85e434-8ae2-475f-99b3-7d3c41fda57b', 'ended', 'transcript'), ('242702bb-d036-411c-9d64-cfcd3d950528', 'ended', 'transcript'), ('46760148-4958-4e6f-8472-8063bb5b11ff', 'ended', 'transcript'), ('1b2e79e5-8d43-434b-9c75-ca65380413ae', 'ended', 'transcript')]&#10;assert None&quot;">session = &lt;requests.sessions.Session object at 0xff6feae984d0&gt;
max_brenner_chat = {'created_at': '2026-05-12T00:48:16.217072+00:00', 'created_by': '28cb3715-751d-4266-b201-564dfaeddb03', 'default_models': ['chatgpt', 'claude', 'gemini'], 'description': 'Discuss Max Brenner expansion.', ...}

    @pytest.fixture(scope="module")
    def max_call(session, max_brenner_chat):
        r = session.get(f"{BASE_URL}/api/calls/by-chat/{max_brenner_chat['id']}", timeout=30)
        assert r.status_code == 200, r.text
        calls = r.json()
        assert isinstance(calls, list) and len(calls) &gt;= 1
        # The Max Brenner seeded call should be ended with summary
        seeded = next((c for c in calls if c.get("status") == "ended" and (c.get("summary") or {}).get("source") == "demo_seed"), None)
&gt;       assert seeded, f"expected demo-seeded Max Brenner call. got: {[(c['id'], c.get('status'), (c.get('summary') or {}).get('source')) for c in calls]}"
E       AssertionError: expected demo-seeded Max Brenner call. got: [('b9f6a3b1-cee3-4812-a057-70fa7ef314ff', 'ended', 'transcript'), ('35f7437c-cb99-4daf-9709-d1af76e964fe', 'ended', None), ('ccc00d3b-0ae4-46c3-a1dc-2dc14488b644', 'ended', None), ('96aca28d-7411-4ec0-9d73-73a648bfcd1e', 'ended', 'transcript'), ('ca825596-ea1c-4d6d-a33d-30851ee4839c', 'ended', 'transcript'), ('486b0de9-05e8-44c6-9a84-e2750d400ee2', 'ended', 'transcript'), ('11bf8762-37e1-4c71-b774-cb00564eb625', 'ended', 'transcript'), ('9f85e434-8ae2-475f-99b3-7d3c41fda57b', 'ended', 'transcript'), ('242702bb-d036-411c-9d64-cfcd3d950528', 'ended', 'transcript'), ('46760148-4958-4e6f-8472-8063bb5b11ff', 'ended', 'transcript'), ('1b2e79e5-8d43-434b-9c75-ca65380413ae', 'ended', 'transcript')]
E       assert None

tests/test_iteration14_phase2c.py:48: AssertionError</error></testcase><testcase classname="tests.test_iteration14_phase2c.TestExport" name="test_export_pdf" time="0.000"><error message="failed on setup with &quot;AssertionError: expected demo-seeded Max Brenner call. got: [('b9f6a3b1-cee3-4812-a057-70fa7ef314ff', 'ended', 'transcript'), ('35f7437c-cb99-4daf-9709-d1af76e964fe', 'ended', None), ('ccc00d3b-0ae4-46c3-a1dc-2dc14488b644', 'ended', None), ('96aca28d-7411-4ec0-9d73-73a648bfcd1e', 'ended', 'transcript'), ('ca825596-ea1c-4d6d-a33d-30851ee4839c', 'ended', 'transcript'), ('486b0de9-05e8-44c6-9a84-e2750d400ee2', 'ended', 'transcript'), ('11bf8762-37e1-4c71-b774-cb00564eb625', 'ended', 'transcript'), ('9f85e434-8ae2-475f-99b3-7d3c41fda57b', 'ended', 'transcript'), ('242702bb-d036-411c-9d64-cfcd3d950528', 'ended', 'transcript'), ('46760148-4958-4e6f-8472-8063bb5b11ff', 'ended', 'transcript'), ('1b2e79e5-8d43-434b-9c75-ca65380413ae', 'ended', 'transcript')]&#10;assert None&quot;">session = &lt;requests.sessions.Session object at 0xff6feae984d0&gt;
max_brenner_chat = {'created_at': '2026-05-12T00:48:16.217072+00:00', 'created_by': '28cb3715-751d-4266-b201-564dfaeddb03', 'default_models': ['chatgpt', 'claude', 'gemini'], 'description': 'Discuss Max Brenner expansion.', ...}

    @pytest.fixture(scope="module")
    def max_call(session, max_brenner_chat):
        r = session.get(f"{BASE_URL}/api/calls/by-chat/{max_brenner_chat['id']}", timeout=30)
        assert r.status_code == 200, r.text
        calls = r.json()
        assert isinstance(calls, list) and len(calls) &gt;= 1
        # The Max Brenner seeded call should be ended with summary
        seeded = next((c for c in calls if c.get("status") == "ended" and (c.get("summary") or {}).get("source") == "demo_seed"), None)
&gt;       assert seeded, f"expected demo-seeded Max Brenner call. got: {[(c['id'], c.get('status'), (c.get('summary') or {}).get('source')) for c in calls]}"
E       AssertionError: expected demo-seeded Max Brenner call. got: [('b9f6a3b1-cee3-4812-a057-70fa7ef314ff', 'ended', 'transcript'), ('35f7437c-cb99-4daf-9709-d1af76e964fe', 'ended', None), ('ccc00d3b-0ae4-46c3-a1dc-2dc14488b644', 'ended', None), ('96aca28d-7411-4ec0-9d73-73a648bfcd1e', 'ended', 'transcript'), ('ca825596-ea1c-4d6d-a33d-30851ee4839c', 'ended', 'transcript'), ('486b0de9-05e8-44c6-9a84-e2750d400ee2', 'ended', 'transcript'), ('11bf8762-37e1-4c71-b774-cb00564eb625', 'ended', 'transcript'), ('9f85e434-8ae2-475f-99b3-7d3c41fda57b', 'ended', 'transcript'), ('242702bb-d036-411c-9d64-cfcd3d950528', 'ended', 'transcript'), ('46760148-4958-4e6f-8472-8063bb5b11ff', 'ended', 'transcript'), ('1b2e79e5-8d43-434b-9c75-ca65380413ae', 'ended', 'transcript')]
E       assert None

tests/test_iteration14_phase2c.py:48: AssertionError</error></testcase><testcase classname="tests.test_iteration14_phase2c.TestExport" name="test_export_docx" time="0.000"><error message="failed on setup with &quot;AssertionError: expected demo-seeded Max Brenner call. got: [('b9f6a3b1-cee3-4812-a057-70fa7ef314ff', 'ended', 'transcript'), ('35f7437c-cb99-4daf-9709-d1af76e964fe', 'ended', None), ('ccc00d3b-0ae4-46c3-a1dc-2dc14488b644', 'ended', None), ('96aca28d-7411-4ec0-9d73-73a648bfcd1e', 'ended', 'transcript'), ('ca825596-ea1c-4d6d-a33d-30851ee4839c', 'ended', 'transcript'), ('486b0de9-05e8-44c6-9a84-e2750d400ee2', 'ended', 'transcript'), ('11bf8762-37e1-4c71-b774-cb00564eb625', 'ended', 'transcript'), ('9f85e434-8ae2-475f-99b3-7d3c41fda57b', 'ended', 'transcript'), ('242702bb-d036-411c-9d64-cfcd3d950528', 'ended', 'transcript'), ('46760148-4958-4e6f-8472-8063bb5b11ff', 'ended', 'transcript'), ('1b2e79e5-8d43-434b-9c75-ca65380413ae', 'ended', 'transcript')]&#10;assert None&quot;">session = &lt;requests.sessions.Session object at 0xff6feae984d0&gt;
max_brenner_chat = {'created_at': '2026-05-12T00:48:16.217072+00:00', 'created_by': '28cb3715-751d-4266-b201-564dfaeddb03', 'default_models': ['chatgpt', 'claude', 'gemini'], 'description': 'Discuss Max Brenner expansion.', ...}

    @pytest.fixture(scope="module")
    def max_call(session, max_brenner_chat):
        r = session.get(f"{BASE_URL}/api/calls/by-chat/{max_brenner_chat['id']}", timeout=30)
        assert r.status_code == 200, r.text
        calls = r.json()
        assert isinstance(calls, list) and len(calls) &gt;= 1
        # The Max Brenner seeded call should be ended with summary
        seeded = next((c for c in calls if c.get("status") == "ended" and (c.get("summary") or {}).get("source") == "demo_seed"), None)
&gt;       assert seeded, f"expected demo-seeded Max Brenner call. got: {[(c['id'], c.get('status'), (c.get('summary') or {}).get('source')) for c in calls]}"
E       AssertionError: expected demo-seeded Max Brenner call. got: [('b9f6a3b1-cee3-4812-a057-70fa7ef314ff', 'ended', 'transcript'), ('35f7437c-cb99-4daf-9709-d1af76e964fe', 'ended', None), ('ccc00d3b-0ae4-46c3-a1dc-2dc14488b644', 'ended', None), ('96aca28d-7411-4ec0-9d73-73a648bfcd1e', 'ended', 'transcript'), ('ca825596-ea1c-4d6d-a33d-30851ee4839c', 'ended', 'transcript'), ('486b0de9-05e8-44c6-9a84-e2750d400ee2', 'ended', 'transcript'), ('11bf8762-37e1-4c71-b774-cb00564eb625', 'ended', 'transcript'), ('9f85e434-8ae2-475f-99b3-7d3c41fda57b', 'ended', 'transcript'), ('242702bb-d036-411c-9d64-cfcd3d950528', 'ended', 'transcript'), ('46760148-4958-4e6f-8472-8063bb5b11ff', 'ended', 'transcript'), ('1b2e79e5-8d43-434b-9c75-ca65380413ae', 'ended', 'transcript')]
E       assert None

tests/test_iteration14_phase2c.py:48: AssertionError</error></testcase><testcase classname="tests.test_iteration14_phase2c.TestExport" name="test_export_invalid_format" time="0.000"><error message="failed on setup with &quot;AssertionError: expected demo-seeded Max Brenner call. got: [('b9f6a3b1-cee3-4812-a057-70fa7ef314ff', 'ended', 'transcript'), ('35f7437c-cb99-4daf-9709-d1af76e964fe', 'ended', None), ('ccc00d3b-0ae4-46c3-a1dc-2dc14488b644', 'ended', None), ('96aca28d-7411-4ec0-9d73-73a648bfcd1e', 'ended', 'transcript'), ('ca825596-ea1c-4d6d-a33d-30851ee4839c', 'ended', 'transcript'), ('486b0de9-05e8-44c6-9a84-e2750d400ee2', 'ended', 'transcript'), ('11bf8762-37e1-4c71-b774-cb00564eb625', 'ended', 'transcript'), ('9f85e434-8ae2-475f-99b3-7d3c41fda57b', 'ended', 'transcript'), ('242702bb-d036-411c-9d64-cfcd3d950528', 'ended', 'transcript'), ('46760148-4958-4e6f-8472-8063bb5b11ff', 'ended', 'transcript'), ('1b2e79e5-8d43-434b-9c75-ca65380413ae', 'ended', 'transcript')]&#10;assert None&quot;">session = &lt;requests.sessions.Session object at 0xff6feae984d0&gt;
max_brenner_chat = {'created_at': '2026-05-12T00:48:16.217072+00:00', 'created_by': '28cb3715-751d-4266-b201-564dfaeddb03', 'default_models': ['chatgpt', 'claude', 'gemini'], 'description': 'Discuss Max Brenner expansion.', ...}

    @pytest.fixture(scope="module")
    def max_call(session, max_brenner_chat):
        r = session.get(f"{BASE_URL}/api/calls/by-chat/{max_brenner_chat['id']}", timeout=30)
        assert r.status_code == 200, r.text
        calls = r.json()
        assert isinstance(calls, list) and len(calls) &gt;= 1
        # The Max Brenner seeded call should be ended with summary
        seeded = next((c for c in calls if c.get("status") == "ended" and (c.get("summary") or {}).get("source") == "demo_seed"), None)
&gt;       assert seeded, f"expected demo-seeded Max Brenner call. got: {[(c['id'], c.get('status'), (c.get('summary') or {}).get('source')) for c in calls]}"
E       AssertionError: expected demo-seeded Max Brenner call. got: [('b9f6a3b1-cee3-4812-a057-70fa7ef314ff', 'ended', 'transcript'), ('35f7437c-cb99-4daf-9709-d1af76e964fe', 'ended', None), ('ccc00d3b-0ae4-46c3-a1dc-2dc14488b644', 'ended', None), ('96aca28d-7411-4ec0-9d73-73a648bfcd1e', 'ended', 'transcript'), ('ca825596-ea1c-4d6d-a33d-30851ee4839c', 'ended', 'transcript'), ('486b0de9-05e8-44c6-9a84-e2750d400ee2', 'ended', 'transcript'), ('11bf8762-37e1-4c71-b774-cb00564eb625', 'ended', 'transcript'), ('9f85e434-8ae2-475f-99b3-7d3c41fda57b', 'ended', 'transcript'), ('242702bb-d036-411c-9d64-cfcd3d950528', 'ended', 'transcript'), ('46760148-4958-4e6f-8472-8063bb5b11ff', 'ended', 'transcript'), ('1b2e79e5-8d43-434b-9c75-ca65380413ae', 'ended', 'transcript')]
E       assert None

tests/test_iteration14_phase2c.py:48: AssertionError</error></testcase><testcase classname="tests.test_iteration14_phase2c.TestGuards" name="test_summary_404" time="0.071" /><testcase classname="tests.test_iteration14_phase2c.TestGuards" name="test_export_404" time="0.070" /><testcase classname="tests.test_iteration14_phase2c.TestGuards" name="test_transcript_404" time="0.070" /><testcase classname="tests.test_iteration16_highlights" name="test_get_highlights_seeded_call" time="0.215" /><testcase classname="tests.test_iteration16_highlights" name="test_get_highlights_unknown_call_404" time="0.066" /><testcase classname="tests.test_iteration16_highlights" name="test_get_highlights_unauth_401" time="0.114" /><testcase classname="tests.test_iteration16_highlights" name="test_highlight_shape_and_kinds" time="0.081" /><testcase classname="tests.test_iteration16_highlights" name="test_highlight_quality_decision_and_action" time="0.067" /><testcase classname="tests.test_iteration16_highlights" name="test_post_highlights_cached" time="0.064" /><testcase classname="tests.test_iteration16_highlights" name="test_post_highlights_regenerate" time="0.000"><skipped type="pytest.skip" message="Calls Claude — slow">/app/backend/tests/test_iteration16_highlights.py:94: Calls Claude — slow</skipped></testcase><testcase classname="tests.test_iteration16_highlights" name="test_post_highlights_unknown_call_404" time="0.067" /><testcase classname="tests.test_iteration16_highlights" name="test_post_highlights_unauth_401" time="0.130" /><testcase classname="tests.test_iteration16_highlights" name="test_post_highlights_empty_call" time="0.136" /><testcase classname="tests.test_iteration16_highlights" name="test_end_call_triggers_background_highlights" time="0.001"><skipped type="pytest.skip" message="Calls Claude — slow">/app/backend/tests/test_iteration16_highlights.py:143: Calls Claude — slow</skipped></testcase><testcase classname="tests.test_iteration2_features.TestUploads" name="test_upload_text_file" time="0.403" /><testcase classname="tests.test_iteration2_features.TestUploads" name="test_upload_image_file" time="0.252" /><testcase classname="tests.test_iteration2_features.TestUploads" name="test_upload_rejects_bad_ext" time="0.107" /><testcase classname="tests.test_iteration2_features.TestUploads" name="test_upload_rejects_too_large" time="0.851" /><testcase classname="tests.test_iteration2_features.TestUploads" name="test_upload_requires_auth" time="0.108" /><testcase classname="tests.test_iteration2_features.TestFileDownload" name="test_download_with_bearer" time="0.220" /><testcase classname="tests.test_iteration2_features.TestFileDownload" name="test_download_with_query_auth" time="0.248" /><testcase classname="tests.test_iteration2_features.TestFileDownload" name="test_download_no_auth" time="0.096" /><testcase classname="tests.test_iteration2_features.TestFileDownload" name="test_download_cross_workspace_forbidden" time="0.461" /><testcase classname="tests.test_iteration2_features.TestFileDownload" name="test_download_nonexistent" time="0.107" /><testcase classname="tests.test_iteration2_features.TestRealAIModels" name="test_perplexity_grok_real_responses" time="60.267"><failure message="AssertionError: The preview environment is not responding. It may be starting up.&#10;  &#10;assert 502 == 200&#10; +  where 502 = &lt;Response [502]&gt;.status_code">self = &lt;test_iteration2_features.TestRealAIModels object at 0xff6ffd25fe50&gt;
amit = {'headers': {'Authorization': 'Bearer eyJhbGciOiJIUzI1NiIsInR5cCI6IkpXVCJ9.eyJzdWIiOiIyOGNiMzcxNS03NTFkLTQyNjYtYjIwMS0...at': '2026-05-12T00:48:16.217072+00:00', 'email': 'amit@demo.team', 'id': '28cb3715-751d-4266-b201-564dfaeddb03', ...}}

    def test_perplexity_grok_real_responses(self, amit):
        # Find a group chat
        chats = requests.get(f"{BASE_URL}/api/chats", headers=amit["headers"], timeout=30).json()
        group = next(c for c in chats if c["type"] == "group")
        r = requests.post(
            f"{BASE_URL}/api/ai/research",
            headers=amit["headers"],
            json={
                "chat_id": group["id"],
                "question": "What is the capital of France? One word.",
                "selected_models": ["perplexity", "grok"],
            },
            timeout=180,
        )
&gt;       assert r.status_code == 200, r.text
E       AssertionError: The preview environment is not responding. It may be starting up.
E         
E       assert 502 == 200
E        +  where 502 = &lt;Response [502]&gt;.status_code

tests/test_iteration2_features.py:144: AssertionError</failure></testcase><testcase classname="tests.test_iteration2_features.TestRealAIModels" name="test_deepseek_402_handled_gracefully" time="5.679" /><testcase classname="tests.test_iteration2_features.TestShareSnapshot" name="test_create_share_link" time="0.000"><failure message="KeyError: 'share_thread_id'">self = &lt;test_iteration2_features.TestShareSnapshot object at 0xff6ffd265d10&gt;
amit = {'headers': {'Authorization': 'Bearer eyJhbGciOiJIUzI1NiIsInR5cCI6IkpXVCJ9.eyJzdWIiOiIyOGNiMzcxNS03NTFkLTQyNjYtYjIwMS0...at': '2026-05-12T00:48:16.217072+00:00', 'email': 'amit@demo.team', 'id': '28cb3715-751d-4266-b201-564dfaeddb03', ...}}

    def test_create_share_link(self, amit):
&gt;       tid = STATE["share_thread_id"]
              ^^^^^^^^^^^^^^^^^^^^^^^^
E       KeyError: 'share_thread_id'

tests/test_iteration2_features.py:182: KeyError</failure></testcase><testcase classname="tests.test_iteration2_features.TestShareSnapshot" name="test_share_idempotent" time="0.000"><failure message="KeyError: 'share_thread_id'">self = &lt;test_iteration2_features.TestShareSnapshot object at 0xff6ffd266090&gt;
amit = {'headers': {'Authorization': 'Bearer eyJhbGciOiJIUzI1NiIsInR5cCI6IkpXVCJ9.eyJzdWIiOiIyOGNiMzcxNS03NTFkLTQyNjYtYjIwMS0...at': '2026-05-12T00:48:16.217072+00:00', 'email': 'amit@demo.team', 'id': '28cb3715-751d-4266-b201-564dfaeddb03', ...}}

    def test_share_idempotent(self, amit):
&gt;       tid = STATE["share_thread_id"]
              ^^^^^^^^^^^^^^^^^^^^^^^^
E       KeyError: 'share_thread_id'

tests/test_iteration2_features.py:193: KeyError</failure></testcase><testcase classname="tests.test_iteration2_features.TestShareSnapshot" name="test_share_forbidden_for_outsider" time="0.000"><failure message="KeyError: 'share_thread_id'">self = &lt;test_iteration2_features.TestShareSnapshot object at 0xff6ffd266410&gt;
outsider = {'headers': {'Authorization': 'Bearer eyJhbGciOiJIUzI1NiIsInR5cCI6IkpXVCJ9.eyJzdWIiOiI2MjBiMmFlZC03ZDVlLTQ0ZmYtYTI1Yi1...-15T16:36:37.443949+00:00', 'email': 'outsider_15f028@example.com', 'id': '620b2aed-7d5e-44ff-a25b-cf62ea3aa68f', ...}}

    def test_share_forbidden_for_outsider(self, outsider):
&gt;       tid = STATE["share_thread_id"]
              ^^^^^^^^^^^^^^^^^^^^^^^^
E       KeyError: 'share_thread_id'

tests/test_iteration2_features.py:202: KeyError</failure></testcase><testcase classname="tests.test_iteration2_features.TestShareSnapshot" name="test_public_snapshot_no_auth" time="0.000"><failure message="KeyError: 'share_token'">self = &lt;test_iteration2_features.TestShareSnapshot object at 0xff6ffd266a50&gt;

    def test_public_snapshot_no_auth(self):
&gt;       token = STATE["share_token"]
                ^^^^^^^^^^^^^^^^^^^^
E       KeyError: 'share_token'

tests/test_iteration2_features.py:209: KeyError</failure></testcase><testcase classname="tests.test_iteration2_features.TestShareSnapshot" name="test_revoke_share_link" time="0.000"><failure message="KeyError: 'share_thread_id'">self = &lt;test_iteration2_features.TestShareSnapshot object at 0xff6ffd2670d0&gt;
amit = {'headers': {'Authorization': 'Bearer eyJhbGciOiJIUzI1NiIsInR5cCI6IkpXVCJ9.eyJzdWIiOiIyOGNiMzcxNS03NTFkLTQyNjYtYjIwMS0...at': '2026-05-12T00:48:16.217072+00:00', 'email': 'amit@demo.team', 'id': '28cb3715-751d-4266-b201-564dfaeddb03', ...}}

    def test_revoke_share_link(self, amit):
&gt;       tid = STATE["share_thread_id"]
              ^^^^^^^^^^^^^^^^^^^^^^^^
E       KeyError: 'share_thread_id'

tests/test_iteration2_features.py:228: KeyError</failure></testcase><testcase classname="tests.test_iteration2_features.TestShareSnapshot" name="test_invalid_token_404" time="0.130" /><testcase classname="tests.test_iteration2_features.TestBrand" name="test_root_brand" time="0.134" /><testcase classname="tests.test_iteration8_new_features.TestUserPreferences" name="test_get_preferences" time="0.162" /><testcase classname="tests.test_iteration8_new_features.TestUserPreferences" name="test_patch_preferences_valid" time="0.097" /><testcase classname="tests.test_iteration8_new_features.TestUserPreferences" name="test_patch_preferences_unknown_model_rejected" time="0.050" /><testcase classname="tests.test_iteration8_new_features.TestUserPreferences" name="test_patch_preferences_filters_unknown_models_list" time="0.049" /><testcase classname="tests.test_iteration8_new_features.TestAISuggestTasks" name="test_suggest_tasks_multiple" time="7.500" /><testcase classname="tests.test_iteration8_new_features.TestAISuggestTasks" name="test_suggest_tasks_single_simple" time="1.103" /><testcase classname="tests.test_iteration8_new_features.TestSingleModelResearch" name="test_single_model_no_synthesis" time="1.507" /><testcase classname="tests.test_iteration8_new_features.TestMultiModelFavoriteBias" name="test_multi_synthesizes" time="24.188" /><testcase classname="tests.test_iteration8_new_features.TestMultiModelFavoriteBias" name="test_favorite_bias_soft" time="24.290" /><testcase classname="tests.test_iteration8_new_features.TestRegression" name="test_extract_task_still_works" time="2.155" /><testcase classname="tests.test_iteration8_new_features.TestRegression" name="test_ai_models_list" time="0.052" /><testcase classname="tests.test_iteration8_new_features.TestRegression" name="test_auth_me_includes_preferences" time="0.056" /><testcase classname="tests.test_iteration9_invites.TestInviteLink" name="test_rotate_link_creates_new" time="0.288" /><testcase classname="tests.test_iteration9_invites.TestInviteLink" name="test_get_link_returns_active" time="0.266" /><testcase classname="tests.test_iteration9_invites.TestInviteLink" name="test_rotate_revokes_prior_link" time="0.374" /><testcase classname="tests.test_iteration9_invites.TestInviteLink" name="test_rotate_forbidden_for_viewer" time="0.458" /><testcase classname="tests.test_iteration9_invites.TestInviteLink" name="test_delete_link_revokes" time="0.351" /><testcase classname="tests.test_iteration9_invites.TestInviteLink" name="test_delete_forbidden_for_viewer" time="0.251" /><testcase classname="tests.test_iteration9_invites.TestPublicInvite" name="test_preview_works_no_auth" time="0.246" /><testcase classname="tests.test_iteration9_invites.TestPublicInvite" name="test_preview_invalid_token_404" time="0.126" /><testcase classname="tests.test_iteration9_invites.TestPublicInvite" name="test_redeem_creates_user" time="0.586" /><testcase classname="tests.test_iteration9_invites.TestPublicInvite" name="test_redeem_duplicate_email_400" time="0.245" /><testcase classname="tests.test_iteration9_invites.TestPublicInvite" name="test_redeem_invalid_token_404" time="0.126" /><testcase classname="tests.test_iteration9_invites.TestBulkInvite" name="test_bulk_invite_records_and_returns_mailto" time="0.131" /><testcase classname="tests.test_iteration9_invites.TestBulkInvite" name="test_bulk_invite_dedupes" time="0.271" /><testcase classname="tests.test_iteration9_invites.TestBulkInvite" name="test_bulk_invite_empty_400" time="0.127" /><testcase classname="tests.test_iteration9_invites.TestBulkInvite" name="test_bulk_invite_over_200_400" time="0.141" /><testcase classname="tests.test_iteration9_invites.TestBulkInvite" name="test_bulk_invite_forbidden_for_viewer" time="0.109" /><testcase classname="tests.test_iteration9_invites.TestPendingList" name="test_list_pending_and_cancel" time="0.474" /><testcase classname="tests.test_iteration9_invites.TestPendingList" name="test_list_auto_marks_accepted" time="0.737" /><testcase classname="tests.test_iteration9_invites.TestSuggestions" name="test_generic_domain_skipped" time="0.117" /><testcase classname="tests.test_iteration9_invites.TestSuggestions" name="test_corporate_domain_returns_suggestions" time="1.035" /></testsuite></testsuites>