<?xml version="1.0" encoding="utf-8"?><testsuites name="pytest tests"><testsuite name="pytest" errors="0" failures="0" skipped="0" tests="5" time="7.316" timestamp="2026-05-12T05:58:07.588372+00:00" hostname="agent-env-6adf17d4-6bc2-4eec-b3a8-7ea289157f31"><testcase classname="backend.tests.test_extract_task" name="test_extract_task_real_message" time="2.977" /><testcase classname="backend.tests.test_extract_task" name="test_extract_task_garbage_returns_fallback" time="1.923" /><testcase classname="backend.tests.test_extract_task" name="test_extract_task_invalid_assignee_sanitized" time="1.335" /><testcase classname="backend.tests.test_extract_task" name="test_extract_task_requires_auth" time="0.136" /><testcase classname="backend.tests.test_extract_task" name="test_task_assigned_creates_reminder_and_shows_in_mine" time="0.919" /></testsuite></testsuites>