<?xml version="1.0" encoding="utf-8"?><testsuites name="pytest tests"><testsuite name="pytest" errors="0" failures="0" skipped="0" tests="9" time="12.714" timestamp="2026-06-23T01:57:45.790670+00:00" hostname="agent-env-6adf17d4-6bc2-4eec-b3a8-7ea289157f31"><testcase classname="tests.test_iteration67_hire_dev_team_retest" name="test_dev_chat_roles_has_13" time="0.283" /><testcase classname="tests.test_iteration67_hire_dev_team_retest" name="test_architect_mention_in_regular_chat" time="2.448" /><testcase classname="tests.test_iteration67_hire_dev_team_retest" name="test_bare_dev_no_fanout" time="8.151" /><testcase classname="tests.test_iteration67_hire_dev_team_retest" name="test_checkout_creates_session" time="0.533" /><testcase classname="tests.test_iteration67_hire_dev_team_retest" name="test_checkout_idempotent_within_5min" time="0.052" /><testcase classname="tests.test_iteration67_hire_dev_team_retest" name="test_only_one_pending_payment_row" time="0.129" /><testcase classname="tests.test_iteration67_hire_dev_team_retest" name="test_status_unknown_session_returns_404" time="0.048" /><testcase classname="tests.test_iteration67_hire_dev_team_retest" name="test_status_unpaid_returns_200_applied_false" time="0.320" /><testcase classname="tests.test_iteration67_hire_dev_team_retest" name="test_status_provisions_when_locally_completed" time="0.707" /></testsuite></testsuites>