<?xml version="1.0" encoding="utf-8"?><testsuites name="pytest tests"><testsuite name="pytest" errors="0" failures="0" skipped="0" tests="10" time="3.599" timestamp="2026-05-28T07:41:53.429233+00:00" hostname="agent-env-6adf17d4-6bc2-4eec-b3a8-7ea289157f31"><testcase classname="backend.tests.test_iteration32_bdf_batch.TestNotificationsPrefs" name="test_get_prefs_returns_default_shape" time="0.451" /><testcase classname="backend.tests.test_iteration32_bdf_batch.TestNotificationsPrefs" name="test_patch_prefs_is_partial_merge" time="0.093" /><testcase classname="backend.tests.test_iteration32_bdf_batch.TestNotificationsPrefs" name="test_dnd_set_and_clear" time="0.097" /><testcase classname="backend.tests.test_iteration32_bdf_batch.TestNotificationsPrefs" name="test_mute_chat_forever_and_unmute" time="0.234" /><testcase classname="backend.tests.test_iteration32_bdf_batch.TestNotificationsPrefs" name="test_mute_chat_non_member_returns_404" time="0.045" /><testcase classname="backend.tests.test_iteration32_bdf_batch.TestMemoryAccessRules" name="test_patch_access_rule_works" time="0.048" /><testcase classname="backend.tests.test_iteration32_bdf_batch.TestMemoryAccessRules" name="test_get_access_rules_returns_saved" time="0.044" /><testcase classname="backend.tests.test_iteration32_bdf_batch.TestMemoryAccessRules" name="test_member_workspace_search_downgrades" time="0.424" /><testcase classname="backend.tests.test_iteration32_bdf_batch.TestMemoryAccessRules" name="test_patch_memory_item_still_works" time="0.421" /><testcase classname="backend.tests.test_iteration32_bdf_batch.TestApprovalToDecision" name="test_approve_creates_decision_row" time="1.702" /></testsuite></testsuites>