<?xml version="1.0" encoding="utf-8"?><testsuites name="pytest tests"><testsuite name="pytest" errors="0" failures="0" skipped="0" tests="5" time="2.288" timestamp="2026-07-08T02:04:05.581839+00:00" hostname="agent-env-015c1b3c-39a0-4720-9273-5bbaa5379a8f"><testcase classname="backend.tests.test_iteration90_invite_member.TestFreePlanCredits" name="test_free_plan_300_credits" time="0.383" /><testcase classname="backend.tests.test_iteration90_invite_member.TestInviteMember" name="test_permission_gating_non_admin_forbidden" time="0.518" /><testcase classname="backend.tests.test_iteration90_invite_member.TestInviteMember" name="test_invite_new_email_creates_member_account" time="0.721" /><testcase classname="backend.tests.test_iteration90_invite_member.TestInviteMember" name="test_invite_existing_user_by_id" time="0.357" /><testcase classname="backend.tests.test_iteration90_invite_member.TestInviteGuestRegression" name="test_invite_guest_new_email" time="0.271" /></testsuite></testsuites>