<?xml version="1.0" encoding="utf-8"?><testsuites name="pytest tests"><testsuite name="pytest" errors="0" failures="1" skipped="0" tests="13" time="5.664" timestamp="2026-07-17T12:15:11.529478+00:00" hostname="agent-env-015c1b3c-39a0-4720-9273-5bbaa5379a8f"><testcase classname="tests.test_iteration105_memory_freshness_m365.TestLearnedMemoryCRUD" name="test_list_shape" time="0.458" /><testcase classname="tests.test_iteration105_memory_freshness_m365.TestLearnedMemoryCRUD" name="test_add_personal_and_dedupe" time="0.150" /><testcase classname="tests.test_iteration105_memory_freshness_m365.TestLearnedMemoryCRUD" name="test_add_workspace" time="0.048" /><testcase classname="tests.test_iteration105_memory_freshness_m365.TestLearnedMemoryCRUD" name="test_toggle_active" time="0.200" /><testcase classname="tests.test_iteration105_memory_freshness_m365.TestLearnedMemoryCRUD" name="test_patch_unknown_404" time="0.046" /><testcase classname="tests.test_iteration105_memory_freshness_m365.TestLearnedMemoryCRUD" name="test_delete_and_persist_removed" time="0.141" /><testcase classname="tests.test_iteration105_memory_freshness_m365.TestLearnedMemoryCRUD" name="test_delete_unknown_404" time="0.046" /><testcase classname="tests.test_iteration105_memory_freshness_m365.TestLearnedMemoryCRUD" name="test_empty_text_rejected" time="0.045" /><testcase classname="tests.test_iteration105_memory_freshness_m365.TestAiRememberFlow" name="test_remember_manual_creates_personal_memory" time="1.249" /><testcase classname="tests.test_iteration105_memory_freshness_m365.TestAiRememberFlow" name="test_normal_ai_still_answers" time="3.068" /><testcase classname="tests.test_iteration105_memory_freshness_m365.TestRoleFreshness" name="test_roles_include_freshness" time="0.049"><failure message="AssertionError: freshness missing key last_captured_at&#10;assert 'last_captured_at' in {}">tests/test_iteration105_memory_freshness_m365.py:179: in test_roles_include_freshness
    assert k in f, f"freshness missing key {k}"
E   AssertionError: freshness missing key last_captured_at
E   assert 'last_captured_at' in {}</failure></testcase><testcase classname="tests.test_iteration105_memory_freshness_m365.TestRoleFreshness" name="test_risk_dashboard_includes_freshness" time="0.048" /><testcase classname="tests.test_iteration105_memory_freshness_m365.TestM365Scope" name="test_login_url_contains_chat_read" time="0.046" /></testsuite></testsuites>