<?xml version="1.0" encoding="utf-8"?><testsuites name="pytest tests"><testsuite name="pytest" errors="0" failures="0" skipped="0" tests="4" time="4.871" timestamp="2026-07-17T02:22:34.529394+00:00" hostname="agent-env-015c1b3c-39a0-4720-9273-5bbaa5379a8f"><testcase classname="tests.test_iteration104_autocapture_regression" name="test_owner_login" time="0.410" /><testcase classname="tests.test_iteration104_autocapture_regression" name="test_approval_decision_still_200_with_autocapture" time="1.177" /><testcase classname="tests.test_iteration104_autocapture_regression" name="test_approval_decision_reject_still_200" time="1.534" /><testcase classname="tests.test_iteration104_autocapture_regression" name="test_sam_not_enterprise_employee_no_capture" time="1.726" /></testsuite></testsuites>