<?xml version="1.0" encoding="utf-8"?><testsuites name="pytest tests"><testsuite name="pytest" errors="0" failures="0" skipped="0" tests="10" time="183.455" timestamp="2026-06-20T21:01:45.040867+00:00" hostname="agent-env-6adf17d4-6bc2-4eec-b3a8-7ea289157f31"><testcase classname="backend.tests.test_iteration52_recursive_scan" name="test_create_project_includes_llm_status" time="112.962" /><testcase classname="backend.tests.test_iteration52_recursive_scan" name="test_create_proposal_includes_llm_status" time="3.560" /><testcase classname="backend.tests.test_iteration52_recursive_scan" name="test_scan_happy_path" time="14.358" /><testcase classname="backend.tests.test_iteration52_recursive_scan" name="test_scan_proposals_persisted" time="0.266" /><testcase classname="backend.tests.test_iteration52_recursive_scan" name="test_scan_no_chat_returns_400" time="51.965" /><testcase classname="backend.tests.test_iteration52_recursive_scan" name="test_scan_unknown_project_returns_404" time="0.132" /><testcase classname="backend.tests.test_iteration52_recursive_scan" name="test_scan_with_explicit_chat_id_works" time="0.005" /><testcase classname="backend.tests.test_iteration52_recursive_scan" name="test_scan_no_chat_returns_400_then" time="0.000" /><testcase classname="backend.tests.test_iteration52_recursive_scan" name="test_dashboard_smoke" time="0.071" /><testcase classname="backend.tests.test_iteration52_recursive_scan" name="test_agents_smoke" time="0.058" /></testsuite></testsuites>