<?xml version="1.0" encoding="utf-8"?><testsuites name="pytest tests"><testsuite name="pytest" errors="0" failures="0" skipped="0" tests="5" time="12.698" timestamp="2026-07-21T04:50:20.953817+00:00" hostname="agent-env-015c1b3c-39a0-4720-9273-5bbaa5379a8f"><testcase classname="tests.test_iteration108_paid_comparison_gate.TestBillingComparisonAllowedFlag" name="test_free_user_comparison_allowed_false" time="0.520" /><testcase classname="tests.test_iteration108_paid_comparison_gate.TestBillingComparisonAllowedFlag" name="test_unlimited_user_comparison_allowed_true" time="0.387" /><testcase classname="tests.test_iteration108_paid_comparison_gate.TestAIResearchFreeCap" name="test_free_multi_model_is_capped_to_one" time="1.307" /><testcase classname="tests.test_iteration108_paid_comparison_gate.TestRunModelsGate" name="test_free_user_run_models_returns_402" time="2.438" /><testcase classname="tests.test_iteration108_paid_comparison_gate.TestRunModelsGate" name="test_unlimited_user_run_models_succeeds" time="8.008" /></testsuite></testsuites>