<?xml version="1.0" encoding="utf-8"?><testsuites name="pytest tests"><testsuite name="pytest" errors="0" failures="0" skipped="1" tests="9" time="20.027" timestamp="2026-05-15T05:47:06.186868+00:00" hostname="agent-env-6adf17d4-6bc2-4eec-b3a8-7ea289157f31"><testcase classname="backend.tests.test_iteration15_live_transcription" name="test_transcribe_chunk_with_audio" time="2.351" /><testcase classname="backend.tests.test_iteration15_live_transcription" name="test_transcribe_chunk_tiny_payload_returns_empty" time="0.107" /><testcase classname="backend.tests.test_iteration15_live_transcription" name="test_transcribe_chunk_bad_audio_no_500" time="8.011" /><testcase classname="backend.tests.test_iteration15_live_transcription" name="test_get_transcript_segments" time="0.048" /><testcase classname="backend.tests.test_iteration15_live_transcription" name="test_get_transcript_segments_unknown_call_404" time="0.044" /><testcase classname="backend.tests.test_iteration15_live_transcription" name="test_get_transcript_segments_unauth" time="0.119" /><testcase classname="backend.tests.test_iteration15_live_transcription" name="test_summary_uses_live_transcript" time="8.745" /><testcase classname="backend.tests.test_iteration15_live_transcription" name="test_transcribe_chunk_after_call_ended" time="0.403"><skipped type="pytest.skip" message="Skipping 32s sleep — set ENABLE_SLOW_TESTS=1 to run">/app/backend/tests/test_iteration15_live_transcription.py:216: Skipping 32s sleep — set ENABLE_SLOW_TESTS=1 to run</skipped></testcase><testcase classname="backend.tests.test_iteration15_live_transcription" name="test_transcribe_chunk_unknown_call_404" time="0.181" /></testsuite></testsuites>