<?xml version="1.0" encoding="utf-8"?><testsuites name="pytest tests"><testsuite name="pytest" errors="0" failures="0" skipped="2" tests="5" time="5.090" timestamp="2026-05-22T09:36:23.344752+00:00" hostname="agent-env-6adf17d4-6bc2-4eec-b3a8-7ea289157f31"><testcase classname="backend.tests.test_iteration28_refactor_regression.TestSmoke" name="test_me_endpoint" time="0.223" /><testcase classname="backend.tests.test_iteration28_refactor_regression.TestStandupRefactor" name="test_generate_standup" time="4.374" /><testcase classname="backend.tests.test_iteration28_refactor_regression.TestInviteGuestRefactor" name="test_invite_guest_by_new_email" time="0.376" /><testcase classname="backend.tests.test_iteration28_refactor_regression.TestInviteGuestRefactor" name="test_invite_existing_user_by_id" time="0.048"><skipped type="pytest.skip" message="no users returned from search">/app/backend/tests/test_iteration28_refactor_regression.py:128: no users returned from search</skipped></testcase><testcase classname="backend.tests.test_iteration28_refactor_regression.TestCallSummaryRefactor" name="test_generate_call_summary" time="0.044"><skipped type="pytest.skip" message="/api/calls not reachable: 404">/app/backend/tests/test_iteration28_refactor_regression.py:146: /api/calls not reachable: 404</skipped></testcase></testsuite></testsuites>