<?xml version="1.0" encoding="utf-8"?><testsuites name="pytest tests"><testsuite name="pytest" errors="0" failures="0" skipped="0" tests="14" time="16.962" timestamp="2026-06-22T02:13:59.177657+00:00" hostname="agent-env-6adf17d4-6bc2-4eec-b3a8-7ea289157f31"><testcase classname="backend.tests.test_iteration61_chat_devos.TestGetChat" name="test_includes_category_and_linked_dev_project_fields" time="0.267" /><testcase classname="backend.tests.test_iteration61_chat_devos.TestCategoryPatch" name="test_set_valid_category" time="0.133" /><testcase classname="backend.tests.test_iteration61_chat_devos.TestCategoryPatch" name="test_each_of_six_categories" time="0.308" /><testcase classname="backend.tests.test_iteration61_chat_devos.TestCategoryPatch" name="test_clear_category" time="0.169" /><testcase classname="backend.tests.test_iteration61_chat_devos.TestCategoryPatch" name="test_invalid_category_returns_400" time="0.089" /><testcase classname="backend.tests.test_iteration61_chat_devos.TestSpinUpDevOs" name="test_idempotent_create" time="0.193" /><testcase classname="backend.tests.test_iteration61_chat_devos.TestSpinUpDevOs" name="test_announces_via_system_message" time="0.633" /><testcase classname="backend.tests.test_iteration61_chat_devos.TestSlashCommands" name="test_help_handler" time="0.945" /><testcase classname="backend.tests.test_iteration61_chat_devos.TestSlashCommands" name="test_unknown_action_returns_help" time="0.931" /><testcase classname="backend.tests.test_iteration61_chat_devos.TestSlashCommands" name="test_task_without_project_friendly_msg" time="0.940" /><testcase classname="backend.tests.test_iteration61_chat_devos.TestSlashCommands" name="test_bug_without_project_friendly_msg" time="0.934" /><testcase classname="backend.tests.test_iteration61_chat_devos.TestSlashCommands" name="test_plan_without_project_friendly_msg" time="0.933" /><testcase classname="backend.tests.test_iteration61_chat_devos.TestSlashCommands" name="test_new_then_task_then_bug_then_plan" time="4.978" /><testcase classname="backend.tests.test_iteration61_chat_devos.TestAutoSuggest" name="test_three_engineering_signals_triggers_suggestion_and_cooldown" time="5.465" /></testsuite></testsuites>