<?xml version="1.0" encoding="utf-8"?><testsuites name="pytest tests"><testsuite name="pytest" errors="0" failures="0" skipped="0" tests="22" time="6.797" timestamp="2026-05-16T00:04:10.474877+00:00" hostname="agent-env-6adf17d4-6bc2-4eec-b3a8-7ea289157f31"><testcase classname="backend.tests.test_iteration20_multiworkspace.TestAuthWorkspacesArray" name="test_demo_login_has_workspaces" time="0.370" /><testcase classname="backend.tests.test_iteration20_multiworkspace.TestAuthWorkspacesArray" name="test_me_has_workspaces" time="0.160" /><testcase classname="backend.tests.test_iteration20_multiworkspace.TestAuthWorkspacesArray" name="test_signup_has_workspaces" time="0.344" /><testcase classname="backend.tests.test_iteration20_multiworkspace.TestDirectInviteExistingEmail" name="test_invite_existing_email_returns_200_with_flag" time="0.105" /><testcase classname="backend.tests.test_iteration20_multiworkspace.TestDirectInviteExistingEmail" name="test_no_duplicate_user_created" time="0.332" /><testcase classname="backend.tests.test_iteration20_multiworkspace.TestDirectInviteExistingEmail" name="test_invite_same_user_twice_returns_400" time="0.129" /><testcase classname="backend.tests.test_iteration20_multiworkspace.TestMeWorkspaces" name="test_bob_sees_both_workspaces" time="0.440" /><testcase classname="backend.tests.test_iteration20_multiworkspace.TestWorkspaceSwitch" name="test_switch_to_demo_workspace" time="0.923" /><testcase classname="backend.tests.test_iteration20_multiworkspace.TestWorkspaceSwitch" name="test_switch_to_non_member_workspace_forbidden" time="0.428" /><testcase classname="backend.tests.test_iteration20_multiworkspace.TestMagicLinkExistingEmail" name="test_check_email_new_user" time="0.253" /><testcase classname="backend.tests.test_iteration20_multiworkspace.TestMagicLinkExistingEmail" name="test_check_email_existing_user" time="0.234" /><testcase classname="backend.tests.test_iteration20_multiworkspace.TestMagicLinkExistingEmail" name="test_redeem_existing_email_wrong_password_401" time="0.777" /><testcase classname="backend.tests.test_iteration20_multiworkspace.TestMagicLinkExistingEmail" name="test_redeem_existing_email_correct_password" time="0.787" /><testcase classname="backend.tests.test_iteration20_multiworkspace.TestMagicLinkExistingEmail" name="test_redeem_new_email" time="0.447" /><testcase classname="backend.tests.test_iteration20_multiworkspace.TestRegressions" name="test_workspace_members" time="0.109" /><testcase classname="backend.tests.test_iteration20_multiworkspace.TestRegressions" name="test_admin_overview" time="0.114" /><testcase classname="backend.tests.test_iteration20_multiworkspace.TestRegressions" name="test_admin_users" time="0.137" /><testcase classname="backend.tests.test_iteration20_multiworkspace.TestRegressions" name="test_dashboard" time="0.110" /><testcase classname="backend.tests.test_iteration20_multiworkspace.TestRegressions" name="test_chats" time="0.177" /><testcase classname="backend.tests.test_iteration20_multiworkspace.TestRegressions" name="test_tasks" time="0.147" /><testcase classname="backend.tests.test_iteration20_multiworkspace.TestRegressions" name="test_invites_suggestions" time="0.108" /><testcase classname="backend.tests.test_iteration20_multiworkspace.TestRegressions" name="test_invites_list" time="0.116" /></testsuite></testsuites>