<?xml version="1.0" encoding="utf-8"?><testsuites name="pytest tests"><testsuite name="pytest" errors="0" failures="0" skipped="0" tests="14" time="61.321" timestamp="2026-07-21T06:17:18.754846+00:00" hostname="agent-env-015c1b3c-39a0-4720-9273-5bbaa5379a8f"><testcase classname="tests.test_iteration111_ai_conv_phase2_batch2.TestThreadedAIActions" name="test_action_returns_ok[ask_about]" time="0.595" /><testcase classname="tests.test_iteration111_ai_conv_phase2_batch2.TestThreadedAIActions" name="test_action_returns_ok[summarize_thread]" time="2.212" /><testcase classname="tests.test_iteration111_ai_conv_phase2_batch2.TestThreadedAIActions" name="test_action_returns_ok[draft_response]" time="1.682" /><testcase classname="tests.test_iteration111_ai_conv_phase2_batch2.TestThreadedAIActions" name="test_action_returns_ok[explain_decision]" time="3.267" /><testcase classname="tests.test_iteration111_ai_conv_phase2_batch2.TestThreadedAIActions" name="test_continue_ai_starts_session_without_model" time="7.363" /><testcase classname="tests.test_iteration111_ai_conv_phase2_batch2.TestThreadedAIActions" name="test_unknown_action_returns_400" time="0.092" /><testcase classname="tests.test_iteration111_ai_conv_phase2_batch2.TestThreadedAIActions" name="test_invalid_chat_returns_404" time="0.049" /><testcase classname="tests.test_iteration111_ai_conv_phase2_batch2.TestThreadedAIActions" name="test_invalid_message_returns_404" time="0.045" /><testcase classname="tests.test_iteration111_ai_conv_phase2_batch2.TestRollingSummary" name="test_context_summary_populates" time="39.306" /><testcase classname="tests.test_iteration111_ai_conv_phase2_batch2.TestRollingSummary" name="test_summary_block_helper_shape" time="0.330" /><testcase classname="tests.test_iteration111_ai_conv_phase2_batch2.TestMultiAssistantBanner" name="test_note_active_assistant_first_call_is_noop" time="6.140" /><testcase classname="tests.test_iteration111_ai_conv_phase2_batch2.TestRegressionSanity" name="test_preferences_endpoint" time="0.048" /><testcase classname="tests.test_iteration111_ai_conv_phase2_batch2.TestRegressionSanity" name="test_workspace_settings_endpoint" time="0.047" /><testcase classname="tests.test_iteration111_ai_conv_phase2_batch2.TestRegressionSanity" name="test_roles_picker" time="0.100" /></testsuite></testsuites>