<?xml version="1.0" encoding="utf-8"?><testsuites name="pytest tests"><testsuite name="pytest" errors="0" failures="0" skipped="0" tests="33" time="14.266" timestamp="2026-05-12T23:37:37.902697+00:00" hostname="agent-env-6adf17d4-6bc2-4eec-b3a8-7ea289157f31"><testcase classname="backend.tests.test_iteration11_phase2a.TestVoiceNotes" name="test_upload_voice_note" time="0.921" /><testcase classname="backend.tests.test_iteration11_phase2a.TestVoiceNotes" name="test_get_voice_note_file_bytes" time="0.245" /><testcase classname="backend.tests.test_iteration11_phase2a.TestVoiceNotes" name="test_transcribe_then_cached" time="7.239" /><testcase classname="backend.tests.test_iteration11_phase2a.TestVoiceNotes" name="test_voice_note_summarize_returns_markdown" time="0.151" /><testcase classname="backend.tests.test_iteration11_phase2a.TestApprovals" name="test_create_draft_when_no_reviewers" time="0.144" /><testcase classname="backend.tests.test_iteration11_phase2a.TestApprovals" name="test_create_needs_review_when_reviewers" time="0.419" /><testcase classname="backend.tests.test_iteration11_phase2a.TestApprovals" name="test_list_filter_status" time="0.137" /><testcase classname="backend.tests.test_iteration11_phase2a.TestApprovals" name="test_edit_increments_version" time="0.124" /><testcase classname="backend.tests.test_iteration11_phase2a.TestApprovals" name="test_edit_adding_reviewers_flips_to_needs_review" time="0.134" /><testcase classname="backend.tests.test_iteration11_phase2a.TestApprovals" name="test_non_reviewer_cannot_decide" time="0.639" /><testcase classname="backend.tests.test_iteration11_phase2a.TestApprovals" name="test_reviewer_can_approve_locks_it" time="0.139" /><testcase classname="backend.tests.test_iteration11_phase2a.TestApprovals" name="test_locked_approval_cannot_be_edited" time="0.131" /><testcase classname="backend.tests.test_iteration11_phase2a.TestApprovals" name="test_locked_approval_further_decisions_fail" time="0.132" /><testcase classname="backend.tests.test_iteration11_phase2a.TestApprovals" name="test_edit_after_approved_via_unlock" time="0.407" /><testcase classname="backend.tests.test_iteration11_phase2a.TestExports" name="test_export_research_pdf" time="0.128" /><testcase classname="backend.tests.test_iteration11_phase2a.TestExports" name="test_export_research_docx" time="0.163" /><testcase classname="backend.tests.test_iteration11_phase2a.TestExports" name="test_export_approval_pdf" time="0.135" /><testcase classname="backend.tests.test_iteration11_phase2a.TestExports" name="test_export_approval_docx" time="0.159" /><testcase classname="backend.tests.test_iteration11_phase2a.TestExports" name="test_export_invalid_format" time="0.137" /><testcase classname="backend.tests.test_iteration11_phase2a.TestAdminDashboard" name="test_admin_overview_keys" time="0.150" /><testcase classname="backend.tests.test_iteration11_phase2a.TestAdminDashboard" name="test_admin_overview_non_admin_forbidden" time="0.196" /><testcase classname="backend.tests.test_iteration11_phase2a.TestAdminDashboard" name="test_admin_users_list" time="0.150" /><testcase classname="backend.tests.test_iteration11_phase2a.TestAdminDashboard" name="test_admin_users_non_admin_forbidden" time="0.132" /><testcase classname="backend.tests.test_iteration11_phase2a.TestAdminDashboard" name="test_admin_patch_user_role" time="0.292" /><testcase classname="backend.tests.test_iteration11_phase2a.TestAdminDashboard" name="test_admin_cannot_disable_self" time="0.142" /><testcase classname="backend.tests.test_iteration11_phase2a.TestAdminDashboard" name="test_admin_cannot_demote_only_owner" time="0.473" /><testcase classname="backend.tests.test_iteration11_phase2a.TestAdminDashboard" name="test_admin_task_analytics" time="0.145" /><testcase classname="backend.tests.test_iteration11_phase2a.TestAdminDashboard" name="test_admin_task_analytics_forbidden" time="0.158" /><testcase classname="backend.tests.test_iteration11_phase2a.TestAdminDashboard" name="test_admin_approvals_analytics" time="0.122" /><testcase classname="backend.tests.test_iteration11_phase2a.TestAdminDashboard" name="test_admin_approvals_analytics_forbidden" time="0.132" /><testcase classname="backend.tests.test_iteration11_phase2a.TestRegression" name="test_auth_me_still_works" time="0.130" /><testcase classname="backend.tests.test_iteration11_phase2a.TestRegression" name="test_leaderboard_still_works" time="0.141" /><testcase classname="backend.tests.test_iteration11_phase2a.TestRegression" name="test_my_referrals_still_works" time="0.148" /></testsuite></testsuites>