<?xml version="1.0" encoding="utf-8"?><testsuites name="pytest tests"><testsuite name="pytest" errors="0" failures="0" skipped="0" tests="12" time="25.650" timestamp="2026-05-18T06:04:11.782418+00:00" hostname="agent-env-6adf17d4-6bc2-4eec-b3a8-7ea289157f31"><testcase classname="backend.tests.test_iteration23_big_batch.TestBillingPlansAnnualFields" name="test_plans_have_annual_fields" time="0.247" /><testcase classname="backend.tests.test_iteration23_big_batch.TestBillingCheckoutCycle" name="test_annual_when_not_configured_returns_400" time="0.045" /><testcase classname="backend.tests.test_iteration23_big_batch.TestBillingCheckoutCycle" name="test_monthly_default_works" time="0.591" /><testcase classname="backend.tests.test_iteration23_big_batch.TestBillingCheckoutCycle" name="test_member_forbidden" time="0.435" /><testcase classname="backend.tests.test_iteration23_big_batch.TestStripeCustomerPortal" name="test_portal_owner_no_customer_yet_returns_400" time="0.044" /><testcase classname="backend.tests.test_iteration23_big_batch.TestStripeCustomerPortal" name="test_portal_member_forbidden" time="0.047" /><testcase classname="backend.tests.test_iteration23_big_batch.TestStandupDigest" name="test_generate_no_chat" time="11.463" /><testcase classname="backend.tests.test_iteration23_big_batch.TestStandupDigest" name="test_generate_with_chat_posts_message" time="9.691" /><testcase classname="backend.tests.test_iteration23_big_batch.TestGuestRevocation" name="test_list_guests" time="0.365" /><testcase classname="backend.tests.test_iteration23_big_batch.TestGuestRevocation" name="test_delete_guest" time="0.145" /><testcase classname="backend.tests.test_iteration23_big_batch.TestAIAnswerCreditsMetadata" name="test_ai_message_has_credits_metadata" time="2.251" /><testcase classname="backend.tests.test_iteration23_big_batch.TestDeepgramTranscription" name="test_transcribe_chunk_empty_returns_ok" time="0.306" /></testsuite></testsuites>