<?xml version="1.0" encoding="utf-8"?><testsuites name="pytest tests"><testsuite name="pytest" errors="0" failures="0" skipped="0" tests="27" time="4.020" timestamp="2026-05-12T22:22:24.211097+00:00" hostname="agent-env-6adf17d4-6bc2-4eec-b3a8-7ea289157f31"><testcase classname="backend.tests.test_iteration10_referrals.TestPublicUserFields" name="test_me_has_referral_fields" time="0.335" /><testcase classname="backend.tests.test_iteration10_referrals.TestRedeemFlow" name="test_redeem_grants_boost_and_increments_inviter" time="0.891" /><testcase classname="backend.tests.test_iteration10_referrals.TestMyReferrals" name="test_inviter_referrals_payload" time="0.149" /><testcase classname="backend.tests.test_iteration10_referrals.TestMyReferrals" name="test_joiner_referrals_payload_shows_boost" time="0.137" /><testcase classname="backend.tests.test_iteration10_referrals.TestProgressBoundaries" name="test_next_badge_boundaries[0-bronze-1]" time="1.683" /><testcase classname="backend.tests.test_iteration10_referrals.TestProgressBoundaries" name="test_next_badge_boundaries[1-silver-4]" time="0.000" /><testcase classname="backend.tests.test_iteration10_referrals.TestProgressBoundaries" name="test_next_badge_boundaries[4-silver-1]" time="0.000" /><testcase classname="backend.tests.test_iteration10_referrals.TestProgressBoundaries" name="test_next_badge_boundaries[5-gold-10]" time="0.000" /><testcase classname="backend.tests.test_iteration10_referrals.TestProgressBoundaries" name="test_next_badge_boundaries[14-gold-1]" time="0.000" /><testcase classname="backend.tests.test_iteration10_referrals.TestProgressBoundaries" name="test_next_badge_boundaries[15-platinum-35]" time="0.000" /><testcase classname="backend.tests.test_iteration10_referrals.TestProgressBoundaries" name="test_next_badge_boundaries[49-platinum-1]" time="0.000" /><testcase classname="backend.tests.test_iteration10_referrals.TestProgressBoundaries" name="test_next_badge_boundaries[50-None-0]" time="0.002" /><testcase classname="backend.tests.test_iteration10_referrals.TestProgressBoundaries" name="test_next_badge_boundaries[100-None-0]" time="0.000" /><testcase classname="backend.tests.test_iteration10_referrals.TestProgressBoundaries" name="test_badge_tiers[0-None]" time="0.000" /><testcase classname="backend.tests.test_iteration10_referrals.TestProgressBoundaries" name="test_badge_tiers[1-bronze]" time="0.000" /><testcase classname="backend.tests.test_iteration10_referrals.TestProgressBoundaries" name="test_badge_tiers[4-bronze]" time="0.000" /><testcase classname="backend.tests.test_iteration10_referrals.TestProgressBoundaries" name="test_badge_tiers[5-silver]" time="0.000" /><testcase classname="backend.tests.test_iteration10_referrals.TestProgressBoundaries" name="test_badge_tiers[14-silver]" time="0.000" /><testcase classname="backend.tests.test_iteration10_referrals.TestProgressBoundaries" name="test_badge_tiers[15-gold]" time="0.000" /><testcase classname="backend.tests.test_iteration10_referrals.TestProgressBoundaries" name="test_badge_tiers[49-gold]" time="0.000" /><testcase classname="backend.tests.test_iteration10_referrals.TestProgressBoundaries" name="test_badge_tiers[50-platinum]" time="0.000" /><testcase classname="backend.tests.test_iteration10_referrals.TestProgressBoundaries" name="test_badge_tiers[500-platinum]" time="0.000" /><testcase classname="backend.tests.test_iteration10_referrals.TestLeaderboard" name="test_workspace_scope" time="0.162" /><testcase classname="backend.tests.test_iteration10_referrals.TestLeaderboard" name="test_global_scope" time="0.312" /><testcase classname="backend.tests.test_iteration10_referrals.TestLeaderboard" name="test_limit_cap" time="0.140" /><testcase classname="backend.tests.test_iteration10_referrals.TestLeaderboard" name="test_default_limit_is_10" time="0.154" /><testcase classname="backend.tests.test_iteration10_referrals.TestNoRegression" name="test_invite_link_still_returns_token" time="0.000" /></testsuite></testsuites>