<?xml version="1.0" encoding="utf-8"?><testsuites name="pytest tests"><testsuite name="pytest" errors="0" failures="0" skipped="1" tests="32" time="9.462" timestamp="2026-07-05T18:29:03.793806+00:00" hostname="agent-env-6adf17d4-6bc2-4eec-b3a8-7ea289157f31"><testcase classname="tests.test_iteration77_router_split.TestKeptRoutes" name="test_list_dev_projects" time="0.244" /><testcase classname="tests.test_iteration77_router_split.TestKeptRoutes" name="test_get_single_dev_project" time="0.110" /><testcase classname="tests.test_iteration77_router_split.TestKeptRoutes" name="test_templates_list" time="0.052" /><testcase classname="tests.test_iteration77_router_split.TestKeptRoutes" name="test_env_vars_get" time="0.055" /><testcase classname="tests.test_iteration77_router_split.TestKeptRoutes" name="test_env_vars_put" time="0.098" /><testcase classname="tests.test_iteration77_router_split.TestTasksRoutes" name="test_get_dev_tasks" time="0.051" /><testcase classname="tests.test_iteration77_router_split.TestTasksRoutes" name="test_create_dev_task" time="0.048" /><testcase classname="tests.test_iteration77_router_split.TestTasksRoutes" name="test_patch_dev_task_status" time="0.047" /><testcase classname="tests.test_iteration77_router_split.TestTasksRoutes" name="test_improvement_proposals" time="0.050" /><testcase classname="tests.test_iteration77_router_split.TestTasksRoutes" name="test_role_claims_returns_catalog" time="0.048" /><testcase classname="tests.test_iteration77_router_split.TestTasksRoutes" name="test_role_claims_404" time="0.054" /><testcase classname="tests.test_iteration77_router_split.TestFilesRoutes" name="test_list_files" time="0.051" /><testcase classname="tests.test_iteration77_router_split.TestFilesRoutes" name="test_get_single_file" time="0.052" /><testcase classname="tests.test_iteration77_router_split.TestFilesRoutes" name="test_put_file_content" time="0.152" /><testcase classname="tests.test_iteration77_router_split.TestFilesRoutes" name="test_file_snapshots" time="0.056" /><testcase classname="tests.test_iteration77_router_split.TestFilesRoutes" name="test_release_notes" time="0.047" /><testcase classname="tests.test_iteration77_router_split.TestFilesRoutes" name="test_memory_get" time="0.051" /><testcase classname="tests.test_iteration77_router_split.TestFilesRoutes" name="test_audit_log" time="0.049" /><testcase classname="tests.test_iteration77_router_split.TestPreviewRoutes" name="test_preview_index_html_no_auth" time="0.117" /><testcase classname="tests.test_iteration77_router_split.TestPreviewRoutes" name="test_presence_heartbeat" time="0.055" /><testcase classname="tests.test_iteration77_router_split.TestPreviewRoutes" name="test_presence_delete" time="0.050" /><testcase classname="tests.test_iteration77_router_split.TestPreviewRoutes" name="test_share_token_then_public_serve" time="0.160" /><testcase classname="tests.test_iteration77_router_split.TestBrowserSmoke" name="test_smoke_test_headless" time="3.224" /><testcase classname="tests.test_iteration77_router_split.TestBrowserSmoke" name="test_gates_run" time="3.163" /><testcase classname="tests.test_iteration77_router_split.TestCustomDomain" name="test_publish_returns_slug" time="0.050" /><testcase classname="tests.test_iteration77_router_split.TestCustomDomain" name="test_patch_production_custom_domain" time="0.051" /><testcase classname="tests.test_iteration77_router_split.TestCustomDomain" name="test_p_resolve_public_no_auth" time="0.452" /><testcase classname="tests.test_iteration77_router_split.TestCustomDomain" name="test_p_resolve_unknown_host_404" time="0.101" /><testcase classname="tests.test_iteration77_router_split.TestTemplateDemo" name="test_ap_ledger_demo_index_html_public" time="0.107" /><testcase classname="tests.test_iteration77_router_split.TestTemplateDemo" name="test_ap_ledger_demo_app_js_public" time="0.120" /><testcase classname="tests.test_iteration77_router_split.TestTemplateDemo" name="test_saas_dashboard_demo_404_no_code" time="0.101" /><testcase classname="tests.test_iteration77_router_split.TestTalkEndpoint" name="test_talk_returns_smoke_and_files" time="0.320"><skipped type="pytest.skip" message="LLM budget cap: {&quot;ok&quot;:false,&quot;reason&quot;:&quot;llm_error&quot;,&quot;summary&quot;:&quot;AI error: Failed to generate chat completion: litellm.BadRequestError: OpenAIException - Budget has been exceeded! Current cost: 21.01986335, Max budget: 21">/app/backend/tests/test_iteration77_router_split.py:346: LLM budget cap: {"ok":false,"reason":"llm_error","summary":"AI error: Failed to generate chat completion: litellm.BadRequestError: OpenAIException - Budget has been exceeded! Current cost: 21.01986335, Max budget: 21</skipped></testcase></testsuite></testsuites>