<?xml version="1.0" encoding="utf-8"?><testsuites name="pytest tests"><testsuite name="pytest" errors="0" failures="0" skipped="0" tests="11" time="5.473" timestamp="2026-08-19T02:18:47.978212+00:00" hostname="agent-env-015c1b3c-39a0-4720-9273-5bbaa5379a8f"><testcase classname="backend.tests.test_iteration141_home_role_based.TestHomeSummary" name="test_unauth_401" time="0.222" /><testcase classname="backend.tests.test_iteration141_home_role_based.TestHomeSummary" name="test_sam_summary" time="0.436" /><testcase classname="backend.tests.test_iteration141_home_role_based.TestHomeChecklist" name="test_unauth_401" time="0.127" /><testcase classname="backend.tests.test_iteration141_home_role_based.TestHomeChecklist" name="test_sam_checklist_all_7_done" time="0.452" /><testcase classname="backend.tests.test_iteration141_home_role_based.TestHomeChecklist" name="test_os_checklist_partial" time="0.422" /><testcase classname="backend.tests.test_iteration141_home_role_based.TestPersonaOnboarding" name="test_set_persona_persists_on_me[business]" time="0.533" /><testcase classname="backend.tests.test_iteration141_home_role_based.TestPersonaOnboarding" name="test_set_persona_persists_on_me[student]" time="0.591" /><testcase classname="backend.tests.test_iteration141_home_role_based.TestPersonaOnboarding" name="test_set_persona_persists_on_me[enterprise]" time="0.580" /><testcase classname="backend.tests.test_iteration141_home_role_based.TestPersonaOnboarding" name="test_set_persona_persists_on_me[personal]" time="0.572" /><testcase classname="backend.tests.test_iteration141_home_role_based.TestPersonaOnboarding" name="test_set_persona_persists_on_me[team]" time="0.623" /><testcase classname="backend.tests.test_iteration141_home_role_based.TestPersonaOnboarding" name="test_wrong_route_from_spec_404" time="0.873" /></testsuite></testsuites>