<?xml version="1.0" encoding="utf-8"?><testsuites name="pytest tests"><testsuite name="pytest" errors="0" failures="0" skipped="0" tests="10" time="71.302" timestamp="2026-06-22T08:11:39.578040+00:00" hostname="agent-env-6adf17d4-6bc2-4eec-b3a8-7ea289157f31"><testcase classname="backend.tests.test_iteration62_dev_chat.TestCreateDevChat" name="test_create_returns_chat_and_project" time="0.180" /><testcase classname="backend.tests.test_iteration62_dev_chat.TestCreateDevChat" name="test_create_posts_two_system_messages" time="0.048" /><testcase classname="backend.tests.test_iteration62_dev_chat.TestGetChatShape" name="test_dev_chat_returns_new_fields" time="0.084" /><testcase classname="backend.tests.test_iteration62_dev_chat.TestGetChatShape" name="test_normal_chat_defaults" time="0.133" /><testcase classname="backend.tests.test_iteration62_dev_chat.TestRolesManifest" name="test_returns_14_rows" time="0.042" /><testcase classname="backend.tests.test_iteration62_dev_chat.TestSpecialistMention" name="test_at_architect_triggers_architect" time="2.894" /><testcase classname="backend.tests.test_iteration62_dev_chat.TestSpecialistMention" name="test_at_qa_triggers_qa" time="8.199" /><testcase classname="backend.tests.test_iteration62_dev_chat.TestSpecialistMention" name="test_at_devmgr_triggers_devmgr" time="2.091" /><testcase classname="backend.tests.test_iteration62_dev_chat.TestDevGroupFanout" name="test_at_dev_fans_out_to_8" time="49.519" /><testcase classname="backend.tests.test_iteration62_dev_chat.TestNonDevChatGuard" name="test_at_architect_in_normal_chat_does_not_trigger" time="8.089" /></testsuite></testsuites>