<?xml version="1.0" encoding="utf-8"?><testsuites name="pytest tests"><testsuite name="pytest" errors="0" failures="0" skipped="1" tests="11" time="1.040" timestamp="2026-06-27T09:07:51.792980+00:00" hostname="agent-env-6adf17d4-6bc2-4eec-b3a8-7ea289157f31"><testcase classname="backend.tests.test_iteration71_presence.TestPresenceHeartbeat" name="test_heartbeat_single_user" time="0.271" /><testcase classname="backend.tests.test_iteration71_presence.TestPresenceHeartbeat" name="test_delete_presence" time="0.086" /><testcase classname="backend.tests.test_iteration71_presence.TestPresenceHeartbeat" name="test_delete_then_heartbeat_upserts" time="0.170" /><testcase classname="backend.tests.test_iteration71_presence.TestPresenceHeartbeat" name="test_heartbeat_unknown_project_404" time="0.045" /><testcase classname="backend.tests.test_iteration71_presence.TestPresenceIsolation" name="test_heartbeat_other_workspace_404" time="0.046" /><testcase classname="backend.tests.test_iteration71_presence.TestPresenceMultiUser" name="test_others_excludes_caller_includes_other_user" time="0.045" /><testcase classname="backend.tests.test_iteration71_presence.TestPresenceMultiUser" name="test_ttl_excludes_stale_rows" time="0.046" /><testcase classname="backend.tests.test_iteration71_presence.TestChatPreviewViewers" name="test_nonexistent_chat_404" time="0.085" /><testcase classname="backend.tests.test_iteration71_presence.TestChatPreviewViewers" name="test_chat_without_linked_project_returns_empty" time="0.044" /><testcase classname="backend.tests.test_iteration71_presence.TestChatPreviewViewers" name="test_chat_with_linked_project_via_related_chat_id_fallback" time="0.047" /><testcase classname="backend.tests.test_iteration71_presence.TestTalkToBuildSync" name="test_talk_returns_files_changed" time="0.000"><skipped type="pytest.skip" message="EMERGENT_LLM_KEY not set">/app/backend/tests/test_iteration71_presence.py:258: EMERGENT_LLM_KEY not set</skipped></testcase></testsuite></testsuites>