<?xml version="1.0" encoding="utf-8"?><testsuites name="pytest tests"><testsuite name="pytest" errors="0" failures="1" skipped="0" tests="35" time="19.279" timestamp="2026-05-12T05:26:42.572743+00:00" hostname="agent-env-6adf17d4-6bc2-4eec-b3a8-7ea289157f31"><testcase classname="backend.tests.test_emergent_ai_teams.TestHealth" name="test_root" time="0.173"><failure message="AssertionError: assert 'teamnest' == 'emergent-ai-teams'&#10;  &#10;  - emergent-ai-teams&#10;  + teamnest">backend/tests/test_emergent_ai_teams.py:29: in test_root
    assert data.get("service") == "emergent-ai-teams"
E   AssertionError: assert 'teamnest' == 'emergent-ai-teams'
E     
E     - emergent-ai-teams
E     + teamnest</failure></testcase><testcase classname="backend.tests.test_emergent_ai_teams.TestAuth" name="test_demo_login" time="0.044" /><testcase classname="backend.tests.test_emergent_ai_teams.TestAuth" name="test_login_seeded_user" time="0.277" /><testcase classname="backend.tests.test_emergent_ai_teams.TestAuth" name="test_login_invalid" time="0.266" /><testcase classname="backend.tests.test_emergent_ai_teams.TestAuth" name="test_signup_new_user" time="0.268" /><testcase classname="backend.tests.test_emergent_ai_teams.TestAuth" name="test_me" time="0.055" /><testcase classname="backend.tests.test_emergent_ai_teams.TestAuth" name="test_me_no_token" time="0.102" /><testcase classname="backend.tests.test_emergent_ai_teams.TestWorkspace" name="test_get_workspace" time="0.044" /><testcase classname="backend.tests.test_emergent_ai_teams.TestWorkspace" name="test_members" time="0.051" /><testcase classname="backend.tests.test_emergent_ai_teams.TestWorkspace" name="test_invite" time="0.273" /><testcase classname="backend.tests.test_emergent_ai_teams.TestChats" name="test_list_chats" time="0.051" /><testcase classname="backend.tests.test_emergent_ai_teams.TestChats" name="test_create_chat" time="0.048" /><testcase classname="backend.tests.test_emergent_ai_teams.TestMessages" name="test_send_message" time="0.047" /><testcase classname="backend.tests.test_emergent_ai_teams.TestMessages" name="test_list_messages" time="0.045" /><testcase classname="backend.tests.test_emergent_ai_teams.TestMessages" name="test_edit_message" time="0.048" /><testcase classname="backend.tests.test_emergent_ai_teams.TestMessages" name="test_react" time="0.047" /><testcase classname="backend.tests.test_emergent_ai_teams.TestMessages" name="test_pin" time="0.046" /><testcase classname="backend.tests.test_emergent_ai_teams.TestMessages" name="test_delete_message" time="0.105" /><testcase classname="backend.tests.test_emergent_ai_teams.TestAI" name="test_ai_research_real_and_simulated" time="9.947" /><testcase classname="backend.tests.test_emergent_ai_teams.TestAI" name="test_get_research" time="0.047" /><testcase classname="backend.tests.test_emergent_ai_teams.TestAI" name="test_vote_categories" time="0.232" /><testcase classname="backend.tests.test_emergent_ai_teams.TestAI" name="test_select_best" time="0.096" /><testcase classname="backend.tests.test_emergent_ai_teams.TestAI" name="test_synthesize" time="3.827" /><testcase classname="backend.tests.test_emergent_ai_teams.TestAI" name="test_improve_message" time="0.779" /><testcase classname="backend.tests.test_emergent_ai_teams.TestFolders" name="test_create_folder" time="0.059" /><testcase classname="backend.tests.test_emergent_ai_teams.TestFolders" name="test_list_folders" time="0.046" /><testcase classname="backend.tests.test_emergent_ai_teams.TestFolders" name="test_save_research" time="0.055" /><testcase classname="backend.tests.test_emergent_ai_teams.TestFolders" name="test_get_folder_details" time="0.053" /><testcase classname="backend.tests.test_emergent_ai_teams.TestTasks" name="test_create_task_with_reminder" time="0.688" /><testcase classname="backend.tests.test_emergent_ai_teams.TestTasks" name="test_list_tasks_all" time="0.045" /><testcase classname="backend.tests.test_emergent_ai_teams.TestTasks" name="test_list_tasks_mine" time="0.047" /><testcase classname="backend.tests.test_emergent_ai_teams.TestTasks" name="test_update_task" time="0.061" /><testcase classname="backend.tests.test_emergent_ai_teams.TestTasks" name="test_delete_task" time="0.099" /><testcase classname="backend.tests.test_emergent_ai_teams.TestDashboard" name="test_dashboard" time="0.049" /><testcase classname="backend.tests.test_emergent_ai_teams.TestWebSocket" name="test_ws_broadcast" time="1.059" /></testsuite></testsuites>