<?xml version="1.0" encoding="utf-8"?><testsuites name="pytest tests"><testsuite name="pytest" errors="0" failures="0" skipped="0" tests="6" time="1.627" timestamp="2026-06-22T01:03:41.586782+00:00" hostname="agent-env-6adf17d4-6bc2-4eec-b3a8-7ea289157f31"><testcase classname="backend.tests.test_iteration59_p2batch.TestAuditLog" name="test_audit_log_shape" time="0.399" /><testcase classname="backend.tests.test_iteration59_p2batch.TestWsToken" name="test_ws_token_issued" time="0.067" /><testcase classname="backend.tests.test_iteration59_p2batch.TestPresenceWebSocket" name="test_presence_happy_path" time="0.455" /><testcase classname="backend.tests.test_iteration59_p2batch.TestPresenceWebSocket" name="test_presence_bad_token_closes_4401" time="0.142" /><testcase classname="backend.tests.test_iteration59_p2batch.TestPresenceWebSocket" name="test_presence_wrong_project_closes_4403" time="0.204" /><testcase classname="backend.tests.test_iteration59_p2batch.TestMailgunModule" name="test_import_and_configured" time="0.332" /></testsuite></testsuites>