<?xml version="1.0" encoding="utf-8"?><testsuites name="pytest tests"><testsuite name="pytest" errors="0" failures="0" skipped="0" tests="10" time="12.410" timestamp="2026-07-09T06:30:08.733425+00:00" hostname="agent-env-015c1b3c-39a0-4720-9273-5bbaa5379a8f"><testcase classname="backend.tests.test_iteration91_p2p3_curation.TestDropAnnouncement" name="test_template_copy_all_platforms" time="0.308" /><testcase classname="backend.tests.test_iteration91_p2p3_curation.TestDropAnnouncement" name="test_ai_rewrite_all_platforms" time="10.744" /><testcase classname="backend.tests.test_iteration91_p2p3_curation.TestDropAnnouncement" name="test_unknown_drop_404" time="0.058" /><testcase classname="backend.tests.test_iteration91_p2p3_curation.TestMarketCategories" name="test_public_categories_active_only" time="0.129" /><testcase classname="backend.tests.test_iteration91_p2p3_curation.TestMarketCategories" name="test_admin_category_crud" time="0.419" /><testcase classname="backend.tests.test_iteration91_p2p3_curation.TestMarketCategories" name="test_create_duplicate_category_rejected" time="0.136" /><testcase classname="backend.tests.test_iteration91_p2p3_curation.TestMarketFeatured" name="test_admin_lists_featured_first" time="0.045" /><testcase classname="backend.tests.test_iteration91_p2p3_curation.TestMarketFeatured" name="test_toggle_featured_and_public_ordering" time="0.291" /><testcase classname="backend.tests.test_iteration91_p2p3_curation.TestMarketFeatured" name="test_feature_unknown_id_404" time="0.048" /><testcase classname="backend.tests.test_iteration91_p2p3_curation.TestMarketFeatured" name="test_public_category_filter" time="0.207" /></testsuite></testsuites>