<?xml version="1.0" encoding="utf-8"?><testsuites name="pytest tests"><testsuite name="pytest" errors="0" failures="0" skipped="0" tests="9" time="56.546" timestamp="2026-07-21T19:50:27.606713+00:00" hostname="agent-env-015c1b3c-39a0-4720-9273-5bbaa5379a8f"><testcase classname="tests.test_iteration112_ai_conv_phase2_polish.TestRoutePreview" name="test_short_followup_scores_ai" time="0.489" /><testcase classname="tests.test_iteration112_ai_conv_phase2_polish.TestRoutePreview" name="test_thanks_routes_to_chat" time="0.062" /><testcase classname="tests.test_iteration112_ai_conv_phase2_polish.TestRoutePreview" name="test_threshold_override_changes_decision" time="0.172" /><testcase classname="tests.test_iteration112_ai_conv_phase2_polish.TestRoutePreview" name="test_available_to_any_authed_user" time="0.055" /><testcase classname="tests.test_iteration112_ai_conv_phase2_polish.TestAiSessionExposesSummary" name="test_session_shape" time="0.124" /><testcase classname="tests.test_iteration112_ai_conv_phase2_polish.TestAiSessionExposesSummary" name="test_session_populates_after_ai" time="8.183" /><testcase classname="tests.test_iteration112_ai_conv_phase2_polish.TestAIEmployeeSessionHook" name="test_employee_reply_updates_session_assistant" time="25.185" /><testcase classname="tests.test_iteration112_ai_conv_phase2_polish.TestAIEmployeeSessionHook" name="test_followup_routes_to_same_employee" time="12.405" /><testcase classname="tests.test_iteration112_ai_conv_phase2_polish.TestSaveToRoleImport" name="test_save_to_role_proposed_gt_zero_no_500" time="9.847" /></testsuite></testsuites>