<?xml version="1.0" encoding="utf-8"?><testsuites name="pytest tests"><testsuite name="pytest" errors="0" failures="0" skipped="0" tests="20" time="5.659" timestamp="2026-07-07T03:49:00.936294+00:00" hostname="agent-env-6adf17d4-6bc2-4eec-b3a8-7ea289157f31"><testcase classname="tests.test_iteration85_launch_invite" name="test_launch_config_invite_only" time="0.164" /><testcase classname="tests.test_iteration85_launch_invite" name="test_signup_gated_invite_required" time="0.104" /><testcase classname="tests.test_iteration85_launch_invite" name="test_waitlist_join_and_referral" time="0.503" /><testcase classname="tests.test_iteration85_launch_invite" name="test_code_states" time="0.198" /><testcase classname="tests.test_iteration85_launch_invite" name="test_redeem_devos100_new_account" time="0.496" /><testcase classname="tests.test_iteration85_launch_invite" name="test_my_invites_shows_personal_codes" time="0.050" /><testcase classname="tests.test_iteration85_launch_invite" name="test_personal_code_redeem_and_team_multiplier" time="0.441" /><testcase classname="tests.test_iteration85_launch_invite" name="test_invited_user_checkout_not_launch_gated" time="0.336" /><testcase classname="tests.test_iteration85_launch_invite" name="test_waitlist_status_user_checkout_gated" time="0.527" /><testcase classname="tests.test_iteration85_launch_invite" name="test_drop_devos100" time="0.132" /><testcase classname="tests.test_iteration85_launch_invite" name="test_leaderboard_masks_names" time="0.099" /><testcase classname="tests.test_iteration85_launch_invite" name="test_admin_waitlist_list" time="0.674" /><testcase classname="tests.test_iteration85_launch_invite" name="test_admin_approve_waitlist" time="0.208" /><testcase classname="tests.test_iteration85_launch_invite" name="test_admin_generate_codes" time="0.187" /><testcase classname="tests.test_iteration85_launch_invite" name="test_admin_create_drop" time="0.050" /><testcase classname="tests.test_iteration85_launch_invite" name="test_admin_grant_invites" time="0.051" /><testcase classname="tests.test_iteration85_launch_invite" name="test_admin_analytics" time="0.055" /><testcase classname="tests.test_iteration85_launch_invite" name="test_admin_emails_preview" time="0.052" /><testcase classname="tests.test_iteration85_launch_invite" name="test_admin_waitlist_export_csv" time="0.049" /><testcase classname="tests.test_iteration85_launch_invite" name="test_admin_settings_mode_switch_and_restore" time="1.219" /></testsuite></testsuites>