<?xml version="1.0" encoding="utf-8"?><testsuites name="pytest tests"><testsuite name="pytest" errors="0" failures="0" skipped="0" tests="15" time="5.007" timestamp="2026-05-17T03:42:43.658469+00:00" hostname="agent-env-6adf17d4-6bc2-4eec-b3a8-7ea289157f31"><testcase classname="backend.tests.test_iteration22_profile_billing_guest.TestProfile" name="test_patch_profile_name" time="0.321" /><testcase classname="backend.tests.test_iteration22_profile_billing_guest.TestProfile" name="test_patch_profile_phone_dup_rejected" time="0.568" /><testcase classname="backend.tests.test_iteration22_profile_billing_guest.TestProfile" name="test_patch_profile_owner_avatar_phone" time="0.205" /><testcase classname="backend.tests.test_iteration22_profile_billing_guest.TestProfile" name="test_change_password_wrong_current" time="0.367" /><testcase classname="backend.tests.test_iteration22_profile_billing_guest.TestProfile" name="test_change_email_wrong_password" time="0.324" /><testcase classname="backend.tests.test_iteration22_profile_billing_guest.TestProfile" name="test_change_email_collision" time="0.324" /><testcase classname="backend.tests.test_iteration22_profile_billing_guest.TestBilling" name="test_plans" time="0.101" /><testcase classname="backend.tests.test_iteration22_profile_billing_guest.TestBilling" name="test_billing_me_auto_creates_free" time="0.101" /><testcase classname="backend.tests.test_iteration22_profile_billing_guest.TestBilling" name="test_billing_usage_shape" time="0.099" /><testcase classname="backend.tests.test_iteration22_profile_billing_guest.TestBilling" name="test_checkout_non_owner_forbidden" time="0.118" /><testcase classname="backend.tests.test_iteration22_profile_billing_guest.TestBilling" name="test_checkout_owner_returns_stripe_url" time="0.576" /><testcase classname="backend.tests.test_iteration22_profile_billing_guest.TestBilling" name="test_checkout_free_plan_rejected" time="0.120" /><testcase classname="backend.tests.test_iteration22_profile_billing_guest.TestBilling" name="test_credit_exhaustion_blocks_premium_allows_free" time="0.513" /><testcase classname="backend.tests.test_iteration22_profile_billing_guest.TestGuestInvite" name="test_invite_new_guest_by_email" time="0.996" /><testcase classname="backend.tests.test_iteration22_profile_billing_guest.TestGuestInvite" name="test_invite_existing_user_no_password" time="0.223" /></testsuite></testsuites>