<?xml version="1.0" encoding="utf-8"?><testsuites name="pytest tests"><testsuite name="pytest" errors="0" failures="0" skipped="1" tests="11" time="40.512" timestamp="2026-06-26T18:32:29.097990+00:00" hostname="agent-env-6adf17d4-6bc2-4eec-b3a8-7ea289157f31"><testcase classname="backend.tests.test_iteration70_working_spa.TestWorkingSPACodegen" name="test_seven_files_exist" time="0.626" /><testcase classname="backend.tests.test_iteration70_working_spa.TestWorkingSPACodegen" name="test_index_html_has_login_and_app_views" time="0.381" /><testcase classname="backend.tests.test_iteration70_working_spa.TestWorkingSPACodegen" name="test_index_html_has_email_password_signin" time="0.396" /><testcase classname="backend.tests.test_iteration70_working_spa.TestWorkingSPACodegen" name="test_app_js_references_localstorage_and_demo" time="0.375" /><testcase classname="backend.tests.test_iteration70_working_spa.TestWorkingSPACodegen" name="test_backend_server_has_login_and_cors" time="0.617" /><testcase classname="backend.tests.test_iteration70_working_spa.TestHireDevTeamEndpoint" name="test_checkout_endpoint_exists" time="0.000"><skipped type="pytest.skip" message="Project has no related_chat_id; toolbar btn is intentionally hidden">/app/backend/tests/test_iteration70_working_spa.py:135: Project has no related_chat_id; toolbar btn is intentionally hidden</skipped></testcase><testcase classname="backend.tests.test_iteration70_working_spa.TestTalkToBuild" name="test_talk_with_role_key" time="16.373" /><testcase classname="backend.tests.test_iteration70_working_spa.TestTalkToBuild" name="test_talk_without_role_key_backwards_compat" time="19.670" /><testcase classname="backend.tests.test_iteration70_working_spa.TestRoleClaims" name="test_role_claims_get" time="0.050" /><testcase classname="backend.tests.test_iteration70_working_spa.TestRoleClaims" name="test_role_claim_post_and_delete" time="0.093" /><testcase classname="backend.tests.test_iteration70_working_spa.TestAutoStartCopy" name="test_auto_start_message_new_copy" time="1.885" /></testsuite></testsuites>