<?xml version="1.0" encoding="utf-8"?><testsuites name="pytest tests"><testsuite name="pytest" errors="0" failures="0" skipped="0" tests="12" time="2.032" timestamp="2026-07-10T16:17:53.278035+00:00" hostname="agent-env-015c1b3c-39a0-4720-9273-5bbaa5379a8f"><testcase classname="tests.test_iteration93_ai_employee_builder" name="test_requires_auth" time="0.267" /><testcase classname="tests.test_iteration93_ai_employee_builder" name="test_templates_list" time="0.317" /><testcase classname="tests.test_iteration93_ai_employee_builder" name="test_template_detail" time="0.053" /><testcase classname="tests.test_iteration93_ai_employee_builder" name="test_template_detail_404" time="0.046" /><testcase classname="tests.test_iteration93_ai_employee_builder" name="test_dashboard_shape" time="0.054" /><testcase classname="tests.test_iteration93_ai_employee_builder" name="test_create_blank" time="0.102" /><testcase classname="tests.test_iteration93_ai_employee_builder" name="test_create_from_template" time="0.149" /><testcase classname="tests.test_iteration93_ai_employee_builder" name="test_create_from_template_invalid" time="0.050" /><testcase classname="tests.test_iteration93_ai_employee_builder" name="test_create_from_job_description" time="0.098" /><testcase classname="tests.test_iteration93_ai_employee_builder" name="test_full_lifecycle" time="0.765" /><testcase classname="tests.test_iteration93_ai_employee_builder" name="test_delete_missing" time="0.055" /><testcase classname="tests.test_iteration93_ai_employee_builder" name="test_doc_on_missing_employee" time="0.052" /></testsuite></testsuites>