<?xml version="1.0" encoding="utf-8"?><testsuites name="pytest tests"><testsuite name="pytest" errors="0" failures="0" skipped="2" tests="11" time="0.771" timestamp="2026-05-15T06:13:48.022475+00:00" hostname="agent-env-6adf17d4-6bc2-4eec-b3a8-7ea289157f31"><testcase classname="backend.tests.test_iteration16_highlights" name="test_get_highlights_seeded_call" time="0.186" /><testcase classname="backend.tests.test_iteration16_highlights" name="test_get_highlights_unknown_call_404" time="0.048" /><testcase classname="backend.tests.test_iteration16_highlights" name="test_get_highlights_unauth_401" time="0.129" /><testcase classname="backend.tests.test_iteration16_highlights" name="test_highlight_shape_and_kinds" time="0.048" /><testcase classname="backend.tests.test_iteration16_highlights" name="test_highlight_quality_decision_and_action" time="0.047" /><testcase classname="backend.tests.test_iteration16_highlights" name="test_post_highlights_cached" time="0.050" /><testcase classname="backend.tests.test_iteration16_highlights" name="test_post_highlights_regenerate" time="0.000"><skipped type="pytest.skip" message="Calls Claude — slow">/app/backend/tests/test_iteration16_highlights.py:94: Calls Claude — slow</skipped></testcase><testcase classname="backend.tests.test_iteration16_highlights" name="test_post_highlights_unknown_call_404" time="0.046" /><testcase classname="backend.tests.test_iteration16_highlights" name="test_post_highlights_unauth_401" time="0.098" /><testcase classname="backend.tests.test_iteration16_highlights" name="test_post_highlights_empty_call" time="0.099" /><testcase classname="backend.tests.test_iteration16_highlights" name="test_end_call_triggers_background_highlights" time="0.001"><skipped type="pytest.skip" message="Calls Claude — slow">/app/backend/tests/test_iteration16_highlights.py:143: Calls Claude — slow</skipped></testcase></testsuite></testsuites>