<?xml version="1.0" encoding="utf-8"?><testsuites name="pytest tests"><testsuite name="pytest" errors="0" failures="1" skipped="0" tests="1" time="47.298" timestamp="2026-06-26T18:29:05.218279+00:00" hostname="agent-env-6adf17d4-6bc2-4eec-b3a8-7ea289157f31"><testcase classname="backend.tests.test_iteration70_working_spa.TestAutoStartCopy" name="test_auto_start_message_new_copy" time="47.139"><failure message="requests.exceptions.ReadTimeout: HTTPSConnectionPool(host='emergent-ai-teams.preview.emergentagent.com', port=443): Read timed out. (read timeout=30)">self = &lt;urllib3.connectionpool.HTTPSConnectionPool object at 0xfcaac89ff190&gt;
conn = &lt;HTTPSConnection(host='emergent-ai-teams.preview.emergentagent.com', port=443) at 0xfcaac89fc490&gt;
method = 'GET', url = '/api/chats/90e64919-e400-462b-b82a-d3795f92ab91/messages'
body = None
headers = {'User-Agent': 'python-requests/2.33.1', 'Accept-Encoding': 'gzip, deflate', 'Accept': '*/*', 'Connection': 'keep-aliv...mcjG79ALyJJ6bTjrJuPQpkof8tigQMOvIYiIgDildNYYOlh8UmuA8hA4mjqHmtm3HEaxdchzujVuC.kLkpMNZ2m2vHOGDFhGmMYvi92_pj_A44tyKioOO'}
retries = Retry(total=0, connect=None, read=False, redirect=None, status=None)
timeout = Timeout(connect=30, read=30, total=None), chunked = False
response_conn = &lt;HTTPSConnection(host='emergent-ai-teams.preview.emergentagent.com', port=443) at 0xfcaac89fc490&gt;
preload_content = False, decode_content = False, enforce_content_length = True

    def _make_request(
        self,
        conn: BaseHTTPConnection,
        method: str,
        url: str,
        body: _TYPE_BODY | None = None,
        headers: typing.Mapping[str, str] | None = None,
        retries: Retry | None = None,
        timeout: _TYPE_TIMEOUT = _DEFAULT_TIMEOUT,
        chunked: bool = False,
        response_conn: BaseHTTPConnection | None = None,
        preload_content: bool = True,
        decode_content: bool = True,
        enforce_content_length: bool = True,
    ) -&gt; BaseHTTPResponse:
        """
        Perform a request on a given urllib connection object taken from our
        pool.
    
        :param conn:
            a connection from one of our connection pools
    
        :param method:
            HTTP request method (such as GET, POST, PUT, etc.)
    
        :param url:
            The URL to perform the request on.
    
        :param body:
            Data to send in the request body, either :class:`str`, :class:`bytes`,
            an iterable of :class:`str`/:class:`bytes`, or a file-like object.
    
        :param headers:
            Dictionary of custom headers to send, such as User-Agent,
            If-None-Match, etc. If None, pool headers are used. If provided,
            these headers completely replace any pool-specific headers.
    
        :param retries:
            Configure the number of retries to allow before raising a
            :class:`~urllib3.exceptions.MaxRetryError` exception.
    
            Pass ``None`` to retry until you receive a response. Pass a
            :class:`~urllib3.util.retry.Retry` object for fine-grained control
            over different types of retries.
            Pass an integer number to retry connection errors that many times,
            but no other types of errors. Pass zero to never retry.
    
            If ``False``, then retries are disabled and any exception is raised
            immediately. Also, instead of raising a MaxRetryError on redirects,
            the redirect response will be returned.
    
        :type retries: :class:`~urllib3.util.retry.Retry`, False, or an int.
    
        :param timeout:
            If specified, overrides the default timeout for this one
            request. It may be a float (in seconds) or an instance of
            :class:`urllib3.util.Timeout`.
    
        :param chunked:
            If True, urllib3 will send the body using chunked transfer
            encoding. Otherwise, urllib3 will send the body using the standard
            content-length form. Defaults to False.
    
        :param response_conn:
            Set this to ``None`` if you will handle releasing the connection or
            set the connection to have the response release it.
    
        :param preload_content:
          If True, the response's body will be preloaded during construction.
    
        :param decode_content:
            If True, will attempt to decode the body based on the
            'content-encoding' header.
    
        :param enforce_content_length:
            Enforce content length checking. Body returned by server must match
            value of Content-Length header, if present. Otherwise, raise error.
        """
        self.num_requests += 1
    
        timeout_obj = self._get_timeout(timeout)
        timeout_obj.start_connect()
        conn.timeout = Timeout.resolve_default_timeout(timeout_obj.connect_timeout)
    
        try:
            # Trigger any extra validation we need to do.
            try:
                self._validate_conn(conn)
            except (SocketTimeout, BaseSSLError) as e:
                self._raise_timeout(err=e, url=url, timeout_value=conn.timeout)
                raise
    
        # _validate_conn() starts the connection to an HTTPS proxy
        # so we need to wrap errors with 'ProxyError' here too.
        except (
            OSError,
            NewConnectionError,
            TimeoutError,
            BaseSSLError,
            CertificateError,
            SSLError,
        ) as e:
            new_e: Exception = e
            if isinstance(e, (BaseSSLError, CertificateError)):
                new_e = SSLError(e)
            # If the connection didn't successfully connect to it's proxy
            # then there
            if isinstance(
                new_e, (OSError, NewConnectionError, TimeoutError, SSLError)
            ) and (conn and conn.proxy and not conn.has_connected_to_proxy):
                new_e = _wrap_proxy_error(new_e, conn.proxy.scheme)
            raise new_e
    
        # conn.request() calls http.client.*.request, not the method in
        # urllib3.request. It also calls makefile (recv) on the socket.
        try:
            conn.request(
                method,
                url,
                body=body,
                headers=headers,
                chunked=chunked,
                preload_content=preload_content,
                decode_content=decode_content,
                enforce_content_length=enforce_content_length,
            )
    
        # We are swallowing BrokenPipeError (errno.EPIPE) since the server is
        # legitimately able to close the connection after sending a valid response.
        # With this behaviour, the received response is still readable.
        except BrokenPipeError:
            pass
        except OSError as e:
            # MacOS/Linux
            # EPROTOTYPE and ECONNRESET are needed on macOS
            # https://erickt.github.io/blog/2014/11/19/adventures-in-debugging-a-potential-osx-kernel-bug/
            # Condition changed later to emit ECONNRESET instead of only EPROTOTYPE.
            if e.errno != errno.EPROTOTYPE and e.errno != errno.ECONNRESET:
                raise
    
        # Reset the timeout for the recv() on the socket
        read_timeout = timeout_obj.read_timeout
    
        if not conn.is_closed:
            # In Python 3 socket.py will catch EAGAIN and return None when you
            # try and read into the file pointer created by http.client, which
            # instead raises a BadStatusLine exception. Instead of catching
            # the exception and assuming all BadStatusLine exceptions are read
            # timeouts, check for a zero timeout before making the request.
            if read_timeout == 0:
                raise ReadTimeoutError(
                    self, url, f"Read timed out. (read timeout={read_timeout})"
                )
            conn.timeout = read_timeout
    
        # Receive the response from the server
        try:
&gt;           response = conn.getresponse()
                       ^^^^^^^^^^^^^^^^^^

/root/.venv/lib/python3.11/site-packages/urllib3/connectionpool.py:534: 
_ _ _ _ _ _ _ _ _ _ _ _ _ _ _ _ _ _ _ _ _ _ _ _ _ _ _ _ _ _ _ _ _ _ _ _ _ _ _ _ 

self = &lt;HTTPSConnection(host='emergent-ai-teams.preview.emergentagent.com', port=443) at 0xfcaac89fc490&gt;

    def getresponse(  # type: ignore[override]
        self,
    ) -&gt; HTTPResponse:
        """
        Get the response from the server.
    
        If the HTTPConnection is in the correct state, returns an instance of HTTPResponse or of whatever object is returned by the response_class variable.
    
        If a request has not been sent or if a previous response has not be handled, ResponseNotReady is raised. If the HTTP response indicates that the connection should be closed, then it will be closed before the response is returned. When the connection is closed, the underlying socket is closed.
        """
        # Raise the same error as http.client.HTTPConnection
        if self._response_options is None:
            raise ResponseNotReady()
    
        # Reset this attribute for being used again.
        resp_options = self._response_options
        self._response_options = None
    
        # Since the connection's timeout value may have been updated
        # we need to set the timeout on the socket.
        self.sock.settimeout(self.timeout)
    
        # This is needed here to avoid circular import errors
        from .response import HTTPResponse
    
        # Save a reference to the shutdown function before ownership is passed
        # to httplib_response
        # TODO should we implement it everywhere?
        _shutdown = getattr(self.sock, "shutdown", None)
    
        # Get the response from http.client.HTTPConnection
&gt;       httplib_response = super().getresponse()
                           ^^^^^^^^^^^^^^^^^^^^^

/root/.venv/lib/python3.11/site-packages/urllib3/connection.py:571: 
_ _ _ _ _ _ _ _ _ _ _ _ _ _ _ _ _ _ _ _ _ _ _ _ _ _ _ _ _ _ _ _ _ _ _ _ _ _ _ _ 

self = &lt;HTTPSConnection(host='emergent-ai-teams.preview.emergentagent.com', port=443) at 0xfcaac89fc490&gt;

    def getresponse(self):
        """Get the response from the server.
    
        If the HTTPConnection is in the correct state, returns an
        instance of HTTPResponse or of whatever object is returned by
        the response_class variable.
    
        If a request has not been sent or if a previous response has
        not be handled, ResponseNotReady is raised.  If the HTTP
        response indicates that the connection should be closed, then
        it will be closed before the response is returned.  When the
        connection is closed, the underlying socket is closed.
        """
    
        # if a prior response has been completed, then forget about it.
        if self.__response and self.__response.isclosed():
            self.__response = None
    
        # if a prior response exists, then it must be completed (otherwise, we
        # cannot read this response's header to determine the connection-close
        # behavior)
        #
        # note: if a prior response existed, but was connection-close, then the
        # socket and response were made independent of this HTTPConnection
        # object since a new request requires that we open a whole new
        # connection
        #
        # this means the prior response had one of two states:
        #   1) will_close: this connection was reset and the prior socket and
        #                  response operate independently
        #   2) persistent: the response was retained and we await its
        #                  isclosed() status to become true.
        #
        if self.__state != _CS_REQ_SENT or self.__response:
            raise ResponseNotReady(self.__state)
    
        if self.debuglevel &gt; 0:
            response = self.response_class(self.sock, self.debuglevel,
                                           method=self._method)
        else:
            response = self.response_class(self.sock, method=self._method)
    
        try:
            try:
&gt;               response.begin()

/usr/local/lib/python3.11/http/client.py:1415: 
_ _ _ _ _ _ _ _ _ _ _ _ _ _ _ _ _ _ _ _ _ _ _ _ _ _ _ _ _ _ _ _ _ _ _ _ _ _ _ _ 

self = &lt;http.client.HTTPResponse object at 0xfcaac8a064d0&gt;

    def begin(self):
        if self.headers is not None:
            # we've already started reading the response
            return
    
        # read until we get a non-100 response
        while True:
&gt;           version, status, reason = self._read_status()
                                      ^^^^^^^^^^^^^^^^^^^

/usr/local/lib/python3.11/http/client.py:330: 
_ _ _ _ _ _ _ _ _ _ _ _ _ _ _ _ _ _ _ _ _ _ _ _ _ _ _ _ _ _ _ _ _ _ _ _ _ _ _ _ 

self = &lt;http.client.HTTPResponse object at 0xfcaac8a064d0&gt;

    def _read_status(self):
&gt;       line = str(self.fp.readline(_MAXLINE + 1), "iso-8859-1")
                   ^^^^^^^^^^^^^^^^^^^^^^^^^^^^^^

/usr/local/lib/python3.11/http/client.py:291: 
_ _ _ _ _ _ _ _ _ _ _ _ _ _ _ _ _ _ _ _ _ _ _ _ _ _ _ _ _ _ _ _ _ _ _ _ _ _ _ _ 

self = &lt;socket.SocketIO object at 0xfcaac8a06620&gt;
b = &lt;memory at 0xfcaac8abe680&gt;

    def readinto(self, b):
        """Read up to len(b) bytes into the writable buffer *b* and return
        the number of bytes read.  If the socket is non-blocking and no bytes
        are available, None is returned.
    
        If *b* is non-empty, a 0 return value indicates that the connection
        was shutdown at the other end.
        """
        self._checkClosed()
        self._checkReadable()
        if self._timeout_occurred:
            raise OSError("cannot read from timed out object")
        while True:
            try:
&gt;               return self._sock.recv_into(b)
                       ^^^^^^^^^^^^^^^^^^^^^^^

/usr/local/lib/python3.11/socket.py:718: 
_ _ _ _ _ _ _ _ _ _ _ _ _ _ _ _ _ _ _ _ _ _ _ _ _ _ _ _ _ _ _ _ _ _ _ _ _ _ _ _ 

self = &lt;ssl.SSLSocket [closed] fd=-1, family=2, type=1, proto=6&gt;
buffer = &lt;memory at 0xfcaac8abe680&gt;, nbytes = 8192, flags = 0

    def recv_into(self, buffer, nbytes=None, flags=0):
        self._checkClosed()
        if nbytes is None:
            if buffer is not None:
                with memoryview(buffer) as view:
                    nbytes = view.nbytes
                if not nbytes:
                    nbytes = 1024
            else:
                nbytes = 1024
        if self._sslobj is not None:
            if flags != 0:
                raise ValueError(
                  "non-zero flags not allowed in calls to recv_into() on %s" %
                  self.__class__)
&gt;           return self.read(nbytes, buffer)
                   ^^^^^^^^^^^^^^^^^^^^^^^^^

/usr/local/lib/python3.11/ssl.py:1314: 
_ _ _ _ _ _ _ _ _ _ _ _ _ _ _ _ _ _ _ _ _ _ _ _ _ _ _ _ _ _ _ _ _ _ _ _ _ _ _ _ 

self = &lt;ssl.SSLSocket [closed] fd=-1, family=2, type=1, proto=6&gt;, len = 8192
buffer = &lt;memory at 0xfcaac8abe680&gt;

    def read(self, len=1024, buffer=None):
        """Read up to LEN bytes and return them.
        Return zero-length string on EOF."""
    
        self._checkClosed()
        if self._sslobj is None:
            raise ValueError("Read on closed or unwrapped SSL socket.")
        try:
            if buffer is not None:
&gt;               return self._sslobj.read(len, buffer)
                       ^^^^^^^^^^^^^^^^^^^^^^^^^^^^^^
E               TimeoutError: The read operation timed out

/usr/local/lib/python3.11/ssl.py:1166: TimeoutError

The above exception was the direct cause of the following exception:

self = &lt;requests.adapters.HTTPAdapter object at 0xfcaac8922410&gt;
request = &lt;PreparedRequest [GET]&gt;, stream = False
timeout = Timeout(connect=30, read=30, total=None), verify = True, cert = None
proxies = OrderedDict()

    def send(
        self, request, stream=False, timeout=None, verify=True, cert=None, proxies=None
    ):
        """Sends PreparedRequest object. Returns Response object.
    
        :param request: The :class:`PreparedRequest &lt;PreparedRequest&gt;` being sent.
        :param stream: (optional) Whether to stream the request content.
        :param timeout: (optional) How long to wait for the server to send
            data before giving up, as a float, or a :ref:`(connect timeout,
            read timeout) &lt;timeouts&gt;` tuple.
        :type timeout: float or tuple or urllib3 Timeout object
        :param verify: (optional) Either a boolean, in which case it controls whether
            we verify the server's TLS certificate, or a string, in which case it
            must be a path to a CA bundle to use
        :param cert: (optional) Any user-provided SSL certificate to be trusted.
        :param proxies: (optional) The proxies dictionary to apply to the request.
        :rtype: requests.Response
        """
    
        try:
            conn = self.get_connection_with_tls_context(
                request, verify, proxies=proxies, cert=cert
            )
        except LocationValueError as e:
            raise InvalidURL(e, request=request)
    
        self.cert_verify(conn, request.url, verify, cert)
        url = self.request_url(request, proxies)
        self.add_headers(
            request,
            stream=stream,
            timeout=timeout,
            verify=verify,
            cert=cert,
            proxies=proxies,
        )
    
        chunked = not (request.body is None or "Content-Length" in request.headers)
    
        if isinstance(timeout, tuple):
            try:
                connect, read = timeout
                timeout = TimeoutSauce(connect=connect, read=read)
            except ValueError:
                raise ValueError(
                    f"Invalid timeout {timeout}. Pass a (connect, read) timeout tuple, "
                    f"or a single float to set both timeouts to the same value."
                )
        elif isinstance(timeout, TimeoutSauce):
            pass
        else:
            timeout = TimeoutSauce(connect=timeout, read=timeout)
    
        try:
&gt;           resp = conn.urlopen(
                method=request.method,
                url=url,
                body=request.body,
                headers=request.headers,
                redirect=False,
                assert_same_host=False,
                preload_content=False,
                decode_content=False,
                retries=self.max_retries,
                timeout=timeout,
                chunked=chunked,
            )

/root/.venv/lib/python3.11/site-packages/requests/adapters.py:645: 
_ _ _ _ _ _ _ _ _ _ _ _ _ _ _ _ _ _ _ _ _ _ _ _ _ _ _ _ _ _ _ _ _ _ _ _ _ _ _ _ 

self = &lt;urllib3.connectionpool.HTTPSConnectionPool object at 0xfcaac89ff190&gt;
method = 'GET', url = '/api/chats/90e64919-e400-462b-b82a-d3795f92ab91/messages'
body = None
headers = {'User-Agent': 'python-requests/2.33.1', 'Accept-Encoding': 'gzip, deflate', 'Accept': '*/*', 'Connection': 'keep-aliv...mcjG79ALyJJ6bTjrJuPQpkof8tigQMOvIYiIgDildNYYOlh8UmuA8hA4mjqHmtm3HEaxdchzujVuC.kLkpMNZ2m2vHOGDFhGmMYvi92_pj_A44tyKioOO'}
retries = Retry(total=0, connect=None, read=False, redirect=None, status=None)
redirect = False, assert_same_host = False
timeout = Timeout(connect=30, read=30, total=None), pool_timeout = None
release_conn = False, chunked = False, body_pos = None, preload_content = False
decode_content = False, response_kw = {}, destination_scheme = None, conn = None
release_this_conn = True, http_tunnel_required = False, err = None
clean_exit = False

    def urlopen(  # type: ignore[override]
        self,
        method: str,
        url: str,
        body: _TYPE_BODY | None = None,
        headers: typing.Mapping[str, str] | None = None,
        retries: Retry | bool | int | None = None,
        redirect: bool = True,
        assert_same_host: bool = True,
        timeout: _TYPE_TIMEOUT = _DEFAULT_TIMEOUT,
        pool_timeout: int | None = None,
        release_conn: bool | None = None,
        chunked: bool = False,
        body_pos: _TYPE_BODY_POSITION | None = None,
        preload_content: bool = True,
        decode_content: bool = True,
        **response_kw: typing.Any,
    ) -&gt; BaseHTTPResponse:
        """
        Get a connection from the pool and perform an HTTP request. This is the
        lowest level call for making a request, so you'll need to specify all
        the raw details.
    
        .. note::
    
           More commonly, it's appropriate to use a convenience method
           such as :meth:`request`.
    
        .. note::
    
           `release_conn` will only behave as expected if
           `preload_content=False` because we want to make
           `preload_content=False` the default behaviour someday soon without
           breaking backwards compatibility.
    
        :param method:
            HTTP request method (such as GET, POST, PUT, etc.)
    
        :param url:
            The URL to perform the request on.
    
        :param body:
            Data to send in the request body, either :class:`str`, :class:`bytes`,
            an iterable of :class:`str`/:class:`bytes`, or a file-like object.
    
        :param headers:
            Dictionary of custom headers to send, such as User-Agent,
            If-None-Match, etc. If None, pool headers are used. If provided,
            these headers completely replace any pool-specific headers.
    
        :param retries:
            Configure the number of retries to allow before raising a
            :class:`~urllib3.exceptions.MaxRetryError` exception.
    
            If ``None`` (default) will retry 3 times, see ``Retry.DEFAULT``. Pass a
            :class:`~urllib3.util.retry.Retry` object for fine-grained control
            over different types of retries.
            Pass an integer number to retry connection errors that many times,
            but no other types of errors. Pass zero to never retry.
    
            If ``False``, then retries are disabled and any exception is raised
            immediately. Also, instead of raising a MaxRetryError on redirects,
            the redirect response will be returned.
    
        :type retries: :class:`~urllib3.util.retry.Retry`, False, or an int.
    
        :param redirect:
            If True, automatically handle redirects (status codes 301, 302,
            303, 307, 308). Each redirect counts as a retry. Disabling retries
            will disable redirect, too.
    
        :param assert_same_host:
            If ``True``, will make sure that the host of the pool requests is
            consistent else will raise HostChangedError. When ``False``, you can
            use the pool on an HTTP proxy and request foreign hosts.
    
        :param timeout:
            If specified, overrides the default timeout for this one
            request. It may be a float (in seconds) or an instance of
            :class:`urllib3.util.Timeout`.
    
        :param pool_timeout:
            If set and the pool is set to block=True, then this method will
            block for ``pool_timeout`` seconds and raise EmptyPoolError if no
            connection is available within the time period.
    
        :param bool preload_content:
            If True, the response's body will be preloaded into memory.
    
        :param bool decode_content:
            If True, will attempt to decode the body based on the
            'content-encoding' header.
    
        :param release_conn:
            If False, then the urlopen call will not release the connection
            back into the pool once a response is received (but will release if
            you read the entire contents of the response such as when
            `preload_content=True`). This is useful if you're not preloading
            the response's content immediately. You will need to call
            ``r.release_conn()`` on the response ``r`` to return the connection
            back into the pool. If None, it takes the value of ``preload_content``
            which defaults to ``True``.
    
        :param bool chunked:
            If True, urllib3 will send the body using chunked transfer
            encoding. Otherwise, urllib3 will send the body using the standard
            content-length form. Defaults to False.
    
        :param int body_pos:
            Position to seek to in file-like body in the event of a retry or
            redirect. Typically this won't need to be set because urllib3 will
            auto-populate the value when needed.
        """
        # Ensure that the URL we're connecting to is properly encoded
        if url.startswith("/"):
            # URLs starting with / are inherently schemeless.
            url = to_str(_encode_target(url))
            destination_scheme = None
        else:
            parsed_url = parse_url(url)
            destination_scheme = parsed_url.scheme
            url = to_str(parsed_url.url)
    
        if headers is None:
            headers = self.headers
    
        if not isinstance(retries, Retry):
            retries = Retry.from_int(retries, redirect=redirect, default=self.retries)
    
        if release_conn is None:
            release_conn = preload_content
    
        # Check host
        if assert_same_host and not self.is_same_host(url):
            raise HostChangedError(self, url, retries)
    
        conn = None
    
        # Track whether `conn` needs to be released before
        # returning/raising/recursing. Update this variable if necessary, and
        # leave `release_conn` constant throughout the function. That way, if
        # the function recurses, the original value of `release_conn` will be
        # passed down into the recursive call, and its value will be respected.
        #
        # See issue #651 [1] for details.
        #
        # [1] &lt;https://github.com/urllib3/urllib3/issues/651&gt;
        release_this_conn = release_conn
    
        http_tunnel_required = connection_requires_http_tunnel(
            self.proxy, self.proxy_config, destination_scheme
        )
    
        # Merge the proxy headers. Only done when not using HTTP CONNECT. We
        # have to copy the headers dict so we can safely change it without those
        # changes being reflected in anyone else's copy.
        if not http_tunnel_required:
            headers = headers.copy()  # type: ignore[attr-defined]
            headers.update(self.proxy_headers)  # type: ignore[union-attr]
    
        # Must keep the exception bound to a separate variable or else Python 3
        # complains about UnboundLocalError.
        err = None
    
        # Keep track of whether we cleanly exited the except block. This
        # ensures we do proper cleanup in finally.
        clean_exit = False
    
        # Rewind body position, if needed. Record current position
        # for future rewinds in the event of a redirect/retry.
        body_pos = set_file_position(body, body_pos)
    
        try:
            # Request a connection from the queue.
            timeout_obj = self._get_timeout(timeout)
            conn = self._get_conn(timeout=pool_timeout)
    
            conn.timeout = timeout_obj.connect_timeout  # type: ignore[assignment]
    
            # Is this a closed/new connection that requires CONNECT tunnelling?
            if self.proxy is not None and http_tunnel_required and conn.is_closed:
                try:
                    self._prepare_proxy(conn)
                except (BaseSSLError, OSError, SocketTimeout) as e:
                    self._raise_timeout(
                        err=e, url=self.proxy.url, timeout_value=conn.timeout
                    )
                    raise
    
            # If we're going to release the connection in ``finally:``, then
            # the response doesn't need to know about the connection. Otherwise
            # it will also try to release it and we'll have a double-release
            # mess.
            response_conn = conn if not release_conn else None
    
            # Make the request on the HTTPConnection object
            response = self._make_request(
                conn,
                method,
                url,
                timeout=timeout_obj,
                body=body,
                headers=headers,
                chunked=chunked,
                retries=retries,
                response_conn=response_conn,
                preload_content=preload_content,
                decode_content=decode_content,
                **response_kw,
            )
    
            # Everything went great!
            clean_exit = True
    
        except EmptyPoolError:
            # Didn't get a connection from the pool, no need to clean up
            clean_exit = True
            release_this_conn = False
            raise
    
        except (
            TimeoutError,
            HTTPException,
            OSError,
            ProtocolError,
            BaseSSLError,
            SSLError,
            CertificateError,
            ProxyError,
        ) as e:
            # Discard the connection for these exceptions. It will be
            # replaced during the next _get_conn() call.
            clean_exit = False
            new_e: Exception = e
            if isinstance(e, (BaseSSLError, CertificateError)):
                new_e = SSLError(e)
            if isinstance(
                new_e,
                (
                    OSError,
                    NewConnectionError,
                    TimeoutError,
                    SSLError,
                    HTTPException,
                ),
            ) and (conn and conn.proxy and not conn.has_connected_to_proxy):
                new_e = _wrap_proxy_error(new_e, conn.proxy.scheme)
            elif isinstance(new_e, (OSError, HTTPException)):
                new_e = ProtocolError("Connection aborted.", new_e)
    
&gt;           retries = retries.increment(
                method, url, error=new_e, _pool=self, _stacktrace=sys.exc_info()[2]
            )

/root/.venv/lib/python3.11/site-packages/urllib3/connectionpool.py:842: 
_ _ _ _ _ _ _ _ _ _ _ _ _ _ _ _ _ _ _ _ _ _ _ _ _ _ _ _ _ _ _ _ _ _ _ _ _ _ _ _ 

self = Retry(total=0, connect=None, read=False, redirect=None, status=None)
method = 'GET', url = '/api/chats/90e64919-e400-462b-b82a-d3795f92ab91/messages'
response = None
error = ReadTimeoutError("HTTPSConnectionPool(host='emergent-ai-teams.preview.emergentagent.com', port=443): Read timed out. (read timeout=30)")
_pool = &lt;urllib3.connectionpool.HTTPSConnectionPool object at 0xfcaac89ff190&gt;
_stacktrace = &lt;traceback object at 0xfcaac8914d00&gt;

    def increment(
        self,
        method: str | None = None,
        url: str | None = None,
        response: BaseHTTPResponse | None = None,
        error: Exception | None = None,
        _pool: ConnectionPool | None = None,
        _stacktrace: TracebackType | None = None,
    ) -&gt; Self:
        """Return a new Retry object with incremented retry counters.
    
        :param response: A response object, or None, if the server did not
            return a response.
        :type response: :class:`~urllib3.response.BaseHTTPResponse`
        :param Exception error: An error encountered during the request, or
            None if the response was received successfully.
    
        :return: A new ``Retry`` object.
        """
        if self.total is False and error:
            # Disabled, indicate to re-raise the error.
            raise reraise(type(error), error, _stacktrace)
    
        total = self.total
        if total is not None:
            total -= 1
    
        connect = self.connect
        read = self.read
        redirect = self.redirect
        status_count = self.status
        other = self.other
        cause = "unknown"
        status = None
        redirect_location = None
    
        if error and self._is_connection_error(error):
            # Connect retry?
            if connect is False:
                raise reraise(type(error), error, _stacktrace)
            elif connect is not None:
                connect -= 1
    
        elif error and self._is_read_error(error):
            # Read retry?
            if read is False or method is None or not self._is_method_retryable(method):
&gt;               raise reraise(type(error), error, _stacktrace)
                      ^^^^^^^^^^^^^^^^^^^^^^^^^^^^^^^^^^^^^^^^

/root/.venv/lib/python3.11/site-packages/urllib3/util/retry.py:498: 
_ _ _ _ _ _ _ _ _ _ _ _ _ _ _ _ _ _ _ _ _ _ _ _ _ _ _ _ _ _ _ _ _ _ _ _ _ _ _ _ 

tp = &lt;class 'urllib3.exceptions.ReadTimeoutError'&gt;, value = None, tb = None

    def reraise(
        tp: type[BaseException] | None,
        value: BaseException,
        tb: TracebackType | None = None,
    ) -&gt; typing.NoReturn:
        try:
            if value.__traceback__ is not tb:
                raise value.with_traceback(tb)
&gt;           raise value

/root/.venv/lib/python3.11/site-packages/urllib3/util/util.py:39: 
_ _ _ _ _ _ _ _ _ _ _ _ _ _ _ _ _ _ _ _ _ _ _ _ _ _ _ _ _ _ _ _ _ _ _ _ _ _ _ _ 

self = &lt;urllib3.connectionpool.HTTPSConnectionPool object at 0xfcaac89ff190&gt;
method = 'GET', url = '/api/chats/90e64919-e400-462b-b82a-d3795f92ab91/messages'
body = None
headers = {'User-Agent': 'python-requests/2.33.1', 'Accept-Encoding': 'gzip, deflate', 'Accept': '*/*', 'Connection': 'keep-aliv...mcjG79ALyJJ6bTjrJuPQpkof8tigQMOvIYiIgDildNYYOlh8UmuA8hA4mjqHmtm3HEaxdchzujVuC.kLkpMNZ2m2vHOGDFhGmMYvi92_pj_A44tyKioOO'}
retries = Retry(total=0, connect=None, read=False, redirect=None, status=None)
redirect = False, assert_same_host = False
timeout = Timeout(connect=30, read=30, total=None), pool_timeout = None
release_conn = False, chunked = False, body_pos = None, preload_content = False
decode_content = False, response_kw = {}, destination_scheme = None, conn = None
release_this_conn = True, http_tunnel_required = False, err = None
clean_exit = False

    def urlopen(  # type: ignore[override]
        self,
        method: str,
        url: str,
        body: _TYPE_BODY | None = None,
        headers: typing.Mapping[str, str] | None = None,
        retries: Retry | bool | int | None = None,
        redirect: bool = True,
        assert_same_host: bool = True,
        timeout: _TYPE_TIMEOUT = _DEFAULT_TIMEOUT,
        pool_timeout: int | None = None,
        release_conn: bool | None = None,
        chunked: bool = False,
        body_pos: _TYPE_BODY_POSITION | None = None,
        preload_content: bool = True,
        decode_content: bool = True,
        **response_kw: typing.Any,
    ) -&gt; BaseHTTPResponse:
        """
        Get a connection from the pool and perform an HTTP request. This is the
        lowest level call for making a request, so you'll need to specify all
        the raw details.
    
        .. note::
    
           More commonly, it's appropriate to use a convenience method
           such as :meth:`request`.
    
        .. note::
    
           `release_conn` will only behave as expected if
           `preload_content=False` because we want to make
           `preload_content=False` the default behaviour someday soon without
           breaking backwards compatibility.
    
        :param method:
            HTTP request method (such as GET, POST, PUT, etc.)
    
        :param url:
            The URL to perform the request on.
    
        :param body:
            Data to send in the request body, either :class:`str`, :class:`bytes`,
            an iterable of :class:`str`/:class:`bytes`, or a file-like object.
    
        :param headers:
            Dictionary of custom headers to send, such as User-Agent,
            If-None-Match, etc. If None, pool headers are used. If provided,
            these headers completely replace any pool-specific headers.
    
        :param retries:
            Configure the number of retries to allow before raising a
            :class:`~urllib3.exceptions.MaxRetryError` exception.
    
            If ``None`` (default) will retry 3 times, see ``Retry.DEFAULT``. Pass a
            :class:`~urllib3.util.retry.Retry` object for fine-grained control
            over different types of retries.
            Pass an integer number to retry connection errors that many times,
            but no other types of errors. Pass zero to never retry.
    
            If ``False``, then retries are disabled and any exception is raised
            immediately. Also, instead of raising a MaxRetryError on redirects,
            the redirect response will be returned.
    
        :type retries: :class:`~urllib3.util.retry.Retry`, False, or an int.
    
        :param redirect:
            If True, automatically handle redirects (status codes 301, 302,
            303, 307, 308). Each redirect counts as a retry. Disabling retries
            will disable redirect, too.
    
        :param assert_same_host:
            If ``True``, will make sure that the host of the pool requests is
            consistent else will raise HostChangedError. When ``False``, you can
            use the pool on an HTTP proxy and request foreign hosts.
    
        :param timeout:
            If specified, overrides the default timeout for this one
            request. It may be a float (in seconds) or an instance of
            :class:`urllib3.util.Timeout`.
    
        :param pool_timeout:
            If set and the pool is set to block=True, then this method will
            block for ``pool_timeout`` seconds and raise EmptyPoolError if no
            connection is available within the time period.
    
        :param bool preload_content:
            If True, the response's body will be preloaded into memory.
    
        :param bool decode_content:
            If True, will attempt to decode the body based on the
            'content-encoding' header.
    
        :param release_conn:
            If False, then the urlopen call will not release the connection
            back into the pool once a response is received (but will release if
            you read the entire contents of the response such as when
            `preload_content=True`). This is useful if you're not preloading
            the response's content immediately. You will need to call
            ``r.release_conn()`` on the response ``r`` to return the connection
            back into the pool. If None, it takes the value of ``preload_content``
            which defaults to ``True``.
    
        :param bool chunked:
            If True, urllib3 will send the body using chunked transfer
            encoding. Otherwise, urllib3 will send the body using the standard
            content-length form. Defaults to False.
    
        :param int body_pos:
            Position to seek to in file-like body in the event of a retry or
            redirect. Typically this won't need to be set because urllib3 will
            auto-populate the value when needed.
        """
        # Ensure that the URL we're connecting to is properly encoded
        if url.startswith("/"):
            # URLs starting with / are inherently schemeless.
            url = to_str(_encode_target(url))
            destination_scheme = None
        else:
            parsed_url = parse_url(url)
            destination_scheme = parsed_url.scheme
            url = to_str(parsed_url.url)
    
        if headers is None:
            headers = self.headers
    
        if not isinstance(retries, Retry):
            retries = Retry.from_int(retries, redirect=redirect, default=self.retries)
    
        if release_conn is None:
            release_conn = preload_content
    
        # Check host
        if assert_same_host and not self.is_same_host(url):
            raise HostChangedError(self, url, retries)
    
        conn = None
    
        # Track whether `conn` needs to be released before
        # returning/raising/recursing. Update this variable if necessary, and
        # leave `release_conn` constant throughout the function. That way, if
        # the function recurses, the original value of `release_conn` will be
        # passed down into the recursive call, and its value will be respected.
        #
        # See issue #651 [1] for details.
        #
        # [1] &lt;https://github.com/urllib3/urllib3/issues/651&gt;
        release_this_conn = release_conn
    
        http_tunnel_required = connection_requires_http_tunnel(
            self.proxy, self.proxy_config, destination_scheme
        )
    
        # Merge the proxy headers. Only done when not using HTTP CONNECT. We
        # have to copy the headers dict so we can safely change it without those
        # changes being reflected in anyone else's copy.
        if not http_tunnel_required:
            headers = headers.copy()  # type: ignore[attr-defined]
            headers.update(self.proxy_headers)  # type: ignore[union-attr]
    
        # Must keep the exception bound to a separate variable or else Python 3
        # complains about UnboundLocalError.
        err = None
    
        # Keep track of whether we cleanly exited the except block. This
        # ensures we do proper cleanup in finally.
        clean_exit = False
    
        # Rewind body position, if needed. Record current position
        # for future rewinds in the event of a redirect/retry.
        body_pos = set_file_position(body, body_pos)
    
        try:
            # Request a connection from the queue.
            timeout_obj = self._get_timeout(timeout)
            conn = self._get_conn(timeout=pool_timeout)
    
            conn.timeout = timeout_obj.connect_timeout  # type: ignore[assignment]
    
            # Is this a closed/new connection that requires CONNECT tunnelling?
            if self.proxy is not None and http_tunnel_required and conn.is_closed:
                try:
                    self._prepare_proxy(conn)
                except (BaseSSLError, OSError, SocketTimeout) as e:
                    self._raise_timeout(
                        err=e, url=self.proxy.url, timeout_value=conn.timeout
                    )
                    raise
    
            # If we're going to release the connection in ``finally:``, then
            # the response doesn't need to know about the connection. Otherwise
            # it will also try to release it and we'll have a double-release
            # mess.
            response_conn = conn if not release_conn else None
    
            # Make the request on the HTTPConnection object
&gt;           response = self._make_request(
                conn,
                method,
                url,
                timeout=timeout_obj,
                body=body,
                headers=headers,
                chunked=chunked,
                retries=retries,
                response_conn=response_conn,
                preload_content=preload_content,
                decode_content=decode_content,
                **response_kw,
            )

/root/.venv/lib/python3.11/site-packages/urllib3/connectionpool.py:788: 
_ _ _ _ _ _ _ _ _ _ _ _ _ _ _ _ _ _ _ _ _ _ _ _ _ _ _ _ _ _ _ _ _ _ _ _ _ _ _ _ 

self = &lt;urllib3.connectionpool.HTTPSConnectionPool object at 0xfcaac89ff190&gt;
conn = &lt;HTTPSConnection(host='emergent-ai-teams.preview.emergentagent.com', port=443) at 0xfcaac89fc490&gt;
method = 'GET', url = '/api/chats/90e64919-e400-462b-b82a-d3795f92ab91/messages'
body = None
headers = {'User-Agent': 'python-requests/2.33.1', 'Accept-Encoding': 'gzip, deflate', 'Accept': '*/*', 'Connection': 'keep-aliv...mcjG79ALyJJ6bTjrJuPQpkof8tigQMOvIYiIgDildNYYOlh8UmuA8hA4mjqHmtm3HEaxdchzujVuC.kLkpMNZ2m2vHOGDFhGmMYvi92_pj_A44tyKioOO'}
retries = Retry(total=0, connect=None, read=False, redirect=None, status=None)
timeout = Timeout(connect=30, read=30, total=None), chunked = False
response_conn = &lt;HTTPSConnection(host='emergent-ai-teams.preview.emergentagent.com', port=443) at 0xfcaac89fc490&gt;
preload_content = False, decode_content = False, enforce_content_length = True

    def _make_request(
        self,
        conn: BaseHTTPConnection,
        method: str,
        url: str,
        body: _TYPE_BODY | None = None,
        headers: typing.Mapping[str, str] | None = None,
        retries: Retry | None = None,
        timeout: _TYPE_TIMEOUT = _DEFAULT_TIMEOUT,
        chunked: bool = False,
        response_conn: BaseHTTPConnection | None = None,
        preload_content: bool = True,
        decode_content: bool = True,
        enforce_content_length: bool = True,
    ) -&gt; BaseHTTPResponse:
        """
        Perform a request on a given urllib connection object taken from our
        pool.
    
        :param conn:
            a connection from one of our connection pools
    
        :param method:
            HTTP request method (such as GET, POST, PUT, etc.)
    
        :param url:
            The URL to perform the request on.
    
        :param body:
            Data to send in the request body, either :class:`str`, :class:`bytes`,
            an iterable of :class:`str`/:class:`bytes`, or a file-like object.
    
        :param headers:
            Dictionary of custom headers to send, such as User-Agent,
            If-None-Match, etc. If None, pool headers are used. If provided,
            these headers completely replace any pool-specific headers.
    
        :param retries:
            Configure the number of retries to allow before raising a
            :class:`~urllib3.exceptions.MaxRetryError` exception.
    
            Pass ``None`` to retry until you receive a response. Pass a
            :class:`~urllib3.util.retry.Retry` object for fine-grained control
            over different types of retries.
            Pass an integer number to retry connection errors that many times,
            but no other types of errors. Pass zero to never retry.
    
            If ``False``, then retries are disabled and any exception is raised
            immediately. Also, instead of raising a MaxRetryError on redirects,
            the redirect response will be returned.
    
        :type retries: :class:`~urllib3.util.retry.Retry`, False, or an int.
    
        :param timeout:
            If specified, overrides the default timeout for this one
            request. It may be a float (in seconds) or an instance of
            :class:`urllib3.util.Timeout`.
    
        :param chunked:
            If True, urllib3 will send the body using chunked transfer
            encoding. Otherwise, urllib3 will send the body using the standard
            content-length form. Defaults to False.
    
        :param response_conn:
            Set this to ``None`` if you will handle releasing the connection or
            set the connection to have the response release it.
    
        :param preload_content:
          If True, the response's body will be preloaded during construction.
    
        :param decode_content:
            If True, will attempt to decode the body based on the
            'content-encoding' header.
    
        :param enforce_content_length:
            Enforce content length checking. Body returned by server must match
            value of Content-Length header, if present. Otherwise, raise error.
        """
        self.num_requests += 1
    
        timeout_obj = self._get_timeout(timeout)
        timeout_obj.start_connect()
        conn.timeout = Timeout.resolve_default_timeout(timeout_obj.connect_timeout)
    
        try:
            # Trigger any extra validation we need to do.
            try:
                self._validate_conn(conn)
            except (SocketTimeout, BaseSSLError) as e:
                self._raise_timeout(err=e, url=url, timeout_value=conn.timeout)
                raise
    
        # _validate_conn() starts the connection to an HTTPS proxy
        # so we need to wrap errors with 'ProxyError' here too.
        except (
            OSError,
            NewConnectionError,
            TimeoutError,
            BaseSSLError,
            CertificateError,
            SSLError,
        ) as e:
            new_e: Exception = e
            if isinstance(e, (BaseSSLError, CertificateError)):
                new_e = SSLError(e)
            # If the connection didn't successfully connect to it's proxy
            # then there
            if isinstance(
                new_e, (OSError, NewConnectionError, TimeoutError, SSLError)
            ) and (conn and conn.proxy and not conn.has_connected_to_proxy):
                new_e = _wrap_proxy_error(new_e, conn.proxy.scheme)
            raise new_e
    
        # conn.request() calls http.client.*.request, not the method in
        # urllib3.request. It also calls makefile (recv) on the socket.
        try:
            conn.request(
                method,
                url,
                body=body,
                headers=headers,
                chunked=chunked,
                preload_content=preload_content,
                decode_content=decode_content,
                enforce_content_length=enforce_content_length,
            )
    
        # We are swallowing BrokenPipeError (errno.EPIPE) since the server is
        # legitimately able to close the connection after sending a valid response.
        # With this behaviour, the received response is still readable.
        except BrokenPipeError:
            pass
        except OSError as e:
            # MacOS/Linux
            # EPROTOTYPE and ECONNRESET are needed on macOS
            # https://erickt.github.io/blog/2014/11/19/adventures-in-debugging-a-potential-osx-kernel-bug/
            # Condition changed later to emit ECONNRESET instead of only EPROTOTYPE.
            if e.errno != errno.EPROTOTYPE and e.errno != errno.ECONNRESET:
                raise
    
        # Reset the timeout for the recv() on the socket
        read_timeout = timeout_obj.read_timeout
    
        if not conn.is_closed:
            # In Python 3 socket.py will catch EAGAIN and return None when you
            # try and read into the file pointer created by http.client, which
            # instead raises a BadStatusLine exception. Instead of catching
            # the exception and assuming all BadStatusLine exceptions are read
            # timeouts, check for a zero timeout before making the request.
            if read_timeout == 0:
                raise ReadTimeoutError(
                    self, url, f"Read timed out. (read timeout={read_timeout})"
                )
            conn.timeout = read_timeout
    
        # Receive the response from the server
        try:
            response = conn.getresponse()
        except (BaseSSLError, OSError) as e:
&gt;           self._raise_timeout(err=e, url=url, timeout_value=read_timeout)

/root/.venv/lib/python3.11/site-packages/urllib3/connectionpool.py:536: 
_ _ _ _ _ _ _ _ _ _ _ _ _ _ _ _ _ _ _ _ _ _ _ _ _ _ _ _ _ _ _ _ _ _ _ _ _ _ _ _ 

self = &lt;urllib3.connectionpool.HTTPSConnectionPool object at 0xfcaac89ff190&gt;
err = TimeoutError('The read operation timed out')
url = '/api/chats/90e64919-e400-462b-b82a-d3795f92ab91/messages'
timeout_value = 30

    def _raise_timeout(
        self,
        err: BaseSSLError | OSError | SocketTimeout,
        url: str,
        timeout_value: _TYPE_TIMEOUT | None,
    ) -&gt; None:
        """Is the error actually a timeout? Will raise a ReadTimeout or pass"""
    
        if isinstance(err, SocketTimeout):
&gt;           raise ReadTimeoutError(
                self, url, f"Read timed out. (read timeout={timeout_value})"
            ) from err
E           urllib3.exceptions.ReadTimeoutError: HTTPSConnectionPool(host='emergent-ai-teams.preview.emergentagent.com', port=443): Read timed out. (read timeout=30)

/root/.venv/lib/python3.11/site-packages/urllib3/connectionpool.py:367: ReadTimeoutError

During handling of the above exception, another exception occurred:

self = &lt;test_iteration70_working_spa.TestAutoStartCopy object at 0xfcaaca588890&gt;
session = &lt;requests.sessions.Session object at 0xfcaac89226d0&gt;

    def test_auto_start_message_new_copy(self, session):
        # Create a new chat (type='direct' or 'group' required)
        r = session.post(
            f"{BASE}/api/chats",
            json={"name": "TEST_iter70_autostart", "type": "group", "member_ids": []},
            timeout=30,
        )
        assert r.status_code in (200, 201), f"create chat: {r.status_code} {r.text[:200]}"
        chat = r.json()
        chat_id = chat.get("id") or chat.get("chat", {}).get("id")
        assert chat_id, f"no chat id in {chat}"
    
        # Post @devmgr trigger
        r2 = session.post(
            f"{BASE}/api/chats/{chat_id}/messages",
            json={"body": "@devmgr build me an expense tracker"},
            timeout=60,
        )
        assert r2.status_code in (200, 201), f"post msg: {r2.status_code} {r2.text[:200]}"
    
        # Poll for system message
        deadline = time.time() + 45
        body_blob = ""
        while time.time() &lt; deadline:
&gt;           mr = session.get(f"{BASE}/api/chats/{chat_id}/messages", timeout=30)
                 ^^^^^^^^^^^^^^^^^^^^^^^^^^^^^^^^^^^^^^^^^^^^^^^^^^^^^^^^^^^^^^^

backend/tests/test_iteration70_working_spa.py:225: 
_ _ _ _ _ _ _ _ _ _ _ _ _ _ _ _ _ _ _ _ _ _ _ _ _ _ _ _ _ _ _ _ _ _ _ _ _ _ _ _ 

self = &lt;requests.sessions.Session object at 0xfcaac89226d0&gt;
url = 'https://nest-app-prep.preview.emergentagent.com/api/chats/90e64919-e400-462b-b82a-d3795f92ab91/messages'
kwargs = {'allow_redirects': True, 'timeout': 30}

    def get(self, url, **kwargs):
        r"""Sends a GET request. Returns :class:`Response` object.
    
        :param url: URL for the new :class:`Request` object.
        :param \*\*kwargs: Optional arguments that ``request`` takes.
        :rtype: requests.Response
        """
    
        kwargs.setdefault("allow_redirects", True)
&gt;       return self.request("GET", url, **kwargs)
               ^^^^^^^^^^^^^^^^^^^^^^^^^^^^^^^^^^

/root/.venv/lib/python3.11/site-packages/requests/sessions.py:605: 
_ _ _ _ _ _ _ _ _ _ _ _ _ _ _ _ _ _ _ _ _ _ _ _ _ _ _ _ _ _ _ _ _ _ _ _ _ _ _ _ 

self = &lt;requests.sessions.Session object at 0xfcaac89226d0&gt;, method = 'GET'
url = 'https://nest-app-prep.preview.emergentagent.com/api/chats/90e64919-e400-462b-b82a-d3795f92ab91/messages'
params = None, data = None, headers = None, cookies = None, files = None
auth = None, timeout = 30, allow_redirects = True, proxies = {}, hooks = None
stream = None, verify = None, cert = None, json = None

    def request(
        self,
        method,
        url,
        params=None,
        data=None,
        headers=None,
        cookies=None,
        files=None,
        auth=None,
        timeout=None,
        allow_redirects=True,
        proxies=None,
        hooks=None,
        stream=None,
        verify=None,
        cert=None,
        json=None,
    ):
        """Constructs a :class:`Request &lt;Request&gt;`, prepares it and sends it.
        Returns :class:`Response &lt;Response&gt;` object.
    
        :param method: method for the new :class:`Request` object.
        :param url: URL for the new :class:`Request` object.
        :param params: (optional) Dictionary or bytes to be sent in the query
            string for the :class:`Request`.
        :param data: (optional) Dictionary, list of tuples, bytes, or file-like
            object to send in the body of the :class:`Request`.
        :param json: (optional) json to send in the body of the
            :class:`Request`.
        :param headers: (optional) Dictionary of HTTP Headers to send with the
            :class:`Request`.
        :param cookies: (optional) Dict or CookieJar object to send with the
            :class:`Request`.
        :param files: (optional) Dictionary of ``'filename': file-like-objects``
            for multipart encoding upload.
        :param auth: (optional) Auth tuple or callable to enable
            Basic/Digest/Custom HTTP Auth.
        :param timeout: (optional) How many seconds to wait for the server to send
            data before giving up, as a float, or a :ref:`(connect timeout,
            read timeout) &lt;timeouts&gt;` tuple.
        :type timeout: float or tuple
        :param allow_redirects: (optional) Set to True by default.
        :type allow_redirects: bool
        :param proxies: (optional) Dictionary mapping protocol or protocol and
            hostname to the URL of the proxy.
        :param hooks: (optional) Dictionary mapping hook name to one event or
            list of events, event must be callable.
        :param stream: (optional) whether to immediately download the response
            content. Defaults to ``False``.
        :param verify: (optional) Either a boolean, in which case it controls whether we verify
            the server's TLS certificate, or a string, in which case it must be a path
            to a CA bundle to use. Defaults to ``True``. When set to
            ``False``, requests will accept any TLS certificate presented by
            the server, and will ignore hostname mismatches and/or expired
            certificates, which will make your application vulnerable to
            man-in-the-middle (MitM) attacks. Setting verify to ``False``
            may be useful during local development or testing.
        :param cert: (optional) if String, path to ssl client cert file (.pem).
            If Tuple, ('cert', 'key') pair.
        :rtype: requests.Response
        """
        # Create the Request.
        req = Request(
            method=method.upper(),
            url=url,
            headers=headers,
            files=files,
            data=data or {},
            json=json,
            params=params or {},
            auth=auth,
            cookies=cookies,
            hooks=hooks,
        )
        prep = self.prepare_request(req)
    
        proxies = proxies or {}
    
        settings = self.merge_environment_settings(
            prep.url, proxies, stream, verify, cert
        )
    
        # Send the request.
        send_kwargs = {
            "timeout": timeout,
            "allow_redirects": allow_redirects,
        }
        send_kwargs.update(settings)
&gt;       resp = self.send(prep, **send_kwargs)
               ^^^^^^^^^^^^^^^^^^^^^^^^^^^^^^

/root/.venv/lib/python3.11/site-packages/requests/sessions.py:592: 
_ _ _ _ _ _ _ _ _ _ _ _ _ _ _ _ _ _ _ _ _ _ _ _ _ _ _ _ _ _ _ _ _ _ _ _ _ _ _ _ 

self = &lt;requests.sessions.Session object at 0xfcaac89226d0&gt;
request = &lt;PreparedRequest [GET]&gt;
kwargs = {'cert': None, 'proxies': OrderedDict(), 'stream': False, 'timeout': 30, ...}
allow_redirects = True, stream = False, hooks = {'response': []}
adapter = &lt;requests.adapters.HTTPAdapter object at 0xfcaac8922410&gt;
start = 1782498562.3597999

    def send(self, request, **kwargs):
        """Send a given PreparedRequest.
    
        :rtype: requests.Response
        """
        # Set defaults that the hooks can utilize to ensure they always have
        # the correct parameters to reproduce the previous request.
        kwargs.setdefault("stream", self.stream)
        kwargs.setdefault("verify", self.verify)
        kwargs.setdefault("cert", self.cert)
        if "proxies" not in kwargs:
            kwargs["proxies"] = resolve_proxies(request, self.proxies, self.trust_env)
    
        # It's possible that users might accidentally send a Request object.
        # Guard against that specific failure case.
        if isinstance(request, Request):
            raise ValueError("You can only send PreparedRequests.")
    
        # Set up variables needed for resolve_redirects and dispatching of hooks
        allow_redirects = kwargs.pop("allow_redirects", True)
        stream = kwargs.get("stream")
        hooks = request.hooks
    
        # Get the appropriate adapter to use
        adapter = self.get_adapter(url=request.url)
    
        # Start time (approximately) of the request
        start = preferred_clock()
    
        # Send the request
&gt;       r = adapter.send(request, **kwargs)
            ^^^^^^^^^^^^^^^^^^^^^^^^^^^^^^^

/root/.venv/lib/python3.11/site-packages/requests/sessions.py:706: 
_ _ _ _ _ _ _ _ _ _ _ _ _ _ _ _ _ _ _ _ _ _ _ _ _ _ _ _ _ _ _ _ _ _ _ _ _ _ _ _ 

self = &lt;requests.adapters.HTTPAdapter object at 0xfcaac8922410&gt;
request = &lt;PreparedRequest [GET]&gt;, stream = False
timeout = Timeout(connect=30, read=30, total=None), verify = True, cert = None
proxies = OrderedDict()

    def send(
        self, request, stream=False, timeout=None, verify=True, cert=None, proxies=None
    ):
        """Sends PreparedRequest object. Returns Response object.
    
        :param request: The :class:`PreparedRequest &lt;PreparedRequest&gt;` being sent.
        :param stream: (optional) Whether to stream the request content.
        :param timeout: (optional) How long to wait for the server to send
            data before giving up, as a float, or a :ref:`(connect timeout,
            read timeout) &lt;timeouts&gt;` tuple.
        :type timeout: float or tuple or urllib3 Timeout object
        :param verify: (optional) Either a boolean, in which case it controls whether
            we verify the server's TLS certificate, or a string, in which case it
            must be a path to a CA bundle to use
        :param cert: (optional) Any user-provided SSL certificate to be trusted.
        :param proxies: (optional) The proxies dictionary to apply to the request.
        :rtype: requests.Response
        """
    
        try:
            conn = self.get_connection_with_tls_context(
                request, verify, proxies=proxies, cert=cert
            )
        except LocationValueError as e:
            raise InvalidURL(e, request=request)
    
        self.cert_verify(conn, request.url, verify, cert)
        url = self.request_url(request, proxies)
        self.add_headers(
            request,
            stream=stream,
            timeout=timeout,
            verify=verify,
            cert=cert,
            proxies=proxies,
        )
    
        chunked = not (request.body is None or "Content-Length" in request.headers)
    
        if isinstance(timeout, tuple):
            try:
                connect, read = timeout
                timeout = TimeoutSauce(connect=connect, read=read)
            except ValueError:
                raise ValueError(
                    f"Invalid timeout {timeout}. Pass a (connect, read) timeout tuple, "
                    f"or a single float to set both timeouts to the same value."
                )
        elif isinstance(timeout, TimeoutSauce):
            pass
        else:
            timeout = TimeoutSauce(connect=timeout, read=timeout)
    
        try:
            resp = conn.urlopen(
                method=request.method,
                url=url,
                body=request.body,
                headers=request.headers,
                redirect=False,
                assert_same_host=False,
                preload_content=False,
                decode_content=False,
                retries=self.max_retries,
                timeout=timeout,
                chunked=chunked,
            )
    
        except (ProtocolError, OSError) as err:
            raise ConnectionError(err, request=request)
    
        except MaxRetryError as e:
            if isinstance(e.reason, ConnectTimeoutError):
                # TODO: Remove this in 3.0.0: see #2811
                if not isinstance(e.reason, NewConnectionError):
                    raise ConnectTimeout(e, request=request)
    
            if isinstance(e.reason, ResponseError):
                raise RetryError(e, request=request)
    
            if isinstance(e.reason, _ProxyError):
                raise ProxyError(e, request=request)
    
            if isinstance(e.reason, _SSLError):
                # This branch is for urllib3 v1.22 and later.
                raise SSLError(e, request=request)
    
            raise ConnectionError(e, request=request)
    
        except ClosedPoolError as e:
            raise ConnectionError(e, request=request)
    
        except _ProxyError as e:
            raise ProxyError(e)
    
        except (_SSLError, _HTTPError) as e:
            if isinstance(e, _SSLError):
                # This branch is for urllib3 versions earlier than v1.22
                raise SSLError(e, request=request)
            elif isinstance(e, ReadTimeoutError):
&gt;               raise ReadTimeout(e, request=request)
E               requests.exceptions.ReadTimeout: HTTPSConnectionPool(host='emergent-ai-teams.preview.emergentagent.com', port=443): Read timed out. (read timeout=30)

/root/.venv/lib/python3.11/site-packages/requests/adapters.py:691: ReadTimeout</failure></testcase></testsuite></testsuites>