<?xml version="1.0" encoding="utf-8"?><testsuites name="pytest tests"><testsuite name="pytest" errors="0" failures="0" skipped="0" tests="9" time="7.085" timestamp="2026-08-07T01:51:08.515998+00:00" hostname="agent-env-015c1b3c-39a0-4720-9273-5bbaa5379a8f"><testcase classname="backend.tests.test_iteration134_missed_call_and_recap.TestDeclineGuards" name="test_decline_unauth_returns_401" time="0.133" /><testcase classname="backend.tests.test_iteration134_missed_call_and_recap.TestDeclineGuards" name="test_decline_unknown_call_returns_404" time="0.440" /><testcase classname="backend.tests.test_iteration134_missed_call_and_recap.TestMissedCallCardFlow" name="test_decline_posts_one_missed_card_and_is_idempotent" time="2.301" /><testcase classname="backend.tests.test_iteration134_missed_call_and_recap.TestMissedCallCardFlow" name="test_decline_after_someone_joined_returns_answered_elsewhere_no_card" time="1.478" /><testcase classname="backend.tests.test_iteration134_missed_call_and_recap.TestRecapToTask" name="test_create_task_self_assigned_and_visible_in_mine" time="0.197" /><testcase classname="backend.tests.test_iteration134_missed_call_and_recap.TestResendInvite" name="test_resend_requires_auth" time="0.096" /><testcase classname="backend.tests.test_iteration134_missed_call_and_recap.TestResendInvite" name="test_resend_unknown_member_returns_404" time="0.095" /><testcase classname="backend.tests.test_iteration134_missed_call_and_recap.TestResendInvite" name="test_resend_pending_member_allowed_for_owner" time="0.744" /><testcase classname="backend.tests.test_iteration134_missed_call_and_recap.TestResendInvite" name="test_resend_forbidden_for_non_admin" time="1.576" /></testsuite></testsuites>