<?xml version="1.0" encoding="utf-8"?><testsuites name="pytest tests"><testsuite name="pytest" errors="0" failures="0" skipped="0" tests="4" time="1.576" timestamp="2026-08-19T00:59:14.108400+00:00" hostname="agent-env-015c1b3c-39a0-4720-9273-5bbaa5379a8f"><testcase classname="backend.tests.test_iteration139_home_summary" name="test_home_summary_shape_super_admin" time="0.486" /><testcase classname="backend.tests.test_iteration139_home_summary" name="test_home_summary_shape_test_user" time="0.568" /><testcase classname="backend.tests.test_iteration139_home_summary" name="test_home_summary_requires_auth" time="0.104" /><testcase classname="backend.tests.test_iteration139_home_summary" name="test_dashboard_regression" time="0.396" /></testsuite></testsuites>