<?xml version="1.0" encoding="utf-8"?><testsuites name="pytest tests"><testsuite name="pytest" errors="0" failures="0" skipped="0" tests="9" time="45.331" timestamp="2026-07-21T05:21:58.598912+00:00" hostname="agent-env-015c1b3c-39a0-4720-9273-5bbaa5379a8f"><testcase classname="backend.tests.test_iteration109_ai_conversation_mode.TestPersonalAI" name="test_plain_message_creates_session_and_ai_answer" time="3.680" /><testcase classname="backend.tests.test_iteration109_ai_conversation_mode.TestGroupFollowUp" name="test_at_ai_then_follow_up_routes_to_ai" time="6.674" /><testcase classname="backend.tests.test_iteration109_ai_conversation_mode.TestLowConfidenceStaysChat" name="test_low_confidence_stays_chat" time="9.488" /><testcase classname="backend.tests.test_iteration109_ai_conversation_mode.TestExitCommands" name="test_exit_command_ends_session_without_message[/exit-ai]" time="5.611" /><testcase classname="backend.tests.test_iteration109_ai_conversation_mode.TestExitCommands" name="test_exit_command_ends_session_without_message[/team]" time="5.544" /><testcase classname="backend.tests.test_iteration109_ai_conversation_mode.TestSessionEndpoints" name="test_post_exit_endpoint" time="4.149" /><testcase classname="backend.tests.test_iteration109_ai_conversation_mode.TestReplyToAI" name="test_reply_to_ai_message_triggers_ai" time="6.671" /><testcase classname="backend.tests.test_iteration109_ai_conversation_mode.TestExplicitAtAIRegression" name="test_at_ai_still_works" time="3.176" /><testcase classname="backend.tests.test_iteration109_ai_conversation_mode.TestExitEndpointOnInactive" name="test_exit_idempotent" time="0.291" /></testsuite></testsuites>