<?xml version="1.0" encoding="utf-8"?><testsuites name="pytest tests"><testsuite name="pytest" errors="0" failures="0" skipped="0" tests="15" time="52.710" timestamp="2026-07-06T05:53:47.191727+00:00" hostname="agent-env-6adf17d4-6bc2-4eec-b3a8-7ea289157f31"><testcase classname="tests.test_iteration83_build_room.TestTalkToBuildStreamed" name="test_project_exists" time="0.441" /><testcase classname="tests.test_iteration83_build_room.TestTalkToBuildStreamed" name="test_talk_returns_activity_id_immediately" time="0.048" /><testcase classname="tests.test_iteration83_build_room.TestTalkToBuildStreamed" name="test_activity_polls_running_and_completes" time="23.776" /><testcase classname="tests.test_iteration83_build_room.TestTalkToBuildStreamed" name="test_activity_has_summary_and_screenshot_if_ok" time="0.000" /><testcase classname="tests.test_iteration83_build_room.TestTalkToBuildStreamed" name="test_talk_rejects_short_instruction" time="0.046" /><testcase classname="tests.test_iteration83_build_room.TestTalkToBuildStreamed" name="test_talk_accepts_long_instruction_up_to_4000" time="0.045" /><testcase classname="tests.test_iteration83_build_room.TestTalkToBuildStreamed" name="test_build_activities_returns_404_for_bad_id" time="18.038" /><testcase classname="tests.test_iteration83_build_room.TestBuildersSuggest" name="test_suggest_roles" time="4.245" /><testcase classname="tests.test_iteration83_build_room.TestBuildersSuggest" name="test_suggest_report" time="1.342" /><testcase classname="tests.test_iteration83_build_room.TestBuildersSuggest" name="test_suggest_bad_builder_key" time="0.047" /><testcase classname="tests.test_iteration83_build_room.TestBuildIdeas" name="test_build_ideas_returns_4" time="1.808" /><testcase classname="tests.test_iteration83_build_room.TestTemplateMarket" name="test_list_templates" time="0.051" /><testcase classname="tests.test_iteration83_build_room.TestTemplateMarket" name="test_paid_template_exists" time="0.000" /><testcase classname="tests.test_iteration83_build_room.TestDevOsTemplateSlash" name="test_slash_dev_os_template_lists_ideas" time="2.727" /><testcase classname="tests.test_iteration83_build_room.TestFreeInstallRegression" name="test_get_templates_has_pricing" time="0.044" /></testsuite></testsuites>