<?xml version="1.0" encoding="utf-8"?><testsuites name="pytest tests"><testsuite name="pytest" errors="0" failures="0" skipped="0" tests="83" time="128.800" timestamp="2026-05-12T07:27:57.131196+00:00" hostname="agent-env-6adf17d4-6bc2-4eec-b3a8-7ea289157f31"><testcase classname="tests.test_auto_finalize_research.TestAutoFinalize" name="test_thread_marked_complete_and_auto_synthesized" time="18.540" /><testcase classname="tests.test_auto_finalize_research.TestAutoFinalize" name="test_exactly_one_response_marked_best" time="0.000" /><testcase classname="tests.test_auto_finalize_research.TestAutoFinalize" name="test_chat_has_synthesized_ai_answer_message" time="0.185" /><testcase classname="tests.test_auto_finalize_research.TestAutoFinalize" name="test_get_research_returns_final_answer" time="0.123" /><testcase classname="tests.test_auto_finalize_research.TestSelectBestResynthesize" name="test_select_different_best_triggers_resynth" time="6.498" /><testcase classname="tests.test_auto_finalize_research.TestSelectBestResynthesize" name="test_select_best_resynthesize_false_skips_msg" time="1.054" /><testcase classname="tests.test_auto_finalize_research.TestInlineAICommandAutoFinalize" name="test_inline_ai_command_posts_synthesized_answer" time="8.888" /><testcase classname="tests.test_emergent_ai_teams.TestHealth" name="test_root" time="0.168" /><testcase classname="tests.test_emergent_ai_teams.TestAuth" name="test_demo_login" time="0.091" /><testcase classname="tests.test_emergent_ai_teams.TestAuth" name="test_login_seeded_user" time="0.274" /><testcase classname="tests.test_emergent_ai_teams.TestAuth" name="test_login_invalid" time="0.269" /><testcase classname="tests.test_emergent_ai_teams.TestAuth" name="test_signup_new_user" time="0.272" /><testcase classname="tests.test_emergent_ai_teams.TestAuth" name="test_me" time="0.050" /><testcase classname="tests.test_emergent_ai_teams.TestAuth" name="test_me_no_token" time="0.094" /><testcase classname="tests.test_emergent_ai_teams.TestWorkspace" name="test_get_workspace" time="0.046" /><testcase classname="tests.test_emergent_ai_teams.TestWorkspace" name="test_members" time="0.056" /><testcase classname="tests.test_emergent_ai_teams.TestWorkspace" name="test_invite" time="0.276" /><testcase classname="tests.test_emergent_ai_teams.TestChats" name="test_list_chats" time="0.056" /><testcase classname="tests.test_emergent_ai_teams.TestChats" name="test_create_chat" time="0.045" /><testcase classname="tests.test_emergent_ai_teams.TestMessages" name="test_send_message" time="0.053" /><testcase classname="tests.test_emergent_ai_teams.TestMessages" name="test_list_messages" time="0.070" /><testcase classname="tests.test_emergent_ai_teams.TestMessages" name="test_edit_message" time="0.048" /><testcase classname="tests.test_emergent_ai_teams.TestMessages" name="test_react" time="0.159" /><testcase classname="tests.test_emergent_ai_teams.TestMessages" name="test_pin" time="0.093" /><testcase classname="tests.test_emergent_ai_teams.TestMessages" name="test_delete_message" time="0.095" /><testcase classname="tests.test_emergent_ai_teams.TestAI" name="test_ai_research_real_and_simulated" time="18.370" /><testcase classname="tests.test_emergent_ai_teams.TestAI" name="test_get_research" time="0.068" /><testcase classname="tests.test_emergent_ai_teams.TestAI" name="test_vote_categories" time="0.252" /><testcase classname="tests.test_emergent_ai_teams.TestAI" name="test_select_best" time="6.307" /><testcase classname="tests.test_emergent_ai_teams.TestAI" name="test_synthesize" time="5.965" /><testcase classname="tests.test_emergent_ai_teams.TestAI" name="test_improve_message" time="0.564" /><testcase classname="tests.test_emergent_ai_teams.TestFolders" name="test_create_folder" time="0.056" /><testcase classname="tests.test_emergent_ai_teams.TestFolders" name="test_list_folders" time="0.050" /><testcase classname="tests.test_emergent_ai_teams.TestFolders" name="test_save_research" time="0.051" /><testcase classname="tests.test_emergent_ai_teams.TestFolders" name="test_get_folder_details" time="0.047" /><testcase classname="tests.test_emergent_ai_teams.TestTasks" name="test_create_task_with_reminder" time="0.622" /><testcase classname="tests.test_emergent_ai_teams.TestTasks" name="test_list_tasks_all" time="0.050" /><testcase classname="tests.test_emergent_ai_teams.TestTasks" name="test_list_tasks_mine" time="0.045" /><testcase classname="tests.test_emergent_ai_teams.TestTasks" name="test_update_task" time="0.050" /><testcase classname="tests.test_emergent_ai_teams.TestTasks" name="test_delete_task" time="0.097" /><testcase classname="tests.test_emergent_ai_teams.TestDashboard" name="test_dashboard" time="0.057" /><testcase classname="tests.test_emergent_ai_teams.TestWebSocket" name="test_ws_broadcast" time="0.826" /><testcase classname="tests.test_extract_task" name="test_extract_task_real_message" time="1.935" /><testcase classname="tests.test_extract_task" name="test_extract_task_garbage_returns_fallback" time="1.635" /><testcase classname="tests.test_extract_task" name="test_extract_task_invalid_assignee_sanitized" time="1.498" /><testcase classname="tests.test_extract_task" name="test_extract_task_requires_auth" time="0.105" /><testcase classname="tests.test_extract_task" name="test_task_assigned_creates_reminder_and_shows_in_mine" time="0.866" /><testcase classname="tests.test_inline_task_command.TestInlineTaskCommand" name="test_inline_task_creates_task_with_all_fields" time="4.455" /><testcase classname="tests.test_inline_task_command.TestInlineTaskCommand" name="test_inline_task_partial_name_priya" time="3.713" /><testcase classname="tests.test_inline_task_command.TestInlineTaskCommand" name="test_inline_task_natural_due_tomorrow" time="3.398" /><testcase classname="tests.test_inline_task_command.TestInlineTaskCommand" name="test_inline_task_natural_due_friday" time="3.381" /><testcase classname="tests.test_inline_task_command.TestInlineTaskCommand" name="test_inline_task_natural_due_today" time="3.425" /><testcase classname="tests.test_inline_task_command.TestInlineTaskCommand" name="test_message_without_task_does_not_create" time="2.466" /><testcase classname="tests.test_inline_task_command.TestInlineTaskCommand" name="test_extract_task_endpoint_still_works" time="1.298" /><testcase classname="tests.test_integrations.TestIntegrations" name="test_empty_list_on_new_chat" time="0.463" /><testcase classname="tests.test_integrations.TestIntegrations" name="test_create_incoming_webhook" time="0.109" /><testcase classname="tests.test_integrations.TestIntegrations" name="test_api_fetch_type_requires_url" time="0.119" /><testcase classname="tests.test_integrations.TestIntegrations" name="test_api_fetch_type_create_ok" time="0.111" /><testcase classname="tests.test_integrations.TestIntegrations" name="test_list_now_has_two" time="0.114" /><testcase classname="tests.test_integrations.TestIntegrations" name="test_public_webhook_post_creates_message" time="0.329" /><testcase classname="tests.test_integrations.TestIntegrations" name="test_public_webhook_invalid_token_404" time="0.110" /><testcase classname="tests.test_integrations.TestIntegrations" name="test_api_fetch_endpoint_success" time="0.232" /><testcase classname="tests.test_integrations.TestIntegrations" name="test_api_fetch_endpoint_502_on_bad_url" time="0.138" /><testcase classname="tests.test_integrations.TestIntegrations" name="test_delete_integration_and_webhook_404" time="0.205" /><testcase classname="tests.test_iteration2_features.TestUploads" name="test_upload_text_file" time="0.360" /><testcase classname="tests.test_iteration2_features.TestUploads" name="test_upload_image_file" time="0.320" /><testcase classname="tests.test_iteration2_features.TestUploads" name="test_upload_rejects_bad_ext" time="0.144" /><testcase classname="tests.test_iteration2_features.TestUploads" name="test_upload_rejects_too_large" time="1.528" /><testcase classname="tests.test_iteration2_features.TestUploads" name="test_upload_requires_auth" time="0.103" /><testcase classname="tests.test_iteration2_features.TestFileDownload" name="test_download_with_bearer" time="0.218" /><testcase classname="tests.test_iteration2_features.TestFileDownload" name="test_download_with_query_auth" time="0.211" /><testcase classname="tests.test_iteration2_features.TestFileDownload" name="test_download_no_auth" time="0.096" /><testcase classname="tests.test_iteration2_features.TestFileDownload" name="test_download_cross_workspace_forbidden" time="0.428" /><testcase classname="tests.test_iteration2_features.TestFileDownload" name="test_download_nonexistent" time="0.099" /><testcase classname="tests.test_iteration2_features.TestRealAIModels" name="test_perplexity_grok_real_responses" time="9.751" /><testcase classname="tests.test_iteration2_features.TestRealAIModels" name="test_deepseek_402_handled_gracefully" time="10.344" /><testcase classname="tests.test_iteration2_features.TestShareSnapshot" name="test_create_share_link" time="0.271" /><testcase classname="tests.test_iteration2_features.TestShareSnapshot" name="test_share_idempotent" time="0.386" /><testcase classname="tests.test_iteration2_features.TestShareSnapshot" name="test_share_forbidden_for_outsider" time="0.417" /><testcase classname="tests.test_iteration2_features.TestShareSnapshot" name="test_public_snapshot_no_auth" time="0.234" /><testcase classname="tests.test_iteration2_features.TestShareSnapshot" name="test_revoke_share_link" time="0.797" /><testcase classname="tests.test_iteration2_features.TestShareSnapshot" name="test_invalid_token_404" time="0.410" /><testcase classname="tests.test_iteration2_features.TestBrand" name="test_root_brand" time="1.526" /></testsuite></testsuites>