<?xml version="1.0" encoding="utf-8"?><testsuites name="pytest tests"><testsuite name="pytest" errors="0" failures="0" skipped="0" tests="8" time="3.459" timestamp="2026-08-07T00:26:39.688929+00:00" hostname="agent-env-015c1b3c-39a0-4720-9273-5bbaa5379a8f"><testcase classname="tests.test_iteration133_mobile_features.TestInviteTimeline" name="test_returns_configured_email_events" time="0.433" /><testcase classname="tests.test_iteration133_mobile_features.TestInviteTimeline" name="test_unknown_member_returns_404" time="0.004" /><testcase classname="tests.test_iteration133_mobile_features.TestReactionOverlay" name="test_reaction_returns_ok_and_does_not_persist_message" time="0.414" /><testcase classname="tests.test_iteration133_mobile_features.TestReactionOverlay" name="test_reaction_empty_emoji_rejected" time="0.003" /><testcase classname="tests.test_iteration133_mobile_features.TestReactionOverlay" name="test_reaction_broadcasts_over_chat_ws" time="0.419" /><testcase classname="tests.test_iteration133_mobile_features.TestCallRecapCard" name="test_seeded_recap_message_exists" time="0.006" /><testcase classname="tests.test_iteration133_mobile_features.TestCallRinging" name="test_user_ws_rejects_bad_token" time="0.003" /><testcase classname="tests.test_iteration133_mobile_features.TestCallRinging" name="test_incoming_call_and_unring" time="2.134" /></testsuite></testsuites>