<?xml version="1.0" encoding="utf-8"?><testsuites name="pytest tests"><testsuite name="pytest" errors="0" failures="0" skipped="0" tests="6" time="3.131" timestamp="2026-06-22T09:03:29.697360+00:00" hostname="agent-env-6adf17d4-6bc2-4eec-b3a8-7ea289157f31"><testcase classname="backend.tests.test_iteration63_integrations.TestIntegrationsStatus" name="test_status_shape_and_real_accounts" time="0.802" /><testcase classname="backend.tests.test_iteration63_integrations.TestVercelProjects" name="test_list_projects_ok" time="0.204" /><testcase classname="backend.tests.test_iteration63_integrations.TestGithubExport" name="test_export_returns_ok_via_real_or_fallback" time="1.507" /><testcase classname="backend.tests.test_iteration63_integrations.TestVercelLinkDeploy" name="test_link_then_get" time="0.105" /><testcase classname="backend.tests.test_iteration63_integrations.TestVercelLinkDeploy" name="test_deploy_returns_structured_result" time="0.200" /><testcase classname="backend.tests.test_iteration63_integrations.TestChatCategory" name="test_patch_chat_category" time="0.269" /></testsuite></testsuites>