<?xml version="1.0" encoding="utf-8"?><testsuites name="pytest tests"><testsuite name="pytest" errors="0" failures="0" skipped="0" tests="33" time="6.269" timestamp="2026-07-18T21:53:44.487652+00:00" hostname="agent-env-015c1b3c-39a0-4720-9273-5bbaa5379a8f"><testcase classname="backend.tests.test_iteration106_password_policy" name="test_signup_rejects_weak_password_or_invite_required[short-Ab1$]" time="0.212" /><testcase classname="backend.tests.test_iteration106_password_policy" name="test_signup_rejects_weak_password_or_invite_required[no_upper-abcdefg1$]" time="0.105" /><testcase classname="backend.tests.test_iteration106_password_policy" name="test_signup_rejects_weak_password_or_invite_required[no_lower-ABCDEFG1$]" time="0.107" /><testcase classname="backend.tests.test_iteration106_password_policy" name="test_signup_rejects_weak_password_or_invite_required[no_digit-Abcdefg$$]" time="0.101" /><testcase classname="backend.tests.test_iteration106_password_policy" name="test_signup_rejects_weak_password_or_invite_required[no_special-Abcdefg1]" time="0.102" /><testcase classname="backend.tests.test_iteration106_password_policy" name="test_reset_password_rejects_weak[short-Ab1$]" time="0.106" /><testcase classname="backend.tests.test_iteration106_password_policy" name="test_reset_password_rejects_weak[no_upper-abcdefg1$]" time="0.136" /><testcase classname="backend.tests.test_iteration106_password_policy" name="test_reset_password_rejects_weak[no_lower-ABCDEFG1$]" time="0.096" /><testcase classname="backend.tests.test_iteration106_password_policy" name="test_reset_password_rejects_weak[no_digit-Abcdefg$$]" time="0.095" /><testcase classname="backend.tests.test_iteration106_password_policy" name="test_reset_password_rejects_weak[no_special-Abcdefg1]" time="0.108" /><testcase classname="backend.tests.test_iteration106_password_policy" name="test_superadmin_create_user_rejects_weak[short-Ab1$]" time="0.372" /><testcase classname="backend.tests.test_iteration106_password_policy" name="test_superadmin_create_user_rejects_weak[no_upper-abcdefg1$]" time="0.046" /><testcase classname="backend.tests.test_iteration106_password_policy" name="test_superadmin_create_user_rejects_weak[no_lower-ABCDEFG1$]" time="0.043" /><testcase classname="backend.tests.test_iteration106_password_policy" name="test_superadmin_create_user_rejects_weak[no_digit-Abcdefg$$]" time="0.046" /><testcase classname="backend.tests.test_iteration106_password_policy" name="test_superadmin_create_user_rejects_weak[no_special-Abcdefg1]" time="0.046" /><testcase classname="backend.tests.test_iteration106_password_policy" name="test_superadmin_reset_password_rejects_weak[short-Ab1$]" time="0.090" /><testcase classname="backend.tests.test_iteration106_password_policy" name="test_superadmin_reset_password_rejects_weak[no_upper-abcdefg1$]" time="0.096" /><testcase classname="backend.tests.test_iteration106_password_policy" name="test_superadmin_reset_password_rejects_weak[no_lower-ABCDEFG1$]" time="0.097" /><testcase classname="backend.tests.test_iteration106_password_policy" name="test_superadmin_reset_password_rejects_weak[no_digit-Abcdefg$$]" time="0.092" /><testcase classname="backend.tests.test_iteration106_password_policy" name="test_superadmin_reset_password_rejects_weak[no_special-Abcdefg1]" time="0.096" /><testcase classname="backend.tests.test_iteration106_password_policy" name="test_self_change_password_rejects_weak[short-Ab1$]" time="0.481" /><testcase classname="backend.tests.test_iteration106_password_policy" name="test_self_change_password_rejects_weak[no_upper-abcdefg1$]" time="0.267" /><testcase classname="backend.tests.test_iteration106_password_policy" name="test_self_change_password_rejects_weak[no_lower-ABCDEFG1$]" time="0.265" /><testcase classname="backend.tests.test_iteration106_password_policy" name="test_self_change_password_rejects_weak[no_digit-Abcdefg$$]" time="0.306" /><testcase classname="backend.tests.test_iteration106_password_policy" name="test_self_change_password_rejects_weak[no_special-Abcdefg1]" time="0.279" /><testcase classname="backend.tests.test_iteration106_password_policy" name="test_self_change_password_accepts_strong" time="0.975" /><testcase classname="backend.tests.test_iteration106_password_policy" name="test_superadmin_create_user_with_credits_and_email" time="0.666" /><testcase classname="backend.tests.test_iteration106_password_policy" name="test_forgot_password_generic_200_unknown_email" time="0.167" /><testcase classname="backend.tests.test_iteration106_password_policy" name="test_forgot_password_generic_200_known_email" time="0.120" /><testcase classname="backend.tests.test_iteration106_password_policy" name="test_reset_password_invalid_token_after_complexity" time="0.090" /><testcase classname="backend.tests.test_iteration106_password_policy" name="test_m365_folders_endpoint" time="0.305" /><testcase classname="backend.tests.test_iteration106_password_policy" name="test_folders_wrong_provider_400" time="0.050" /><testcase classname="backend.tests.test_iteration106_password_policy" name="test_folders_unknown_account_404" time="0.048" /></testsuite></testsuites>