<?xml version="1.0" encoding="utf-8"?><testsuites name="pytest tests"><testsuite name="pytest" errors="0" failures="2" skipped="0" tests="108" time="149.912" timestamp="2026-05-12T19:25:02.860433+00:00" hostname="agent-env-6adf17d4-6bc2-4eec-b3a8-7ea289157f31"><testcase classname="backend.tests.test_auto_finalize_research.TestAutoFinalize" name="test_thread_marked_complete_and_auto_synthesized" time="8.221" /><testcase classname="backend.tests.test_auto_finalize_research.TestAutoFinalize" name="test_exactly_one_response_marked_best" time="0.000" /><testcase classname="backend.tests.test_auto_finalize_research.TestAutoFinalize" name="test_chat_has_synthesized_ai_answer_message" time="0.176" /><testcase classname="backend.tests.test_auto_finalize_research.TestAutoFinalize" name="test_get_research_returns_final_answer" time="0.153" /><testcase classname="backend.tests.test_auto_finalize_research.TestSelectBestResynthesize" name="test_select_different_best_triggers_resynth" time="5.892" /><testcase classname="backend.tests.test_auto_finalize_research.TestSelectBestResynthesize" name="test_select_best_resynthesize_false_skips_msg" time="1.296" /><testcase classname="backend.tests.test_auto_finalize_research.TestInlineAICommandAutoFinalize" name="test_inline_ai_command_posts_synthesized_answer" time="6.186" /><testcase classname="backend.tests.test_emergent_ai_teams.TestHealth" name="test_root" time="0.269" /><testcase classname="backend.tests.test_emergent_ai_teams.TestAuth" name="test_demo_login" time="0.062" /><testcase classname="backend.tests.test_emergent_ai_teams.TestAuth" name="test_login_seeded_user" time="0.290" /><testcase classname="backend.tests.test_emergent_ai_teams.TestAuth" name="test_login_invalid" time="0.287" /><testcase classname="backend.tests.test_emergent_ai_teams.TestAuth" name="test_signup_new_user" time="0.298" /><testcase classname="backend.tests.test_emergent_ai_teams.TestAuth" name="test_me" time="0.068" /><testcase classname="backend.tests.test_emergent_ai_teams.TestAuth" name="test_me_no_token" time="0.152" /><testcase classname="backend.tests.test_emergent_ai_teams.TestWorkspace" name="test_get_workspace" time="0.078" /><testcase classname="backend.tests.test_emergent_ai_teams.TestWorkspace" name="test_members" time="0.079" /><testcase classname="backend.tests.test_emergent_ai_teams.TestWorkspace" name="test_invite" time="0.297" /><testcase classname="backend.tests.test_emergent_ai_teams.TestChats" name="test_list_chats" time="0.074" /><testcase classname="backend.tests.test_emergent_ai_teams.TestChats" name="test_create_chat" time="0.075" /><testcase classname="backend.tests.test_emergent_ai_teams.TestMessages" name="test_send_message" time="0.083" /><testcase classname="backend.tests.test_emergent_ai_teams.TestMessages" name="test_list_messages" time="0.066" /><testcase classname="backend.tests.test_emergent_ai_teams.TestMessages" name="test_edit_message" time="0.071" /><testcase classname="backend.tests.test_emergent_ai_teams.TestMessages" name="test_react" time="0.070" /><testcase classname="backend.tests.test_emergent_ai_teams.TestMessages" name="test_pin" time="0.062" /><testcase classname="backend.tests.test_emergent_ai_teams.TestMessages" name="test_delete_message" time="0.127" /><testcase classname="backend.tests.test_emergent_ai_teams.TestAI" name="test_ai_research_real_and_simulated" time="18.229" /><testcase classname="backend.tests.test_emergent_ai_teams.TestAI" name="test_get_research" time="0.091" /><testcase classname="backend.tests.test_emergent_ai_teams.TestAI" name="test_vote_categories" time="0.400" /><testcase classname="backend.tests.test_emergent_ai_teams.TestAI" name="test_select_best" time="6.445" /><testcase classname="backend.tests.test_emergent_ai_teams.TestAI" name="test_synthesize" time="4.378" /><testcase classname="backend.tests.test_emergent_ai_teams.TestAI" name="test_improve_message" time="1.022" /><testcase classname="backend.tests.test_emergent_ai_teams.TestFolders" name="test_create_folder" time="0.067" /><testcase classname="backend.tests.test_emergent_ai_teams.TestFolders" name="test_list_folders" time="0.102" /><testcase classname="backend.tests.test_emergent_ai_teams.TestFolders" name="test_save_research" time="0.100" /><testcase classname="backend.tests.test_emergent_ai_teams.TestFolders" name="test_get_folder_details" time="0.075" /><testcase classname="backend.tests.test_emergent_ai_teams.TestTasks" name="test_create_task_with_reminder" time="0.874" /><testcase classname="backend.tests.test_emergent_ai_teams.TestTasks" name="test_list_tasks_all" time="0.066" /><testcase classname="backend.tests.test_emergent_ai_teams.TestTasks" name="test_list_tasks_mine" time="0.062" /><testcase classname="backend.tests.test_emergent_ai_teams.TestTasks" name="test_update_task" time="0.068" /><testcase classname="backend.tests.test_emergent_ai_teams.TestTasks" name="test_delete_task" time="0.136" /><testcase classname="backend.tests.test_emergent_ai_teams.TestDashboard" name="test_dashboard" time="0.071" /><testcase classname="backend.tests.test_emergent_ai_teams.TestWebSocket" name="test_ws_broadcast" time="0.967" /><testcase classname="backend.tests.test_extract_task" name="test_extract_task_real_message" time="1.528" /><testcase classname="backend.tests.test_extract_task" name="test_extract_task_garbage_returns_fallback" time="1.555" /><testcase classname="backend.tests.test_extract_task" name="test_extract_task_invalid_assignee_sanitized" time="1.024" /><testcase classname="backend.tests.test_extract_task" name="test_extract_task_requires_auth" time="0.140" /><testcase classname="backend.tests.test_extract_task" name="test_task_assigned_creates_reminder_and_shows_in_mine" time="1.255" /><testcase classname="backend.tests.test_integrations.TestIntegrations" name="test_empty_list_on_new_chat" time="0.721" /><testcase classname="backend.tests.test_integrations.TestIntegrations" name="test_create_incoming_webhook" time="0.154" /><testcase classname="backend.tests.test_integrations.TestIntegrations" name="test_api_fetch_type_requires_url" time="0.145" /><testcase classname="backend.tests.test_integrations.TestIntegrations" name="test_api_fetch_type_create_ok" time="0.155" /><testcase classname="backend.tests.test_integrations.TestIntegrations" name="test_list_now_has_two" time="0.178" /><testcase classname="backend.tests.test_integrations.TestIntegrations" name="test_public_webhook_post_creates_message" time="0.526" /><testcase classname="backend.tests.test_integrations.TestIntegrations" name="test_public_webhook_invalid_token_404" time="0.146" /><testcase classname="backend.tests.test_integrations.TestIntegrations" name="test_api_fetch_endpoint_success" time="0.281"><failure message="assert 429 == 200">E   assert 429 == 200</failure></testcase><testcase classname="backend.tests.test_integrations.TestIntegrations" name="test_api_fetch_endpoint_502_on_bad_url" time="0.186" /><testcase classname="backend.tests.test_integrations.TestIntegrations" name="test_delete_integration_and_webhook_404" time="0.308" /><testcase classname="backend.tests.test_iteration2_features.TestUploads" name="test_upload_text_file" time="0.523" /><testcase classname="backend.tests.test_iteration2_features.TestUploads" name="test_upload_image_file" time="0.294" /><testcase classname="backend.tests.test_iteration2_features.TestUploads" name="test_upload_rejects_bad_ext" time="0.152" /><testcase classname="backend.tests.test_iteration2_features.TestUploads" name="test_upload_rejects_too_large" time="1.293" /><testcase classname="backend.tests.test_iteration2_features.TestUploads" name="test_upload_requires_auth" time="0.149" /><testcase classname="backend.tests.test_iteration2_features.TestFileDownload" name="test_download_with_bearer" time="0.275" /><testcase classname="backend.tests.test_iteration2_features.TestFileDownload" name="test_download_with_query_auth" time="0.251" /><testcase classname="backend.tests.test_iteration2_features.TestFileDownload" name="test_download_no_auth" time="0.266" /><testcase classname="backend.tests.test_iteration2_features.TestFileDownload" name="test_download_cross_workspace_forbidden" time="0.522" /><testcase classname="backend.tests.test_iteration2_features.TestFileDownload" name="test_download_nonexistent" time="0.141" /><testcase classname="backend.tests.test_iteration2_features.TestRealAIModels" name="test_perplexity_grok_real_responses" time="12.243" /><testcase classname="backend.tests.test_iteration2_features.TestRealAIModels" name="test_deepseek_402_handled_gracefully" time="0.992" /><testcase classname="backend.tests.test_iteration2_features.TestShareSnapshot" name="test_create_share_link" time="0.137" /><testcase classname="backend.tests.test_iteration2_features.TestShareSnapshot" name="test_share_idempotent" time="0.162" /><testcase classname="backend.tests.test_iteration2_features.TestShareSnapshot" name="test_share_forbidden_for_outsider" time="0.142" /><testcase classname="backend.tests.test_iteration2_features.TestShareSnapshot" name="test_public_snapshot_no_auth" time="0.158" /><testcase classname="backend.tests.test_iteration2_features.TestShareSnapshot" name="test_revoke_share_link" time="0.305" /><testcase classname="backend.tests.test_iteration2_features.TestShareSnapshot" name="test_invalid_token_404" time="0.139" /><testcase classname="backend.tests.test_iteration2_features.TestBrand" name="test_root_brand" time="0.134" /><testcase classname="backend.tests.test_iteration8_new_features.TestUserPreferences" name="test_get_preferences" time="0.266" /><testcase classname="backend.tests.test_iteration8_new_features.TestUserPreferences" name="test_patch_preferences_valid" time="0.158" /><testcase classname="backend.tests.test_iteration8_new_features.TestUserPreferences" name="test_patch_preferences_unknown_model_rejected" time="0.077" /><testcase classname="backend.tests.test_iteration8_new_features.TestUserPreferences" name="test_patch_preferences_filters_unknown_models_list" time="0.151" /><testcase classname="backend.tests.test_iteration8_new_features.TestAISuggestTasks" name="test_suggest_tasks_multiple" time="2.113" /><testcase classname="backend.tests.test_iteration8_new_features.TestAISuggestTasks" name="test_suggest_tasks_single_simple" time="1.356" /><testcase classname="backend.tests.test_iteration8_new_features.TestSingleModelResearch" name="test_single_model_no_synthesis" time="2.416" /><testcase classname="backend.tests.test_iteration8_new_features.TestMultiModelFavoriteBias" name="test_multi_synthesizes" time="24.248" /><testcase classname="backend.tests.test_iteration8_new_features.TestMultiModelFavoriteBias" name="test_favorite_bias_soft" time="25.960"><failure message="requests.exceptions.ConnectionError: ('Connection aborted.', RemoteDisconnected('Remote end closed connection without response'))">E   http.client.RemoteDisconnected: Remote end closed connection without response

During handling of the above exception, another exception occurred:
E   urllib3.exceptions.ProtocolError: ('Connection aborted.', RemoteDisconnected('Remote end closed connection without response'))

During handling of the above exception, another exception occurred:
E   requests.exceptions.ConnectionError: ('Connection aborted.', RemoteDisconnected('Remote end closed connection without response'))</failure></testcase><testcase classname="backend.tests.test_iteration8_new_features.TestRegression" name="test_extract_task_still_works" time="1.261" /><testcase classname="backend.tests.test_iteration8_new_features.TestRegression" name="test_ai_models_list" time="0.051" /><testcase classname="backend.tests.test_iteration8_new_features.TestRegression" name="test_auth_me_includes_preferences" time="0.053" /><testcase classname="backend.tests.test_iteration9_invites.TestInviteLink" name="test_rotate_link_creates_new" time="0.404" /><testcase classname="backend.tests.test_iteration9_invites.TestInviteLink" name="test_get_link_returns_active" time="0.350" /><testcase classname="backend.tests.test_iteration9_invites.TestInviteLink" name="test_rotate_revokes_prior_link" time="0.657" /><testcase classname="backend.tests.test_iteration9_invites.TestInviteLink" name="test_rotate_forbidden_for_viewer" time="0.509" /><testcase classname="backend.tests.test_iteration9_invites.TestInviteLink" name="test_delete_link_revokes" time="0.422" /><testcase classname="backend.tests.test_iteration9_invites.TestInviteLink" name="test_delete_forbidden_for_viewer" time="0.259" /><testcase classname="backend.tests.test_iteration9_invites.TestPublicInvite" name="test_preview_works_no_auth" time="0.283" /><testcase classname="backend.tests.test_iteration9_invites.TestPublicInvite" name="test_preview_invalid_token_404" time="0.150" /><testcase classname="backend.tests.test_iteration9_invites.TestPublicInvite" name="test_redeem_creates_user" time="0.659" /><testcase classname="backend.tests.test_iteration9_invites.TestPublicInvite" name="test_redeem_duplicate_email_400" time="0.307" /><testcase classname="backend.tests.test_iteration9_invites.TestPublicInvite" name="test_redeem_invalid_token_404" time="0.143" /><testcase classname="backend.tests.test_iteration9_invites.TestBulkInvite" name="test_bulk_invite_records_and_returns_mailto" time="0.133" /><testcase classname="backend.tests.test_iteration9_invites.TestBulkInvite" name="test_bulk_invite_dedupes" time="0.254" /><testcase classname="backend.tests.test_iteration9_invites.TestBulkInvite" name="test_bulk_invite_empty_400" time="0.150" /><testcase classname="backend.tests.test_iteration9_invites.TestBulkInvite" name="test_bulk_invite_over_200_400" time="0.137" /><testcase classname="backend.tests.test_iteration9_invites.TestBulkInvite" name="test_bulk_invite_forbidden_for_viewer" time="0.130" /><testcase classname="backend.tests.test_iteration9_invites.TestPendingList" name="test_list_pending_and_cancel" time="0.511" /><testcase classname="backend.tests.test_iteration9_invites.TestPendingList" name="test_list_auto_marks_accepted" time="0.828" /><testcase classname="backend.tests.test_iteration9_invites.TestSuggestions" name="test_generic_domain_skipped" time="0.113" /><testcase classname="backend.tests.test_iteration9_invites.TestSuggestions" name="test_corporate_domain_returns_suggestions" time="1.109" /></testsuite></testsuites>