<?xml version="1.0" encoding="utf-8"?><testsuites name="pytest tests"><testsuite name="pytest" errors="0" failures="3" skipped="0" tests="6" time="1.562" timestamp="2026-06-22T00:58:04.033756+00:00" hostname="agent-env-6adf17d4-6bc2-4eec-b3a8-7ea289157f31"><testcase classname="backend.tests.test_iteration59_p2batch.TestAuditLog" name="test_audit_log_shape" time="0.225" /><testcase classname="backend.tests.test_iteration59_p2batch.TestWsToken" name="test_ws_token_issued" time="0.047" /><testcase classname="backend.tests.test_iteration59_p2batch.TestPresenceWebSocket" name="test_presence_happy_path" time="0.391"><failure message="websockets.exceptions.InvalidStatus: server rejected WebSocket connection: HTTP 403">backend/tests/test_iteration59_p2batch.py:98: in test_presence_happy_path
    asyncio.run(run())
/usr/local/lib/python3.11/asyncio/runners.py:190: in run
    return runner.run(main)
           ^^^^^^^^^^^^^^^^
/usr/local/lib/python3.11/asyncio/runners.py:118: in run
    return self._loop.run_until_complete(task)
           ^^^^^^^^^^^^^^^^^^^^^^^^^^^^^^^^^^^
/usr/local/lib/python3.11/asyncio/base_events.py:654: in run_until_complete
    return future.result()
           ^^^^^^^^^^^^^^^
backend/tests/test_iteration59_p2batch.py:85: in run
    async with websockets.connect(url, ssl=ssl_ctx, open_timeout=15) as ws:
/root/.venv/lib/python3.11/site-packages/websockets/asyncio/client.py:590: in __aenter__
    return await self
           ^^^^^^^^^^
/root/.venv/lib/python3.11/site-packages/websockets/asyncio/client.py:546: in __await_impl__
    await self.connection.handshake(
/root/.venv/lib/python3.11/site-packages/websockets/asyncio/client.py:115: in handshake
    raise self.protocol.handshake_exc
/root/.venv/lib/python3.11/site-packages/websockets/client.py:327: in parse
    self.process_response(response)
/root/.venv/lib/python3.11/site-packages/websockets/client.py:144: in process_response
    raise InvalidStatus(response)
E   websockets.exceptions.InvalidStatus: server rejected WebSocket connection: HTTP 403</failure></testcase><testcase classname="backend.tests.test_iteration59_p2batch.TestPresenceWebSocket" name="test_presence_bad_token_closes_4401" time="0.174"><failure message="websockets.exceptions.InvalidStatus: server rejected WebSocket connection: HTTP 403">backend/tests/test_iteration59_p2batch.py:127: in test_presence_bad_token_closes_4401
    asyncio.run(run())
/usr/local/lib/python3.11/asyncio/runners.py:190: in run
    return runner.run(main)
           ^^^^^^^^^^^^^^^^
/usr/local/lib/python3.11/asyncio/runners.py:118: in run
    return self._loop.run_until_complete(task)
           ^^^^^^^^^^^^^^^^^^^^^^^^^^^^^^^^^^^
/usr/local/lib/python3.11/asyncio/base_events.py:654: in run_until_complete
    return future.result()
           ^^^^^^^^^^^^^^^
backend/tests/test_iteration59_p2batch.py:113: in run
    async with websockets.connect(url, ssl=ssl_ctx, open_timeout=15) as ws:
/root/.venv/lib/python3.11/site-packages/websockets/asyncio/client.py:590: in __aenter__
    return await self
           ^^^^^^^^^^
/root/.venv/lib/python3.11/site-packages/websockets/asyncio/client.py:546: in __await_impl__
    await self.connection.handshake(
/root/.venv/lib/python3.11/site-packages/websockets/asyncio/client.py:115: in handshake
    raise self.protocol.handshake_exc
/root/.venv/lib/python3.11/site-packages/websockets/client.py:327: in parse
    self.process_response(response)
/root/.venv/lib/python3.11/site-packages/websockets/client.py:144: in process_response
    raise InvalidStatus(response)
E   websockets.exceptions.InvalidStatus: server rejected WebSocket connection: HTTP 403</failure></testcase><testcase classname="backend.tests.test_iteration59_p2batch.TestPresenceWebSocket" name="test_presence_wrong_project_closes_4403" time="0.232"><failure message="websockets.exceptions.InvalidStatus: server rejected WebSocket connection: HTTP 403">backend/tests/test_iteration59_p2batch.py:153: in test_presence_wrong_project_closes_4403
    asyncio.run(run())
/usr/local/lib/python3.11/asyncio/runners.py:190: in run
    return runner.run(main)
           ^^^^^^^^^^^^^^^^
/usr/local/lib/python3.11/asyncio/runners.py:118: in run
    return self._loop.run_until_complete(task)
           ^^^^^^^^^^^^^^^^^^^^^^^^^^^^^^^^^^^
/usr/local/lib/python3.11/asyncio/base_events.py:654: in run_until_complete
    return future.result()
           ^^^^^^^^^^^^^^^
backend/tests/test_iteration59_p2batch.py:143: in run
    async with websockets.connect(url, ssl=ssl_ctx, open_timeout=15) as ws:
/root/.venv/lib/python3.11/site-packages/websockets/asyncio/client.py:590: in __aenter__
    return await self
           ^^^^^^^^^^
/root/.venv/lib/python3.11/site-packages/websockets/asyncio/client.py:546: in __await_impl__
    await self.connection.handshake(
/root/.venv/lib/python3.11/site-packages/websockets/asyncio/client.py:115: in handshake
    raise self.protocol.handshake_exc
/root/.venv/lib/python3.11/site-packages/websockets/client.py:327: in parse
    self.process_response(response)
/root/.venv/lib/python3.11/site-packages/websockets/client.py:144: in process_response
    raise InvalidStatus(response)
E   websockets.exceptions.InvalidStatus: server rejected WebSocket connection: HTTP 403</failure></testcase><testcase classname="backend.tests.test_iteration59_p2batch.TestMailgunModule" name="test_import_and_configured" time="0.338" /></testsuite></testsuites>