<?xml version="1.0" encoding="utf-8"?><testsuites name="pytest tests"><testsuite name="pytest" errors="0" failures="0" skipped="0" tests="12" time="2.038" timestamp="2026-06-22T22:13:45.794919+00:00" hostname="agent-env-6adf17d4-6bc2-4eec-b3a8-7ea289157f31"><testcase classname="backend.tests.test_iteration65_credit_pricing.TestPublicCreditPricing" name="test_no_auth_required_and_shape" time="0.291" /><testcase classname="backend.tests.test_iteration65_credit_pricing.TestPublicCreditPricing" name="test_user_usd_equals_base_times_one_plus_margin" time="0.106" /><testcase classname="backend.tests.test_iteration65_credit_pricing.TestPublicCreditPricing" name="test_note_mentions_margin_and_unit" time="0.114" /><testcase classname="backend.tests.test_iteration65_credit_pricing.TestAdminBillingSettings" name="test_get_as_owner_ok" time="0.059" /><testcase classname="backend.tests.test_iteration65_credit_pricing.TestAdminBillingSettings" name="test_get_as_non_admin_403" time="0.441" /><testcase classname="backend.tests.test_iteration65_credit_pricing.TestAdminBillingSettings" name="test_patch_margin_propagates_to_public" time="0.192" /><testcase classname="backend.tests.test_iteration65_credit_pricing.TestAdminBillingSettings" name="test_patch_clamps_above_2" time="0.103" /><testcase classname="backend.tests.test_iteration65_credit_pricing.TestAdminBillingSettings" name="test_patch_clamps_below_0" time="0.097" /><testcase classname="backend.tests.test_iteration65_credit_pricing.TestAdminBillingSettings" name="test_patch_drops_non_numeric_strings" time="0.095" /><testcase classname="backend.tests.test_iteration65_credit_pricing.TestAdminBillingSettings" name="test_patch_credit_unit_recomputes_credits" time="0.237" /><testcase classname="backend.tests.test_iteration65_credit_pricing.TestRegression" name="test_public_snapshot_404_for_unknown_token" time="0.104" /><testcase classname="backend.tests.test_iteration65_credit_pricing.TestRegression" name="test_demo_login_still_works" time="0.155" /></testsuite></testsuites>