<?xml version="1.0" encoding="utf-8"?><testsuites name="pytest tests"><testsuite name="pytest" errors="0" failures="0" skipped="1" tests="8" time="3.820" timestamp="2026-06-26T00:35:32.861258+00:00" hostname="agent-env-6adf17d4-6bc2-4eec-b3a8-7ea289157f31"><testcase classname="backend.tests.test_iteration69_team_roles.TestRoleCatalog" name="test_get_role_claims_returns_catalog_of_12" time="3.225" /><testcase classname="backend.tests.test_iteration69_team_roles.TestClaimAndRelease" name="test_claim_frontend_role" time="0.095" /><testcase classname="backend.tests.test_iteration69_team_roles.TestClaimAndRelease" name="test_claim_unknown_role_returns_400" time="0.045" /><testcase classname="backend.tests.test_iteration69_team_roles.TestClaimAndRelease" name="test_switching_role_releases_previous" time="0.094" /><testcase classname="backend.tests.test_iteration69_team_roles.TestClaimAndRelease" name="test_release_role" time="0.137" /><testcase classname="backend.tests.test_iteration69_team_roles.TestTalkWithRoleKey" name="test_talk_with_role_key_accepted" time="0.050" /><testcase classname="backend.tests.test_iteration69_team_roles.TestTalkWithRoleKey" name="test_talk_without_role_key_still_works" time="0.045" /><testcase classname="backend.tests.test_iteration69_team_roles.TestHireDevTeamPresent" name="test_hire_dev_team_pricing_endpoint" time="0.090"><skipped type="pytest.skip" message="Hire-dev-team pricing endpoint moved; UI test will cover this">/app/backend/tests/test_iteration69_team_roles.py:183: Hire-dev-team pricing endpoint moved; UI test will cover this</skipped></testcase></testsuite></testsuites>