<?xml version="1.0" encoding="utf-8"?><testsuites name="pytest tests"><testsuite name="pytest" errors="0" failures="0" skipped="0" tests="5" time="4.501" timestamp="2026-06-22T20:56:55.580205+00:00" hostname="agent-env-6adf17d4-6bc2-4eec-b3a8-7ea289157f31"><testcase classname="backend.tests.test_iteration64_netlify_welcome.TestNetlifyStatus" name="test_status_includes_netlify" time="1.021" /><testcase classname="backend.tests.test_iteration64_netlify_welcome.TestNetlifySites" name="test_list_sites" time="0.213" /><testcase classname="backend.tests.test_iteration64_netlify_welcome.TestNetlifyLinkDeploy" name="test_link_then_get" time="0.201" /><testcase classname="backend.tests.test_iteration64_netlify_welcome.TestNetlifyLinkDeploy" name="test_deploy_returns_structured_result" time="0.174" /><testcase classname="backend.tests.test_iteration64_netlify_welcome.TestSignupWelcomeEmail" name="test_signup_latency_and_welcome_log" time="2.872" /></testsuite></testsuites>