<?xml version="1.0" encoding="utf-8"?><testsuites name="pytest tests"><testsuite name="pytest" errors="0" failures="0" skipped="0" tests="7" time="17.878" timestamp="2026-07-22T02:40:25.707127+00:00" hostname="agent-env-015c1b3c-39a0-4720-9273-5bbaa5379a8f"><testcase classname="backend.tests.test_iteration117_chat_ui_backend" name="test_login_ok" time="0.455" /><testcase classname="backend.tests.test_iteration117_chat_ui_backend" name="test_mark_chat_read_clears_unread" time="0.484" /><testcase classname="backend.tests.test_iteration117_chat_ui_backend" name="test_ai_stop_returns_ok" time="0.464" /><testcase classname="backend.tests.test_iteration117_chat_ui_backend" name="test_ai_stop_forbidden_for_non_member" time="0.396" /><testcase classname="backend.tests.test_iteration117_chat_ui_backend" name="test_leave_chat_route_registered_not_405" time="0.394" /><testcase classname="backend.tests.test_iteration117_chat_ui_backend" name="test_leave_group_chat_flow" time="0.407" /><testcase classname="backend.tests.test_iteration117_chat_ui_backend" name="test_ai_thinking_placeholder_discarded_after_stop" time="15.239" /></testsuite></testsuites>