<?xml version="1.0" encoding="utf-8"?><testsuites name="pytest tests"><testsuite name="pytest" errors="0" failures="0" skipped="0" tests="5" time="24.618" timestamp="2026-07-11T01:35:48.597332+00:00" hostname="agent-env-015c1b3c-39a0-4720-9273-5bbaa5379a8f"><testcase classname="backend.tests.test_iteration98_deploy_cooldown_audit" name="test_1_deployed_employee_autorespond" time="6.761" /><testcase classname="backend.tests.test_iteration98_deploy_cooldown_audit" name="test_2_normal_message_no_bogus_ai" time="8.102" /><testcase classname="backend.tests.test_iteration98_deploy_cooldown_audit" name="test_3_scoping_chat_bound_does_not_respond_in_other_chat" time="8.361" /><testcase classname="backend.tests.test_iteration98_deploy_cooldown_audit" name="test_4_rejection_cooldown_and_audit" time="0.844" /><testcase classname="backend.tests.test_iteration98_deploy_cooldown_audit" name="test_5_audit_multiple_decisions" time="0.525" /></testsuite></testsuites>