<?xml version="1.0" encoding="utf-8"?><testsuites name="pytest tests"><testsuite name="pytest" errors="0" failures="0" skipped="0" tests="19" time="10.160" timestamp="2026-05-12T05:26:27.586104+00:00" hostname="agent-env-6adf17d4-6bc2-4eec-b3a8-7ea289157f31"><testcase classname="backend.tests.test_iteration2_features.TestUploads" name="test_upload_text_file" time="0.616" /><testcase classname="backend.tests.test_iteration2_features.TestUploads" name="test_upload_image_file" time="0.236" /><testcase classname="backend.tests.test_iteration2_features.TestUploads" name="test_upload_rejects_bad_ext" time="0.108" /><testcase classname="backend.tests.test_iteration2_features.TestUploads" name="test_upload_rejects_too_large" time="0.822" /><testcase classname="backend.tests.test_iteration2_features.TestUploads" name="test_upload_requires_auth" time="0.105" /><testcase classname="backend.tests.test_iteration2_features.TestFileDownload" name="test_download_with_bearer" time="0.206" /><testcase classname="backend.tests.test_iteration2_features.TestFileDownload" name="test_download_with_query_auth" time="0.220" /><testcase classname="backend.tests.test_iteration2_features.TestFileDownload" name="test_download_no_auth" time="0.102" /><testcase classname="backend.tests.test_iteration2_features.TestFileDownload" name="test_download_cross_workspace_forbidden" time="0.450" /><testcase classname="backend.tests.test_iteration2_features.TestFileDownload" name="test_download_nonexistent" time="0.105" /><testcase classname="backend.tests.test_iteration2_features.TestRealAIModels" name="test_perplexity_grok_real_responses" time="5.223" /><testcase classname="backend.tests.test_iteration2_features.TestRealAIModels" name="test_deepseek_402_handled_gracefully" time="1.076" /><testcase classname="backend.tests.test_iteration2_features.TestShareSnapshot" name="test_create_share_link" time="0.118" /><testcase classname="backend.tests.test_iteration2_features.TestShareSnapshot" name="test_share_idempotent" time="0.101" /><testcase classname="backend.tests.test_iteration2_features.TestShareSnapshot" name="test_share_forbidden_for_outsider" time="0.107" /><testcase classname="backend.tests.test_iteration2_features.TestShareSnapshot" name="test_public_snapshot_no_auth" time="0.106" /><testcase classname="backend.tests.test_iteration2_features.TestShareSnapshot" name="test_revoke_share_link" time="0.205" /><testcase classname="backend.tests.test_iteration2_features.TestShareSnapshot" name="test_invalid_token_404" time="0.103" /><testcase classname="backend.tests.test_iteration2_features.TestBrand" name="test_root_brand" time="0.098" /></testsuite></testsuites>