<?xml version="1.0" encoding="utf-8"?><testsuites name="pytest tests"><testsuite name="pytest" errors="0" failures="0" skipped="1" tests="17" time="9.085" timestamp="2026-07-21T05:57:57.001897+00:00" hostname="agent-env-015c1b3c-39a0-4720-9273-5bbaa5379a8f"><testcase classname="tests.test_iteration110_ai_conv_phase2.TestPreferences" name="test_get_preferences_shape" time="0.515" /><testcase classname="tests.test_iteration110_ai_conv_phase2.TestPreferences" name="test_put_preferences_and_persistence" time="0.201" /><testcase classname="tests.test_iteration110_ai_conv_phase2.TestPreferences" name="test_reset_owner_prefs_to_defaults" time="0.190" /><testcase classname="tests.test_iteration110_ai_conv_phase2.TestWorkspaceSettings" name="test_owner_get_workspace_settings" time="0.109" /><testcase classname="tests.test_iteration110_ai_conv_phase2.TestWorkspaceSettings" name="test_member_get_workspace_settings_can_edit_false" time="0.411" /><testcase classname="tests.test_iteration110_ai_conv_phase2.TestWorkspaceSettings" name="test_member_put_workspace_settings_403" time="0.115" /><testcase classname="tests.test_iteration110_ai_conv_phase2.TestWorkspaceSettings" name="test_owner_put_workspace_and_reset" time="0.206" /><testcase classname="tests.test_iteration110_ai_conv_phase2.TestSecuritySettings" name="test_owner_get_and_put" time="0.296" /><testcase classname="tests.test_iteration110_ai_conv_phase2.TestSecuritySettings" name="test_negative_days_rejected" time="0.093" /><testcase classname="tests.test_iteration110_ai_conv_phase2.TestSecuritySettings" name="test_member_forbidden" time="0.194" /><testcase classname="tests.test_iteration110_ai_conv_phase2.TestProvisioned" name="test_owner_list" time="0.103" /><testcase classname="tests.test_iteration110_ai_conv_phase2.TestProvisioned" name="test_member_forbidden" time="0.110" /><testcase classname="tests.test_iteration110_ai_conv_phase2.TestProvisioned" name="test_rotate_if_any" time="0.096"><skipped type="pytest.skip" message="no provisioned accounts in this workspace to rotate">/app/backend/tests/test_iteration110_ai_conv_phase2.py:237: no provisioned accounts in this workspace to rotate</skipped></testcase><testcase classname="tests.test_iteration110_ai_conv_phase2.TestSaveToRole" name="test_roles_owner" time="0.098" /><testcase classname="tests.test_iteration110_ai_conv_phase2.TestSaveToRole" name="test_roles_member_can_read" time="0.429" /><testcase classname="tests.test_iteration110_ai_conv_phase2.TestSaveToRole" name="test_save_to_role_owner_returns_pending_or_zero" time="5.544" /><testcase classname="tests.test_iteration110_ai_conv_phase2.TestTempPasswordExpiryLogic" name="test_expiry_helper_matches_docs" time="0.320" /></testsuite></testsuites>