<?xml version="1.0" encoding="utf-8"?><testsuites name="pytest tests"><testsuite name="pytest" errors="0" failures="0" skipped="0" tests="32" time="63.397" timestamp="2026-05-12T22:22:33.069361+00:00" hostname="agent-env-6adf17d4-6bc2-4eec-b3a8-7ea289157f31"><testcase classname="backend.tests.test_iteration9_invites.TestInviteLink" name="test_rotate_link_creates_new" time="0.313" /><testcase classname="backend.tests.test_iteration9_invites.TestInviteLink" name="test_get_link_returns_active" time="0.286" /><testcase classname="backend.tests.test_iteration9_invites.TestInviteLink" name="test_rotate_revokes_prior_link" time="0.400" /><testcase classname="backend.tests.test_iteration9_invites.TestInviteLink" name="test_rotate_forbidden_for_viewer" time="0.518" /><testcase classname="backend.tests.test_iteration9_invites.TestInviteLink" name="test_delete_link_revokes" time="0.414" /><testcase classname="backend.tests.test_iteration9_invites.TestInviteLink" name="test_delete_forbidden_for_viewer" time="0.296" /><testcase classname="backend.tests.test_iteration9_invites.TestPublicInvite" name="test_preview_works_no_auth" time="0.297" /><testcase classname="backend.tests.test_iteration9_invites.TestPublicInvite" name="test_preview_invalid_token_404" time="0.151" /><testcase classname="backend.tests.test_iteration9_invites.TestPublicInvite" name="test_redeem_creates_user" time="0.671" /><testcase classname="backend.tests.test_iteration9_invites.TestPublicInvite" name="test_redeem_duplicate_email_400" time="0.273" /><testcase classname="backend.tests.test_iteration9_invites.TestPublicInvite" name="test_redeem_invalid_token_404" time="0.141" /><testcase classname="backend.tests.test_iteration9_invites.TestBulkInvite" name="test_bulk_invite_records_and_returns_mailto" time="0.173" /><testcase classname="backend.tests.test_iteration9_invites.TestBulkInvite" name="test_bulk_invite_dedupes" time="0.286" /><testcase classname="backend.tests.test_iteration9_invites.TestBulkInvite" name="test_bulk_invite_empty_400" time="0.152" /><testcase classname="backend.tests.test_iteration9_invites.TestBulkInvite" name="test_bulk_invite_over_200_400" time="0.150" /><testcase classname="backend.tests.test_iteration9_invites.TestBulkInvite" name="test_bulk_invite_forbidden_for_viewer" time="0.137" /><testcase classname="backend.tests.test_iteration9_invites.TestPendingList" name="test_list_pending_and_cancel" time="0.578" /><testcase classname="backend.tests.test_iteration9_invites.TestPendingList" name="test_list_auto_marks_accepted" time="0.804" /><testcase classname="backend.tests.test_iteration9_invites.TestSuggestions" name="test_generic_domain_skipped" time="0.135" /><testcase classname="backend.tests.test_iteration9_invites.TestSuggestions" name="test_corporate_domain_returns_suggestions" time="0.882" /><testcase classname="backend.tests.test_iteration8_new_features.TestUserPreferences" name="test_get_preferences" time="0.239" /><testcase classname="backend.tests.test_iteration8_new_features.TestUserPreferences" name="test_patch_preferences_valid" time="0.158" /><testcase classname="backend.tests.test_iteration8_new_features.TestUserPreferences" name="test_patch_preferences_unknown_model_rejected" time="0.072" /><testcase classname="backend.tests.test_iteration8_new_features.TestUserPreferences" name="test_patch_preferences_filters_unknown_models_list" time="0.075" /><testcase classname="backend.tests.test_iteration8_new_features.TestAISuggestTasks" name="test_suggest_tasks_multiple" time="2.143" /><testcase classname="backend.tests.test_iteration8_new_features.TestAISuggestTasks" name="test_suggest_tasks_single_simple" time="0.978" /><testcase classname="backend.tests.test_iteration8_new_features.TestSingleModelResearch" name="test_single_model_no_synthesis" time="1.559" /><testcase classname="backend.tests.test_iteration8_new_features.TestMultiModelFavoriteBias" name="test_multi_synthesizes" time="21.777" /><testcase classname="backend.tests.test_iteration8_new_features.TestMultiModelFavoriteBias" name="test_favorite_bias_soft" time="27.730" /><testcase classname="backend.tests.test_iteration8_new_features.TestRegression" name="test_extract_task_still_works" time="1.412" /><testcase classname="backend.tests.test_iteration8_new_features.TestRegression" name="test_ai_models_list" time="0.075" /><testcase classname="backend.tests.test_iteration8_new_features.TestRegression" name="test_auth_me_includes_preferences" time="0.080" /></testsuite></testsuites>