<?xml version="1.0" encoding="utf-8"?><testsuites name="pytest tests"><testsuite name="pytest" errors="0" failures="1" skipped="0" tests="13" time="1.826" timestamp="2026-08-05T04:34:52.588112+00:00" hostname="agent-env-015c1b3c-39a0-4720-9273-5bbaa5379a8f"><testcase classname="backend.tests.test_iteration128_mobile_chats" name="test_health" time="0.443"><failure message="assert 404 == 200&#10; +  where 404 = &lt;Response [404]&gt;.status_code">backend/tests/test_iteration128_mobile_chats.py:28: in test_health
    assert r.status_code == 200
E   assert 404 == 200
E    +  where 404 = &lt;Response [404]&gt;.status_code</failure></testcase><testcase classname="backend.tests.test_iteration128_mobile_chats" name="test_workspaces_me" time="0.047" /><testcase classname="backend.tests.test_iteration128_mobile_chats" name="test_workspace_switch_same" time="0.094" /><testcase classname="backend.tests.test_iteration128_mobile_chats" name="test_folders" time="0.048" /><testcase classname="backend.tests.test_iteration128_mobile_chats" name="test_workspace_members_shape" time="0.046" /><testcase classname="backend.tests.test_iteration128_mobile_chats" name="test_model_presets_seed" time="0.047" /><testcase classname="backend.tests.test_iteration128_mobile_chats" name="test_create_direct_chat" time="0.092" /><testcase classname="backend.tests.test_iteration128_mobile_chats" name="test_create_group_chat" time="0.096" /><testcase classname="backend.tests.test_iteration128_mobile_chats" name="test_dev_chat_create" time="0.051" /><testcase classname="backend.tests.test_iteration128_mobile_chats" name="test_invite_phone_whatsapp" time="0.047" /><testcase classname="backend.tests.test_iteration128_mobile_chats" name="test_invite_phone_sms" time="0.652" /><testcase classname="backend.tests.test_iteration128_mobile_chats" name="test_contacts_match_with_hashes" time="0.050" /><testcase classname="backend.tests.test_iteration128_mobile_chats" name="test_contacts_match_raw_contacts_fallback" time="0.050" /></testsuite></testsuites>