<?xml version="1.0" encoding="utf-8"?><testsuites name="pytest tests"><testsuite name="pytest" errors="0" failures="0" skipped="0" tests="7" time="22.382" timestamp="2026-05-12T06:57:34.144486+00:00" hostname="agent-env-6adf17d4-6bc2-4eec-b3a8-7ea289157f31"><testcase classname="backend.tests.test_inline_task_command.TestInlineTaskCommand" name="test_inline_task_creates_task_with_all_fields" time="4.690" /><testcase classname="backend.tests.test_inline_task_command.TestInlineTaskCommand" name="test_inline_task_partial_name_priya" time="3.646" /><testcase classname="backend.tests.test_inline_task_command.TestInlineTaskCommand" name="test_inline_task_natural_due_tomorrow" time="3.378" /><testcase classname="backend.tests.test_inline_task_command.TestInlineTaskCommand" name="test_inline_task_natural_due_friday" time="3.312" /><testcase classname="backend.tests.test_inline_task_command.TestInlineTaskCommand" name="test_inline_task_natural_due_today" time="3.320" /><testcase classname="backend.tests.test_inline_task_command.TestInlineTaskCommand" name="test_message_without_task_does_not_create" time="2.461" /><testcase classname="backend.tests.test_inline_task_command.TestInlineTaskCommand" name="test_extract_task_endpoint_still_works" time="1.558" /></testsuite></testsuites>