<?xml version="1.0" encoding="utf-8"?><testsuites name="pytest tests"><testsuite name="pytest" errors="0" failures="0" skipped="0" tests="7" time="6.522" timestamp="2026-07-07T08:45:48.526612+00:00" hostname="agent-env-015c1b3c-39a0-4720-9273-5bbaa5379a8f"><testcase classname="backend.tests.test_iteration89_attach_ai_research.TestUploadTypes" name="test_upload_docx" time="0.528" /><testcase classname="backend.tests.test_iteration89_attach_ai_research.TestUploadTypes" name="test_upload_xlsx" time="0.291" /><testcase classname="backend.tests.test_iteration89_attach_ai_research.TestUploadTypes" name="test_upload_pptx" time="0.482" /><testcase classname="backend.tests.test_iteration89_attach_ai_research.TestUploadTypes" name="test_upload_md" time="0.255" /><testcase classname="backend.tests.test_iteration89_attach_ai_research.TestUploadTypes" name="test_upload_rejects_exe" time="0.044" /><testcase classname="backend.tests.test_iteration89_attach_ai_research.TestUploadTypes" name="test_upload_rejects_too_large" time="0.835" /><testcase classname="backend.tests.test_iteration89_attach_ai_research.TestPersonalAIAttachmentAutoTrigger" name="test_csv_auto_triggers_ai_no_at_ai" time="3.823" /></testsuite></testsuites>