<?xml version="1.0" encoding="utf-8"?><testsuites name="pytest tests"><testsuite name="pytest" errors="0" failures="0" skipped="0" tests="3" time="0.749" timestamp="2026-07-03T22:33:27.383915+00:00" hostname="agent-env-6adf17d4-6bc2-4eec-b3a8-7ea289157f31"><testcase classname="backend.tests.test_iteration74_publish_build_activity.TestPublicServe" name="test_public_serve_index_html_no_auth" time="0.433" /><testcase classname="backend.tests.test_iteration74_publish_build_activity.TestPublicServe" name="test_public_serve_root_slug_no_auth" time="0.194" /><testcase classname="backend.tests.test_iteration74_publish_build_activity.TestPublicServe" name="test_public_serve_missing_slug_returns_404_html" time="0.104" /></testsuite></testsuites>