<?xml version="1.0" encoding="utf-8"?><testsuites name="pytest tests"><testsuite name="pytest" errors="0" failures="0" skipped="0" tests="10" time="2.257" timestamp="2026-05-12T07:27:41.676750+00:00" hostname="agent-env-6adf17d4-6bc2-4eec-b3a8-7ea289157f31"><testcase classname="tests.test_integrations.TestIntegrations" name="test_empty_list_on_new_chat" time="0.532" /><testcase classname="tests.test_integrations.TestIntegrations" name="test_create_incoming_webhook" time="0.117" /><testcase classname="tests.test_integrations.TestIntegrations" name="test_api_fetch_type_requires_url" time="0.144" /><testcase classname="tests.test_integrations.TestIntegrations" name="test_api_fetch_type_create_ok" time="0.136" /><testcase classname="tests.test_integrations.TestIntegrations" name="test_list_now_has_two" time="0.135" /><testcase classname="tests.test_integrations.TestIntegrations" name="test_public_webhook_post_creates_message" time="0.330" /><testcase classname="tests.test_integrations.TestIntegrations" name="test_public_webhook_invalid_token_404" time="0.111" /><testcase classname="tests.test_integrations.TestIntegrations" name="test_api_fetch_endpoint_success" time="0.354" /><testcase classname="tests.test_integrations.TestIntegrations" name="test_api_fetch_endpoint_502_on_bad_url" time="0.153" /><testcase classname="tests.test_integrations.TestIntegrations" name="test_delete_integration_and_webhook_404" time="0.206" /></testsuite></testsuites>