<?xml version="1.0" encoding="utf-8"?><testsuites name="pytest tests"><testsuite name="pytest" errors="0" failures="0" skipped="0" tests="15" time="1.899" timestamp="2026-05-28T00:25:21.023457+00:00" hostname="agent-env-6adf17d4-6bc2-4eec-b3a8-7ea289157f31"><testcase classname="backend.tests.test_iteration31_batch_abdg.TestWhatsAppImport" name="test_preview_parses_messages" time="0.259" /><testcase classname="backend.tests.test_iteration31_batch_abdg.TestWhatsAppImport" name="test_preview_rejects_invalid" time="0.123" /><testcase classname="backend.tests.test_iteration31_batch_abdg.TestWhatsAppImport" name="test_commit_inserts_messages" time="0.176" /><testcase classname="backend.tests.test_iteration31_batch_abdg.TestAuditLogs" name="test_admin_lists_audit_logs" time="0.047" /><testcase classname="backend.tests.test_iteration31_batch_abdg.TestAuditLogs" name="test_non_admin_forbidden" time="0.460" /><testcase classname="backend.tests.test_iteration31_batch_abdg.TestAuditLogs" name="test_filter_by_action" time="0.050" /><testcase classname="backend.tests.test_iteration31_batch_abdg.TestAuditLogs" name="test_whatsapp_import_recorded_in_audit" time="0.052" /><testcase classname="backend.tests.test_iteration31_batch_abdg.TestDecisions" name="test_list_decisions" time="0.059" /><testcase classname="backend.tests.test_iteration31_batch_abdg.TestDecisions" name="test_filter_by_status_approved" time="0.060" /><testcase classname="backend.tests.test_iteration31_batch_abdg.TestDecisions" name="test_create_decision" time="0.051" /><testcase classname="backend.tests.test_iteration31_batch_abdg.TestDecisions" name="test_get_decision_with_linked_tasks" time="0.051" /><testcase classname="backend.tests.test_iteration31_batch_abdg.TestDecisions" name="test_update_status_to_approved" time="0.052" /><testcase classname="backend.tests.test_iteration31_batch_abdg.TestDecisions" name="test_supersede_sets_outdated" time="0.094" /><testcase classname="backend.tests.test_iteration31_batch_abdg.TestMemoryTimeline" name="test_timeline_requires_project_folder" time="0.109" /><testcase classname="backend.tests.test_iteration31_batch_abdg.TestRoleChangeAudit" name="test_role_change_emits_audit" time="0.232" /></testsuite></testsuites>