<?xml version="1.0" encoding="utf-8"?><testsuites name="pytest tests"><testsuite name="pytest" errors="0" failures="0" skipped="1" tests="12" time="2.389" timestamp="2026-08-05T03:45:09.618123+00:00" hostname="agent-env-015c1b3c-39a0-4720-9273-5bbaa5379a8f"><testcase classname="tests.test_iteration127_team_tools.TestModelPresets" name="test_list_seeds_defaults" time="0.447" /><testcase classname="tests.test_iteration127_team_tools.TestModelPresets" name="test_create_preset_ok" time="0.098" /><testcase classname="tests.test_iteration127_team_tools.TestModelPresets" name="test_create_rejects_duplicate_name_case_insensitive" time="0.153" /><testcase classname="tests.test_iteration127_team_tools.TestModelPresets" name="test_create_validates_name_length" time="0.091" /><testcase classname="tests.test_iteration127_team_tools.TestModelPresets" name="test_create_validates_model_count_and_keys" time="0.135" /><testcase classname="tests.test_iteration127_team_tools.TestModelPresets" name="test_delete_by_creator_and_admin" time="0.105" /><testcase classname="tests.test_iteration127_team_tools.TestModelPresets" name="test_delete_missing_returns_404" time="0.047" /><testcase classname="tests.test_iteration127_team_tools.TestMembers" name="test_members_includes_status_and_accepted_fields" time="0.048" /><testcase classname="tests.test_iteration127_team_tools.TestInviteAnalytics" name="test_analytics_shape" time="0.679" /><testcase classname="tests.test_iteration127_team_tools.TestInviteAnalytics" name="test_analytics_cached_flag_on_second_call" time="0.092" /><testcase classname="tests.test_iteration127_team_tools.TestAiModels" name="test_ai_models_endpoint" time="0.045" /><testcase classname="tests.test_iteration127_team_tools.TestPresetRoleGating" name="test_member_can_list_and_create" time="0.422"><skipped type="pytest.skip" message="member login unavailable">/app/backend/tests/test_iteration127_team_tools.py:178: member login unavailable</skipped></testcase></testsuite></testsuites>