<?xml version="1.0" encoding="utf-8"?><testsuites name="pytest tests"><testsuite name="pytest" errors="0" failures="0" skipped="0" tests="11" time="2.202" timestamp="2026-07-04T01:26:45.912639+00:00" hostname="agent-env-6adf17d4-6bc2-4eec-b3a8-7ea289157f31"><testcase classname="tests.test_iteration75_gates_approvals.TestGates" name="test_run_gates_returns_qa_6_of_6_and_security_ok" time="0.455" /><testcase classname="tests.test_iteration75_gates_approvals.TestPublishFlow" name="test_owner_publish_bumps_version" time="0.113" /><testcase classname="tests.test_iteration75_gates_approvals.TestPublishFlow" name="test_member_publish_creates_approval_request" time="0.370" /><testcase classname="tests.test_iteration75_gates_approvals.TestPublishFlow" name="test_member_cannot_decide_own_approval_returns_403" time="0.046" /><testcase classname="tests.test_iteration75_gates_approvals.TestPublishFlow" name="test_owner_approves_bumps_version_and_posts_chat_message" time="0.192" /><testcase classname="tests.test_iteration75_gates_approvals.TestPublishFlow" name="test_reject_path_status_rejected_version_unchanged" time="0.263" /><testcase classname="tests.test_iteration75_gates_approvals.TestGitHubExportGating" name="test_member_github_export_creates_approval" time="0.048" /><testcase classname="tests.test_iteration75_gates_approvals.TestGuestShare" name="test_mint_share_token_and_public_comments" time="0.297" /><testcase classname="tests.test_iteration75_gates_approvals.TestGuestShare" name="test_invalid_share_token_404" time="0.106" /><testcase classname="tests.test_iteration75_gates_approvals.TestDiffViewer" name="test_diff_first_snapshot_of_index_html" time="0.159" /><testcase classname="tests.test_iteration75_gates_approvals.TestDiffViewer" name="test_diff_bad_snapshot_id_returns_404" time="0.107" /></testsuite></testsuites>