<?xml version="1.0" encoding="utf-8"?><testsuites name="pytest tests"><testsuite name="pytest" errors="0" failures="0" skipped="0" tests="9" time="34.829" timestamp="2026-07-12T07:05:34.086624+00:00" hostname="agent-env-015c1b3c-39a0-4720-9273-5bbaa5379a8f"><testcase classname="tests.test_enterprise_phase_b" name="test_successor_candidates" time="0.596" /><testcase classname="tests.test_enterprise_phase_b" name="test_assign_successor_generates_handoff" time="7.193" /><testcase classname="tests.test_enterprise_phase_b" name="test_get_handoff_returns_progress_and_status" time="0.052" /><testcase classname="tests.test_enterprise_phase_b" name="test_toggle_checklist_and_auto_complete" time="0.854" /><testcase classname="tests.test_enterprise_phase_b" name="test_toggle_unknown_item_404" time="0.051" /><testcase classname="tests.test_enterprise_phase_b" name="test_ask_role_grounded_with_citations_and_anonymized" time="8.624" /><testcase classname="tests.test_enterprise_phase_b" name="test_ask_role_multi_turn_history" time="17.336" /><testcase classname="tests.test_enterprise_phase_b" name="test_ask_role_empty_question_400" time="0.051" /><testcase classname="tests.test_enterprise_phase_b" name="test_ask_role_unknown_role_404" time="0.051" /></testsuite></testsuites>