<?xml version="1.0" encoding="utf-8"?><testsuites name="pytest tests"><testsuite name="pytest" errors="0" failures="1" skipped="0" tests="17" time="4.975" timestamp="2026-08-12T20:14:05.136955+00:00" hostname="agent-env-015c1b3c-39a0-4720-9273-5bbaa5379a8f"><testcase classname="tests.test_iteration136_iap_variable_consumables.TestConfig" name="test_config_has_storage_and_marketplace_and_credits" time="0.703" /><testcase classname="tests.test_iteration136_iap_variable_consumables.TestStoragePackOrder" name="test_create_storage_order[pack-10-storage_10]" time="0.150" /><testcase classname="tests.test_iteration136_iap_variable_consumables.TestStoragePackOrder" name="test_create_storage_order[pack-50-storage_50]" time="0.166" /><testcase classname="tests.test_iteration136_iap_variable_consumables.TestStoragePackOrder" name="test_create_storage_order[pack-100-storage_100]" time="0.144" /><testcase classname="tests.test_iteration136_iap_variable_consumables.TestStoragePackOrder" name="test_get_order_not_owner_returns_404" time="0.650" /><testcase classname="tests.test_iteration136_iap_variable_consumables.TestStoragePackOrder" name="test_get_unknown_order_404" time="0.070" /><testcase classname="tests.test_iteration136_iap_variable_consumables.TestStoragePackOrder" name="test_invalid_kind_400" time="0.072" /><testcase classname="tests.test_iteration136_iap_variable_consumables.TestStoragePackOrder" name="test_missing_ref_id_400" time="0.079" /><testcase classname="tests.test_iteration136_iap_variable_consumables.TestStoragePackOrder" name="test_unknown_storage_pack_404" time="0.076" /><testcase classname="tests.test_iteration136_iap_variable_consumables.TestStorageWebhookFulfillment" name="test_webhook_fulfills_pending_storage_order_idempotent" time="0.379"><failure message="AssertionError: assert 'pending' == 'fulfilled'&#10;  &#10;  - fulfilled&#10;  + pending">tests/test_iteration136_iap_variable_consumables.py:159: in test_webhook_fulfills_pending_storage_order_idempotent
    assert g.json()["status"] == "fulfilled"
E   AssertionError: assert 'pending' == 'fulfilled'
E     
E     - fulfilled
E     + pending</failure></testcase><testcase classname="tests.test_iteration136_iap_variable_consumables.TestMarketplaceOrderAndWebhook" name="test_order_maps_to_nearest_tier" time="0.396" /><testcase classname="tests.test_iteration136_iap_variable_consumables.TestMarketplaceOrderAndWebhook" name="test_free_listing_rejected" time="0.074" /><testcase classname="tests.test_iteration136_iap_variable_consumables.TestMarketplaceOrderAndWebhook" name="test_unknown_listing_404" time="0.075" /><testcase classname="tests.test_iteration136_iap_variable_consumables.TestMarketplaceOrderAndWebhook" name="test_webhook_fulfills_marketplace_install" time="1.361" /><testcase classname="tests.test_iteration136_iap_variable_consumables.TestMarketplaceOrderAndWebhook" name="test_already_installed_rejected" time="0.071" /><testcase classname="tests.test_iteration136_iap_variable_consumables.TestExistingWebPaths" name="test_web_storage_pack_purchase" time="0.233" /><testcase classname="tests.test_iteration136_iap_variable_consumables.TestExistingWebPaths" name="test_web_free_install_still_works" time="0.227" /></testsuite></testsuites>