<?xml version="1.0" encoding="utf-8"?><testsuites name="pytest tests"><testsuite name="pytest" errors="0" failures="0" skipped="0" tests="12" time="53.835" timestamp="2026-05-12T07:54:44.439464+00:00" hostname="agent-env-6adf17d4-6bc2-4eec-b3a8-7ea289157f31"><testcase classname="backend.tests.test_iteration8_new_features.TestUserPreferences" name="test_get_preferences" time="0.223" /><testcase classname="backend.tests.test_iteration8_new_features.TestUserPreferences" name="test_patch_preferences_valid" time="0.107" /><testcase classname="backend.tests.test_iteration8_new_features.TestUserPreferences" name="test_patch_preferences_unknown_model_rejected" time="0.045" /><testcase classname="backend.tests.test_iteration8_new_features.TestUserPreferences" name="test_patch_preferences_filters_unknown_models_list" time="0.050" /><testcase classname="backend.tests.test_iteration8_new_features.TestAISuggestTasks" name="test_suggest_tasks_multiple" time="1.918" /><testcase classname="backend.tests.test_iteration8_new_features.TestAISuggestTasks" name="test_suggest_tasks_single_simple" time="1.758" /><testcase classname="backend.tests.test_iteration8_new_features.TestSingleModelResearch" name="test_single_model_no_synthesis" time="2.465" /><testcase classname="backend.tests.test_iteration8_new_features.TestMultiModelFavoriteBias" name="test_multi_synthesizes" time="19.867" /><testcase classname="backend.tests.test_iteration8_new_features.TestMultiModelFavoriteBias" name="test_favorite_bias_soft" time="26.489" /><testcase classname="backend.tests.test_iteration8_new_features.TestRegression" name="test_extract_task_still_works" time="0.776" /><testcase classname="backend.tests.test_iteration8_new_features.TestRegression" name="test_ai_models_list" time="0.047" /><testcase classname="backend.tests.test_iteration8_new_features.TestRegression" name="test_auth_me_includes_preferences" time="0.045" /></testsuite></testsuites>