<?xml version="1.0" encoding="utf-8"?><testsuites name="pytest tests"><testsuite name="pytest" errors="0" failures="0" skipped="0" tests="27" time="3.879" timestamp="2026-07-05T22:55:33.061309+00:00" hostname="agent-env-6adf17d4-6bc2-4eec-b3a8-7ea289157f31"><testcase classname="tests.test_iteration80_template_market.TestPublicStore" name="test_list_templates_no_auth" time="0.231" /><testcase classname="tests.test_iteration80_template_market.TestPublicStore" name="test_paid_template_has_monthly_pricing" time="0.110" /><testcase classname="tests.test_iteration80_template_market.TestPublicStore" name="test_free_template_pricing" time="0.109" /><testcase classname="tests.test_iteration80_template_market.TestPublicStore" name="test_unknown_template_404" time="0.106" /><testcase classname="tests.test_iteration80_template_market.TestPublicStore" name="test_screenshot_free_200" time="0.123" /><testcase classname="tests.test_iteration80_template_market.TestPublicStore" name="test_demo_html_has_csp" time="0.219" /><testcase classname="tests.test_iteration80_template_market.TestPublicStore" name="test_demo_root_path_defaults_index" time="0.116" /><testcase classname="tests.test_iteration80_template_market.TestAuthGuards" name="test_mine_requires_auth" time="0.142" /><testcase classname="tests.test_iteration80_template_market.TestAuthGuards" name="test_admin_queue_unauth_401" time="0.100" /><testcase classname="tests.test_iteration80_template_market.TestAuthGuards" name="test_admin_queue_non_admin_403" time="0.272" /><testcase classname="tests.test_iteration80_template_market.TestAuthGuards" name="test_admin_queue_admin_200" time="0.272" /><testcase classname="tests.test_iteration80_template_market.TestAuthGuards" name="test_install_requires_auth" time="0.135" /><testcase classname="tests.test_iteration80_template_market.TestInstall" name="test_paid_template_402_for_non_buyer" time="0.272" /><testcase classname="tests.test_iteration80_template_market.TestInstall" name="test_free_install_ok" time="0.050" /><testcase classname="tests.test_iteration80_template_market.TestInstall" name="test_install_unknown_template_404" time="0.044" /><testcase classname="tests.test_iteration80_template_market.TestCheckout" name="test_checkout_free_400" time="0.045" /><testcase classname="tests.test_iteration80_template_market.TestCheckout" name="test_checkout_paid_returns_stripe_url" time="0.516" /><testcase classname="tests.test_iteration80_template_market.TestCheckout" name="test_checkout_unknown_template_404" time="0.044" /><testcase classname="tests.test_iteration80_template_market.TestCheckout" name="test_checkout_requires_auth" time="0.138" /><testcase classname="tests.test_iteration80_template_market.TestSellerAndAdmin" name="test_submit_from_wrong_workspace_404" time="0.006" /><testcase classname="tests.test_iteration80_template_market.TestSellerAndAdmin" name="test_submit_no_files_400" time="0.091" /><testcase classname="tests.test_iteration80_template_market.TestSellerAndAdmin" name="test_seller_submit_approve_and_reject_flow" time="0.314" /><testcase classname="tests.test_iteration80_template_market.TestSellerAndAdmin" name="test_reject_non_submitted_404" time="0.045" /><testcase classname="tests.test_iteration80_template_market.TestPayoutAccount" name="test_valid_account_id" time="0.051" /><testcase classname="tests.test_iteration80_template_market.TestPayoutAccount" name="test_invalid_account_id_422" time="0.044" /><testcase classname="tests.test_iteration80_template_market.TestStripeWebhook" name="test_webhook_bad_signature_400" time="0.105" /><testcase classname="tests.test_iteration80_template_market.TestEarningsLedger" name="test_mkt_earnings_split_math_via_mongo" time="0.004" /></testsuite></testsuites>