<?xml version="1.0" encoding="utf-8"?><testsuites name="pytest tests"><testsuite name="pytest" errors="0" failures="0" skipped="0" tests="13" time="16.635" timestamp="2026-07-10T22:13:59.368914+00:00" hostname="agent-env-015c1b3c-39a0-4720-9273-5bbaa5379a8f"><testcase classname="backend.tests.test_iteration96_mobile_parity.TestBearerAuthWorks" name="test_dashboard_with_bearer" time="0.300" /><testcase classname="backend.tests.test_iteration96_mobile_parity.TestBearerAuthWorks" name="test_templates" time="0.055" /><testcase classname="backend.tests.test_iteration96_mobile_parity.TestBearerAuthWorks" name="test_employees_list" time="0.108" /><testcase classname="backend.tests.test_iteration96_mobile_parity.TestSandboxMultiTurnMemory" name="test_first_turn_returns_session_id" time="4.243" /><testcase classname="backend.tests.test_iteration96_mobile_parity.TestSandboxMultiTurnMemory" name="test_second_turn_recalls_name" time="6.049" /><testcase classname="backend.tests.test_iteration96_mobile_parity.TestSandboxMultiTurnMemory" name="test_list_runs_filtered_by_session" time="0.053" /><testcase classname="backend.tests.test_iteration96_mobile_parity.TestSandboxMultiTurnMemory" name="test_new_session_when_omitted" time="5.056" /><testcase classname="backend.tests.test_iteration96_mobile_parity.TestStylePermsDeploy" name="test_style_connectors_list" time="0.049" /><testcase classname="backend.tests.test_iteration96_mobile_parity.TestStylePermsDeploy" name="test_permission_options" time="0.050" /><testcase classname="backend.tests.test_iteration96_mobile_parity.TestStylePermsDeploy" name="test_marketplace_categories" time="0.064" /><testcase classname="backend.tests.test_iteration96_mobile_parity.TestStylePermsDeploy" name="test_permissions_put_and_get" time="0.100" /><testcase classname="backend.tests.test_iteration96_mobile_parity.TestStylePermsDeploy" name="test_deploy_and_undeploy" time="0.153" /><testcase classname="backend.tests.test_iteration96_mobile_parity.TestStylePermsDeploy" name="test_marketplace_publish_and_browse" time="0.305" /></testsuite></testsuites>