<?xml version="1.0" encoding="utf-8"?><testsuites name="pytest tests"><testsuite name="pytest" errors="0" failures="0" skipped="0" tests="7" time="31.276" timestamp="2026-05-12T07:13:12.644078+00:00" hostname="agent-env-6adf17d4-6bc2-4eec-b3a8-7ea289157f31"><testcase classname="backend.tests.test_auto_finalize_research.TestAutoFinalize" name="test_thread_marked_complete_and_auto_synthesized" time="17.014" /><testcase classname="backend.tests.test_auto_finalize_research.TestAutoFinalize" name="test_exactly_one_response_marked_best" time="0.000" /><testcase classname="backend.tests.test_auto_finalize_research.TestAutoFinalize" name="test_chat_has_synthesized_ai_answer_message" time="0.128" /><testcase classname="backend.tests.test_auto_finalize_research.TestAutoFinalize" name="test_get_research_returns_final_answer" time="0.115" /><testcase classname="backend.tests.test_auto_finalize_research.TestSelectBestResynthesize" name="test_select_different_best_triggers_resynth" time="8.301" /><testcase classname="backend.tests.test_auto_finalize_research.TestSelectBestResynthesize" name="test_select_best_resynthesize_false_skips_msg" time="1.073" /><testcase classname="backend.tests.test_auto_finalize_research.TestInlineAICommandAutoFinalize" name="test_inline_ai_command_posts_synthesized_answer" time="4.606" /></testsuite></testsuites>