<?xml version="1.0" encoding="utf-8"?><testsuites name="pytest tests"><testsuite name="pytest" errors="0" failures="1" skipped="0" tests="95" time="171.550" timestamp="2026-05-12T07:55:49.647697+00:00" hostname="agent-env-6adf17d4-6bc2-4eec-b3a8-7ea289157f31"><testcase classname="backend.tests.test_auto_finalize_research.TestAutoFinalize" name="test_thread_marked_complete_and_auto_synthesized" time="18.050" /><testcase classname="backend.tests.test_auto_finalize_research.TestAutoFinalize" name="test_exactly_one_response_marked_best" time="0.000" /><testcase classname="backend.tests.test_auto_finalize_research.TestAutoFinalize" name="test_chat_has_synthesized_ai_answer_message" time="0.155" /><testcase classname="backend.tests.test_auto_finalize_research.TestAutoFinalize" name="test_get_research_returns_final_answer" time="0.136" /><testcase classname="backend.tests.test_auto_finalize_research.TestSelectBestResynthesize" name="test_select_different_best_triggers_resynth" time="9.653" /><testcase classname="backend.tests.test_auto_finalize_research.TestSelectBestResynthesize" name="test_select_best_resynthesize_false_skips_msg" time="1.058" /><testcase classname="backend.tests.test_auto_finalize_research.TestInlineAICommandAutoFinalize" name="test_inline_ai_command_posts_synthesized_answer" time="5.021" /><testcase classname="backend.tests.test_emergent_ai_teams.TestHealth" name="test_root" time="0.253" /><testcase classname="backend.tests.test_emergent_ai_teams.TestAuth" name="test_demo_login" time="0.044" /><testcase classname="backend.tests.test_emergent_ai_teams.TestAuth" name="test_login_seeded_user" time="0.274" /><testcase classname="backend.tests.test_emergent_ai_teams.TestAuth" name="test_login_invalid" time="0.268" /><testcase classname="backend.tests.test_emergent_ai_teams.TestAuth" name="test_signup_new_user" time="0.287" /><testcase classname="backend.tests.test_emergent_ai_teams.TestAuth" name="test_me" time="0.058" /><testcase classname="backend.tests.test_emergent_ai_teams.TestAuth" name="test_me_no_token" time="0.137" /><testcase classname="backend.tests.test_emergent_ai_teams.TestWorkspace" name="test_get_workspace" time="0.067" /><testcase classname="backend.tests.test_emergent_ai_teams.TestWorkspace" name="test_members" time="0.054" /><testcase classname="backend.tests.test_emergent_ai_teams.TestWorkspace" name="test_invite" time="0.269" /><testcase classname="backend.tests.test_emergent_ai_teams.TestChats" name="test_list_chats" time="0.059" /><testcase classname="backend.tests.test_emergent_ai_teams.TestChats" name="test_create_chat" time="0.048" /><testcase classname="backend.tests.test_emergent_ai_teams.TestMessages" name="test_send_message" time="0.049" /><testcase classname="backend.tests.test_emergent_ai_teams.TestMessages" name="test_list_messages" time="0.046" /><testcase classname="backend.tests.test_emergent_ai_teams.TestMessages" name="test_edit_message" time="0.050" /><testcase classname="backend.tests.test_emergent_ai_teams.TestMessages" name="test_react" time="0.049" /><testcase classname="backend.tests.test_emergent_ai_teams.TestMessages" name="test_pin" time="0.050" /><testcase classname="backend.tests.test_emergent_ai_teams.TestMessages" name="test_delete_message" time="0.090" /><testcase classname="backend.tests.test_emergent_ai_teams.TestAI" name="test_ai_research_real_and_simulated" time="19.264" /><testcase classname="backend.tests.test_emergent_ai_teams.TestAI" name="test_get_research" time="0.123" /><testcase classname="backend.tests.test_emergent_ai_teams.TestAI" name="test_vote_categories" time="0.235" /><testcase classname="backend.tests.test_emergent_ai_teams.TestAI" name="test_select_best" time="6.767" /><testcase classname="backend.tests.test_emergent_ai_teams.TestAI" name="test_synthesize" time="4.996" /><testcase classname="backend.tests.test_emergent_ai_teams.TestAI" name="test_improve_message" time="0.706" /><testcase classname="backend.tests.test_emergent_ai_teams.TestFolders" name="test_create_folder" time="0.048" /><testcase classname="backend.tests.test_emergent_ai_teams.TestFolders" name="test_list_folders" time="0.050" /><testcase classname="backend.tests.test_emergent_ai_teams.TestFolders" name="test_save_research" time="0.045" /><testcase classname="backend.tests.test_emergent_ai_teams.TestFolders" name="test_get_folder_details" time="0.046" /><testcase classname="backend.tests.test_emergent_ai_teams.TestTasks" name="test_create_task_with_reminder" time="0.646" /><testcase classname="backend.tests.test_emergent_ai_teams.TestTasks" name="test_list_tasks_all" time="0.062" /><testcase classname="backend.tests.test_emergent_ai_teams.TestTasks" name="test_list_tasks_mine" time="0.047" /><testcase classname="backend.tests.test_emergent_ai_teams.TestTasks" name="test_update_task" time="0.047" /><testcase classname="backend.tests.test_emergent_ai_teams.TestTasks" name="test_delete_task" time="0.095" /><testcase classname="backend.tests.test_emergent_ai_teams.TestDashboard" name="test_dashboard" time="0.055" /><testcase classname="backend.tests.test_emergent_ai_teams.TestWebSocket" name="test_ws_broadcast" time="0.860" /><testcase classname="backend.tests.test_extract_task" name="test_extract_task_real_message" time="1.223" /><testcase classname="backend.tests.test_extract_task" name="test_extract_task_garbage_returns_fallback" time="1.314" /><testcase classname="backend.tests.test_extract_task" name="test_extract_task_invalid_assignee_sanitized" time="1.033" /><testcase classname="backend.tests.test_extract_task" name="test_extract_task_requires_auth" time="0.172" /><testcase classname="backend.tests.test_extract_task" name="test_task_assigned_creates_reminder_and_shows_in_mine" time="0.997" /><testcase classname="backend.tests.test_inline_task_command.TestInlineTaskCommand" name="test_inline_task_creates_task_with_all_fields" time="4.419" /><testcase classname="backend.tests.test_inline_task_command.TestInlineTaskCommand" name="test_inline_task_partial_name_priya" time="3.674" /><testcase classname="backend.tests.test_inline_task_command.TestInlineTaskCommand" name="test_inline_task_natural_due_tomorrow" time="3.341" /><testcase classname="backend.tests.test_inline_task_command.TestInlineTaskCommand" name="test_inline_task_natural_due_friday" time="3.329" /><testcase classname="backend.tests.test_inline_task_command.TestInlineTaskCommand" name="test_inline_task_natural_due_today" time="3.352" /><testcase classname="backend.tests.test_inline_task_command.TestInlineTaskCommand" name="test_message_without_task_does_not_create" time="2.479" /><testcase classname="backend.tests.test_inline_task_command.TestInlineTaskCommand" name="test_extract_task_endpoint_still_works" time="1.162" /><testcase classname="backend.tests.test_integrations.TestIntegrations" name="test_empty_list_on_new_chat" time="0.422" /><testcase classname="backend.tests.test_integrations.TestIntegrations" name="test_create_incoming_webhook" time="0.110" /><testcase classname="backend.tests.test_integrations.TestIntegrations" name="test_api_fetch_type_requires_url" time="0.117" /><testcase classname="backend.tests.test_integrations.TestIntegrations" name="test_api_fetch_type_create_ok" time="0.105" /><testcase classname="backend.tests.test_integrations.TestIntegrations" name="test_list_now_has_two" time="0.117" /><testcase classname="backend.tests.test_integrations.TestIntegrations" name="test_public_webhook_post_creates_message" time="0.341" /><testcase classname="backend.tests.test_integrations.TestIntegrations" name="test_public_webhook_invalid_token_404" time="0.101" /><testcase classname="backend.tests.test_integrations.TestIntegrations" name="test_api_fetch_endpoint_success" time="0.209"><failure message="assert 429 == 200">backend/tests/test_integrations.py:173: in test_api_fetch_endpoint_success
    assert msg["metadata"]["status_code"] == 200
E   assert 429 == 200</failure></testcase><testcase classname="backend.tests.test_integrations.TestIntegrations" name="test_api_fetch_endpoint_502_on_bad_url" time="0.125" /><testcase classname="backend.tests.test_integrations.TestIntegrations" name="test_delete_integration_and_webhook_404" time="0.246" /><testcase classname="backend.tests.test_iteration2_features.TestUploads" name="test_upload_text_file" time="0.338" /><testcase classname="backend.tests.test_iteration2_features.TestUploads" name="test_upload_image_file" time="0.221" /><testcase classname="backend.tests.test_iteration2_features.TestUploads" name="test_upload_rejects_bad_ext" time="0.111" /><testcase classname="backend.tests.test_iteration2_features.TestUploads" name="test_upload_rejects_too_large" time="0.787" /><testcase classname="backend.tests.test_iteration2_features.TestUploads" name="test_upload_requires_auth" time="0.119" /><testcase classname="backend.tests.test_iteration2_features.TestFileDownload" name="test_download_with_bearer" time="0.252" /><testcase classname="backend.tests.test_iteration2_features.TestFileDownload" name="test_download_with_query_auth" time="0.219" /><testcase classname="backend.tests.test_iteration2_features.TestFileDownload" name="test_download_no_auth" time="0.098" /><testcase classname="backend.tests.test_iteration2_features.TestFileDownload" name="test_download_cross_workspace_forbidden" time="0.448" /><testcase classname="backend.tests.test_iteration2_features.TestFileDownload" name="test_download_nonexistent" time="0.102" /><testcase classname="backend.tests.test_iteration2_features.TestRealAIModels" name="test_perplexity_grok_real_responses" time="9.181" /><testcase classname="backend.tests.test_iteration2_features.TestRealAIModels" name="test_deepseek_402_handled_gracefully" time="0.962" /><testcase classname="backend.tests.test_iteration2_features.TestShareSnapshot" name="test_create_share_link" time="0.108" /><testcase classname="backend.tests.test_iteration2_features.TestShareSnapshot" name="test_share_idempotent" time="0.104" /><testcase classname="backend.tests.test_iteration2_features.TestShareSnapshot" name="test_share_forbidden_for_outsider" time="0.105" /><testcase classname="backend.tests.test_iteration2_features.TestShareSnapshot" name="test_public_snapshot_no_auth" time="0.104" /><testcase classname="backend.tests.test_iteration2_features.TestShareSnapshot" name="test_revoke_share_link" time="0.217" /><testcase classname="backend.tests.test_iteration2_features.TestShareSnapshot" name="test_invalid_token_404" time="0.101" /><testcase classname="backend.tests.test_iteration2_features.TestBrand" name="test_root_brand" time="0.104" /><testcase classname="backend.tests.test_iteration8_new_features.TestUserPreferences" name="test_get_preferences" time="0.181" /><testcase classname="backend.tests.test_iteration8_new_features.TestUserPreferences" name="test_patch_preferences_valid" time="0.093" /><testcase classname="backend.tests.test_iteration8_new_features.TestUserPreferences" name="test_patch_preferences_unknown_model_rejected" time="0.081" /><testcase classname="backend.tests.test_iteration8_new_features.TestUserPreferences" name="test_patch_preferences_filters_unknown_models_list" time="0.047" /><testcase classname="backend.tests.test_iteration8_new_features.TestAISuggestTasks" name="test_suggest_tasks_multiple" time="1.935" /><testcase classname="backend.tests.test_iteration8_new_features.TestAISuggestTasks" name="test_suggest_tasks_single_simple" time="0.816" /><testcase classname="backend.tests.test_iteration8_new_features.TestSingleModelResearch" name="test_single_model_no_synthesis" time="2.295" /><testcase classname="backend.tests.test_iteration8_new_features.TestMultiModelFavoriteBias" name="test_multi_synthesizes" time="23.774" /><testcase classname="backend.tests.test_iteration8_new_features.TestMultiModelFavoriteBias" name="test_favorite_bias_soft" time="28.100" /><testcase classname="backend.tests.test_iteration8_new_features.TestRegression" name="test_extract_task_still_works" time="1.344" /><testcase classname="backend.tests.test_iteration8_new_features.TestRegression" name="test_ai_models_list" time="0.050" /><testcase classname="backend.tests.test_iteration8_new_features.TestRegression" name="test_auth_me_includes_preferences" time="0.347" /></testsuite></testsuites>