<?xml version="1.0" encoding="utf-8"?><testsuites name="pytest tests"><testsuite name="pytest" errors="0" failures="0" skipped="0" tests="6" time="1.506" timestamp="2026-07-11T06:56:10.556266+00:00" hostname="agent-env-015c1b3c-39a0-4720-9273-5bbaa5379a8f"><testcase classname="backend.tests.test_iter99_notif_deploy.TestNotifications" name="test_get_notifications_shape" time="0.316" /><testcase classname="backend.tests.test_iter99_notif_deploy.TestNotifications" name="test_read_all_and_verify_persistence" time="0.238" /><testcase classname="backend.tests.test_iter99_notif_deploy.TestNotifications" name="test_mark_single_read" time="0.233" /><testcase classname="backend.tests.test_iter99_notif_deploy.TestDeployments" name="test_admin_gets_200" time="0.129" /><testcase classname="backend.tests.test_iter99_notif_deploy.TestDeployments" name="test_member_forbidden" time="0.442" /><testcase classname="backend.tests.test_iter99_notif_deploy.TestDeployments" name="test_undeploy_missing_returns_404_or_400" time="0.122" /></testsuite></testsuites>