<?xml version="1.0" encoding="utf-8"?><testsuites name="pytest tests"><testsuite name="pytest" errors="0" failures="0" skipped="0" tests="16" time="2.040" timestamp="2026-07-11T08:13:30.260319+00:00" hostname="agent-env-015c1b3c-39a0-4720-9273-5bbaa5379a8f"><testcase classname="backend.tests.test_workspace_ai_iter100" name="test_billing_rules_defaults" time="0.407" /><testcase classname="backend.tests.test_workspace_ai_iter100" name="test_billing_rules_get_allowed_for_regular_user" time="0.377" /><testcase classname="backend.tests.test_workspace_ai_iter100" name="test_period_endpoint" time="0.092" /><testcase classname="backend.tests.test_workspace_ai_iter100" name="test_admin_ledger_requires_super_admin" time="0.053" /><testcase classname="backend.tests.test_workspace_ai_iter100" name="test_put_billing_rules_requires_super_admin" time="0.051" /><testcase classname="backend.tests.test_workspace_ai_iter100" name="test_admin_ledger_ok_for_super_admin" time="0.048" /><testcase classname="backend.tests.test_workspace_ai_iter100" name="test_workspace_ledger_forbidden_for_non_priv" time="0.052" /><testcase classname="backend.tests.test_workspace_ai_iter100" name="test_list_workspace_employees_forbidden_for_non_priv" time="0.050" /><testcase classname="backend.tests.test_workspace_ai_iter100" name="test_consent_preview_forbidden_for_non_priv" time="0.095" /><testcase classname="backend.tests.test_workspace_ai_iter100" name="test_consent_preview_shape" time="0.088" /><testcase classname="backend.tests.test_workspace_ai_iter100" name="test_consent_preview_404" time="0.045" /><testcase classname="backend.tests.test_workspace_ai_iter100" name="test_enable_idempotent_and_disable" time="0.397" /><testcase classname="backend.tests.test_workspace_ai_iter100" name="test_workspace_ledger_math" time="0.045" /><testcase classname="backend.tests.test_workspace_ai_iter100" name="test_creator_ledger_own_employee_only" time="0.045" /><testcase classname="backend.tests.test_workspace_ai_iter100" name="test_creator_ledger_empty_for_non_creator" time="0.051" /><testcase classname="backend.tests.test_workspace_ai_iter100" name="test_put_rules_auto_adjust_creator_percent" time="0.093" /></testsuite></testsuites>