<?xml version="1.0" encoding="utf-8"?><testsuites name="pytest tests"><testsuite name="pytest" errors="0" failures="0" skipped="0" tests="66" time="65.248" timestamp="2026-05-12T06:58:00.750419+00:00" hostname="agent-env-6adf17d4-6bc2-4eec-b3a8-7ea289157f31"><testcase classname="backend.tests.test_emergent_ai_teams.TestHealth" name="test_root" time="0.169" /><testcase classname="backend.tests.test_emergent_ai_teams.TestAuth" name="test_demo_login" time="0.046" /><testcase classname="backend.tests.test_emergent_ai_teams.TestAuth" name="test_login_seeded_user" time="0.270" /><testcase classname="backend.tests.test_emergent_ai_teams.TestAuth" name="test_login_invalid" time="0.268" /><testcase classname="backend.tests.test_emergent_ai_teams.TestAuth" name="test_signup_new_user" time="0.271" /><testcase classname="backend.tests.test_emergent_ai_teams.TestAuth" name="test_me" time="0.047" /><testcase classname="backend.tests.test_emergent_ai_teams.TestAuth" name="test_me_no_token" time="0.128" /><testcase classname="backend.tests.test_emergent_ai_teams.TestWorkspace" name="test_get_workspace" time="0.046" /><testcase classname="backend.tests.test_emergent_ai_teams.TestWorkspace" name="test_members" time="0.047" /><testcase classname="backend.tests.test_emergent_ai_teams.TestWorkspace" name="test_invite" time="0.275" /><testcase classname="backend.tests.test_emergent_ai_teams.TestChats" name="test_list_chats" time="0.058" /><testcase classname="backend.tests.test_emergent_ai_teams.TestChats" name="test_create_chat" time="0.049" /><testcase classname="backend.tests.test_emergent_ai_teams.TestMessages" name="test_send_message" time="0.049" /><testcase classname="backend.tests.test_emergent_ai_teams.TestMessages" name="test_list_messages" time="0.047" /><testcase classname="backend.tests.test_emergent_ai_teams.TestMessages" name="test_edit_message" time="0.048" /><testcase classname="backend.tests.test_emergent_ai_teams.TestMessages" name="test_react" time="0.062" /><testcase classname="backend.tests.test_emergent_ai_teams.TestMessages" name="test_pin" time="0.046" /><testcase classname="backend.tests.test_emergent_ai_teams.TestMessages" name="test_delete_message" time="0.093" /><testcase classname="backend.tests.test_emergent_ai_teams.TestAI" name="test_ai_research_real_and_simulated" time="10.177" /><testcase classname="backend.tests.test_emergent_ai_teams.TestAI" name="test_get_research" time="0.049" /><testcase classname="backend.tests.test_emergent_ai_teams.TestAI" name="test_vote_categories" time="0.231" /><testcase classname="backend.tests.test_emergent_ai_teams.TestAI" name="test_select_best" time="0.099" /><testcase classname="backend.tests.test_emergent_ai_teams.TestAI" name="test_synthesize" time="6.272" /><testcase classname="backend.tests.test_emergent_ai_teams.TestAI" name="test_improve_message" time="0.567" /><testcase classname="backend.tests.test_emergent_ai_teams.TestFolders" name="test_create_folder" time="0.054" /><testcase classname="backend.tests.test_emergent_ai_teams.TestFolders" name="test_list_folders" time="0.046" /><testcase classname="backend.tests.test_emergent_ai_teams.TestFolders" name="test_save_research" time="0.049" /><testcase classname="backend.tests.test_emergent_ai_teams.TestFolders" name="test_get_folder_details" time="0.046" /><testcase classname="backend.tests.test_emergent_ai_teams.TestTasks" name="test_create_task_with_reminder" time="0.648" /><testcase classname="backend.tests.test_emergent_ai_teams.TestTasks" name="test_list_tasks_all" time="0.048" /><testcase classname="backend.tests.test_emergent_ai_teams.TestTasks" name="test_list_tasks_mine" time="0.045" /><testcase classname="backend.tests.test_emergent_ai_teams.TestTasks" name="test_update_task" time="0.045" /><testcase classname="backend.tests.test_emergent_ai_teams.TestTasks" name="test_delete_task" time="0.100" /><testcase classname="backend.tests.test_emergent_ai_teams.TestDashboard" name="test_dashboard" time="0.057" /><testcase classname="backend.tests.test_emergent_ai_teams.TestWebSocket" name="test_ws_broadcast" time="1.920" /><testcase classname="backend.tests.test_extract_task" name="test_extract_task_real_message" time="1.596" /><testcase classname="backend.tests.test_extract_task" name="test_extract_task_garbage_returns_fallback" time="1.368" /><testcase classname="backend.tests.test_extract_task" name="test_extract_task_invalid_assignee_sanitized" time="1.465" /><testcase classname="backend.tests.test_extract_task" name="test_extract_task_requires_auth" time="0.109" /><testcase classname="backend.tests.test_extract_task" name="test_task_assigned_creates_reminder_and_shows_in_mine" time="1.003" /><testcase classname="backend.tests.test_inline_task_command.TestInlineTaskCommand" name="test_inline_task_creates_task_with_all_fields" time="4.450" /><testcase classname="backend.tests.test_inline_task_command.TestInlineTaskCommand" name="test_inline_task_partial_name_priya" time="3.635" /><testcase classname="backend.tests.test_inline_task_command.TestInlineTaskCommand" name="test_inline_task_natural_due_tomorrow" time="3.340" /><testcase classname="backend.tests.test_inline_task_command.TestInlineTaskCommand" name="test_inline_task_natural_due_friday" time="3.317" /><testcase classname="backend.tests.test_inline_task_command.TestInlineTaskCommand" name="test_inline_task_natural_due_today" time="3.355" /><testcase classname="backend.tests.test_inline_task_command.TestInlineTaskCommand" name="test_message_without_task_does_not_create" time="2.550" /><testcase classname="backend.tests.test_inline_task_command.TestInlineTaskCommand" name="test_extract_task_endpoint_still_works" time="1.226" /><testcase classname="backend.tests.test_iteration2_features.TestUploads" name="test_upload_text_file" time="0.397" /><testcase classname="backend.tests.test_iteration2_features.TestUploads" name="test_upload_image_file" time="0.244" /><testcase classname="backend.tests.test_iteration2_features.TestUploads" name="test_upload_rejects_bad_ext" time="0.105" /><testcase classname="backend.tests.test_iteration2_features.TestUploads" name="test_upload_rejects_too_large" time="7.523" /><testcase classname="backend.tests.test_iteration2_features.TestUploads" name="test_upload_requires_auth" time="0.128" /><testcase classname="backend.tests.test_iteration2_features.TestFileDownload" name="test_download_with_bearer" time="0.222" /><testcase classname="backend.tests.test_iteration2_features.TestFileDownload" name="test_download_with_query_auth" time="0.204" /><testcase classname="backend.tests.test_iteration2_features.TestFileDownload" name="test_download_no_auth" time="0.106" /><testcase classname="backend.tests.test_iteration2_features.TestFileDownload" name="test_download_cross_workspace_forbidden" time="0.446" /><testcase classname="backend.tests.test_iteration2_features.TestFileDownload" name="test_download_nonexistent" time="0.123" /><testcase classname="backend.tests.test_iteration2_features.TestRealAIModels" name="test_perplexity_grok_real_responses" time="3.724" /><testcase classname="backend.tests.test_iteration2_features.TestRealAIModels" name="test_deepseek_402_handled_gracefully" time="0.935" /><testcase classname="backend.tests.test_iteration2_features.TestShareSnapshot" name="test_create_share_link" time="0.104" /><testcase classname="backend.tests.test_iteration2_features.TestShareSnapshot" name="test_share_idempotent" time="0.125" /><testcase classname="backend.tests.test_iteration2_features.TestShareSnapshot" name="test_share_forbidden_for_outsider" time="0.103" /><testcase classname="backend.tests.test_iteration2_features.TestShareSnapshot" name="test_public_snapshot_no_auth" time="0.110" /><testcase classname="backend.tests.test_iteration2_features.TestShareSnapshot" name="test_revoke_share_link" time="0.244" /><testcase classname="backend.tests.test_iteration2_features.TestShareSnapshot" name="test_invalid_token_404" time="0.107" /><testcase classname="backend.tests.test_iteration2_features.TestBrand" name="test_root_brand" time="0.342" /></testsuite></testsuites>