<?xml version="1.0" encoding="utf-8"?><testsuites name="pytest tests"><testsuite name="pytest" errors="0" failures="0" skipped="0" tests="12" time="2.858" timestamp="2026-07-11T00:52:53.338047+00:00" hostname="agent-env-015c1b3c-39a0-4720-9273-5bbaa5379a8f"><testcase classname="tests.test_iteration97_builder_program.TestBuilderGate" name="test_me_not_approved" time="0.864" /><testcase classname="tests.test_iteration97_builder_program.TestBuilderGate" name="test_create_employee_forbidden" time="0.108" /><testcase classname="tests.test_iteration97_builder_program.TestApply" name="test_apply_success" time="0.099" /><testcase classname="tests.test_iteration97_builder_program.TestApply" name="test_apply_duplicate_400" time="0.102" /><testcase classname="tests.test_iteration97_builder_program.TestReview" name="test_non_super_forbidden" time="0.106" /><testcase classname="tests.test_iteration97_builder_program.TestReview" name="test_super_lists_with_counts" time="0.205" /><testcase classname="tests.test_iteration97_builder_program.TestReview" name="test_decide_approve" time="0.352" /><testcase classname="tests.test_iteration97_builder_program.TestAfterApproval" name="test_create_employee_now_ok" time="0.218" /><testcase classname="tests.test_iteration97_builder_program.TestSuperAdminAccess" name="test_me_super_admin" time="0.105" /><testcase classname="tests.test_iteration97_builder_program.TestSuperAdminAccess" name="test_super_admin_can_create" time="0.244" /><testcase classname="tests.test_iteration97_builder_program.TestCreditsAndPerks" name="test_super_admin_unlimited_credits" time="0.106" /><testcase classname="tests.test_iteration97_builder_program.TestCreditsAndPerks" name="test_team_plan_perks_include_builder" time="0.303" /></testsuite></testsuites>