<?xml version="1.0" encoding="utf-8"?><testsuites name="pytest tests"><testsuite name="pytest" errors="0" failures="0" skipped="0" tests="16" time="37.518" timestamp="2026-06-30T07:56:13.070471+00:00" hostname="agent-env-6adf17d4-6bc2-4eec-b3a8-7ea289157f31"><testcase classname="backend.tests.test_iteration73_active_project_pointer.TestPointerDrivesGetChat" name="test_switch_to_project_a_then_get_chat" time="27.492" /><testcase classname="backend.tests.test_iteration73_active_project_pointer.TestPointerDrivesGetChat" name="test_switch_to_project_b_then_get_chat" time="0.391" /><testcase classname="backend.tests.test_iteration73_active_project_pointer.TestPointerDrivesGetChat" name="test_toggle_back_to_a" time="0.395" /><testcase classname="backend.tests.test_iteration73_active_project_pointer.TestPointerDrivesChatList" name="test_list_reflects_project_a" time="0.393" /><testcase classname="backend.tests.test_iteration73_active_project_pointer.TestPointerDrivesChatList" name="test_list_reflects_project_b" time="0.392" /><testcase classname="backend.tests.test_iteration73_active_project_pointer.TestSpinUpSetsPointer" name="test_spin_up_writes_pointer" time="0.256" /><testcase classname="backend.tests.test_iteration72_next_ideas_preview.TestNextIdeas" name="test_first_call_returns_fresh_ideas" time="2.235" /><testcase classname="backend.tests.test_iteration72_next_ideas_preview.TestNextIdeas" name="test_second_call_returns_cached" time="2.992" /><testcase classname="backend.tests.test_iteration72_next_ideas_preview.TestNextIdeas" name="test_refresh_forces_regen" time="2.119" /><testcase classname="backend.tests.test_iteration72_next_ideas_preview.TestNextIdeas" name="test_unknown_chat_returns_404" time="0.045" /><testcase classname="backend.tests.test_iteration72_next_ideas_preview.TestSpinUpSeedsStub" name="test_spin_up_returns_project_with_files" time="0.090" /><testcase classname="backend.tests.test_iteration72_next_ideas_preview.TestPreviewSelfHealAndShim" name="test_preview_injects_login_shim" time="0.041" /><testcase classname="backend.tests.test_iteration72_next_ideas_preview.TestPreviewSelfHealAndShim" name="test_preview_self_heals_empty_project" time="0.202" /><testcase classname="backend.tests.test_iteration72_next_ideas_preview.TestPreviewSelfHealAndShim" name="test_preview_unknown_project_returns_html" time="0.045" /><testcase classname="backend.tests.test_iteration72_next_ideas_preview.TestSharedPreview" name="test_mint_token_and_serve_publicly" time="0.271" /><testcase classname="backend.tests.test_iteration72_next_ideas_preview.TestSharedPreview" name="test_invalid_token_returns_404" time="0.105" /></testsuite></testsuites>