<?xml version="1.0" encoding="utf-8"?><testsuites name="pytest tests"><testsuite name="pytest" errors="0" failures="0" skipped="0" tests="13" time="9.934" timestamp="2026-07-06T09:44:03.200661+00:00" hostname="agent-env-6adf17d4-6bc2-4eec-b3a8-7ea289157f31"><testcase classname="tests.test_iteration84_hire_gates.TestHireDevManagerConfig" name="test_config_returns_199_usd" time="0.465" /><testcase classname="tests.test_iteration84_hire_gates.TestHirePromptCard" name="test_send_devmanager_message_posts_hire_prompt" time="0.653" /><testcase classname="tests.test_iteration84_hire_gates.TestHirePromptCard" name="test_second_mention_is_throttled" time="3.095" /><testcase classname="tests.test_iteration84_hire_gates.TestDemoBypassHire" name="test_demo_bypass_checkout_provisions" time="0.098" /><testcase classname="tests.test_iteration84_hire_gates.TestDemoBypassHire" name="test_chat_dev_team_hired_true_after_provision" time="0.050" /><testcase classname="tests.test_iteration84_hire_gates.TestDemoBypassHire" name="test_devmanager_mention_after_hire_no_hire_prompt" time="5.096" /><testcase classname="tests.test_iteration84_hire_gates.TestDevProjectGates" name="test_get_unhired_project_shows_dev_team_hired_false" time="0.050" /><testcase classname="tests.test_iteration84_hire_gates.TestDevProjectGates" name="test_talk_returns_402_when_unhired" time="0.048" /><testcase classname="tests.test_iteration84_hire_gates.TestDevProjectGates" name="test_builders_generate_returns_402_when_unhired" time="0.047" /><testcase classname="tests.test_iteration84_hire_gates.TestDevProjectGates" name="test_builders_put_returns_402_when_unhired" time="0.047" /><testcase classname="tests.test_iteration84_hire_gates.TestDevProjectGates" name="test_builders_suggest_returns_402_when_unhired" time="0.047" /><testcase classname="tests.test_iteration84_hire_gates.TestDevProjectAfterHire" name="test_project_dev_team_hired_true" time="0.142" /><testcase classname="tests.test_iteration84_hire_gates.TestDevProjectAfterHire" name="test_talk_returns_activity_id_after_hire" time="0.047" /></testsuite></testsuites>