<?xml version="1.0" encoding="utf-8"?><testsuites name="pytest tests"><testsuite name="pytest" errors="0" failures="0" skipped="0" tests="35" time="22.381" timestamp="2026-05-12T00:58:10.124452+00:00" hostname="agent-env-6adf17d4-6bc2-4eec-b3a8-7ea289157f31"><testcase classname="tests.test_emergent_ai_teams.TestHealth" name="test_root" time="0.194" /><testcase classname="tests.test_emergent_ai_teams.TestAuth" name="test_demo_login" time="0.046" /><testcase classname="tests.test_emergent_ai_teams.TestAuth" name="test_login_seeded_user" time="0.274" /><testcase classname="tests.test_emergent_ai_teams.TestAuth" name="test_login_invalid" time="0.269" /><testcase classname="tests.test_emergent_ai_teams.TestAuth" name="test_signup_new_user" time="0.289" /><testcase classname="tests.test_emergent_ai_teams.TestAuth" name="test_me" time="0.073" /><testcase classname="tests.test_emergent_ai_teams.TestAuth" name="test_me_no_token" time="0.128" /><testcase classname="tests.test_emergent_ai_teams.TestWorkspace" name="test_get_workspace" time="0.048" /><testcase classname="tests.test_emergent_ai_teams.TestWorkspace" name="test_members" time="0.049" /><testcase classname="tests.test_emergent_ai_teams.TestWorkspace" name="test_invite" time="0.270" /><testcase classname="tests.test_emergent_ai_teams.TestChats" name="test_list_chats" time="0.053" /><testcase classname="tests.test_emergent_ai_teams.TestChats" name="test_create_chat" time="0.051" /><testcase classname="tests.test_emergent_ai_teams.TestMessages" name="test_send_message" time="0.059" /><testcase classname="tests.test_emergent_ai_teams.TestMessages" name="test_list_messages" time="0.052" /><testcase classname="tests.test_emergent_ai_teams.TestMessages" name="test_edit_message" time="0.053" /><testcase classname="tests.test_emergent_ai_teams.TestMessages" name="test_react" time="0.051" /><testcase classname="tests.test_emergent_ai_teams.TestMessages" name="test_pin" time="0.049" /><testcase classname="tests.test_emergent_ai_teams.TestMessages" name="test_delete_message" time="0.101" /><testcase classname="tests.test_emergent_ai_teams.TestAI" name="test_ai_research_real_and_simulated" time="10.126" /><testcase classname="tests.test_emergent_ai_teams.TestAI" name="test_get_research" time="0.050" /><testcase classname="tests.test_emergent_ai_teams.TestAI" name="test_vote_categories" time="0.249" /><testcase classname="tests.test_emergent_ai_teams.TestAI" name="test_select_best" time="0.107" /><testcase classname="tests.test_emergent_ai_teams.TestAI" name="test_synthesize" time="6.657" /><testcase classname="tests.test_emergent_ai_teams.TestAI" name="test_improve_message" time="0.804" /><testcase classname="tests.test_emergent_ai_teams.TestFolders" name="test_create_folder" time="0.047" /><testcase classname="tests.test_emergent_ai_teams.TestFolders" name="test_list_folders" time="0.046" /><testcase classname="tests.test_emergent_ai_teams.TestFolders" name="test_save_research" time="0.060" /><testcase classname="tests.test_emergent_ai_teams.TestFolders" name="test_get_folder_details" time="0.046" /><testcase classname="tests.test_emergent_ai_teams.TestTasks" name="test_create_task_with_reminder" time="0.635" /><testcase classname="tests.test_emergent_ai_teams.TestTasks" name="test_list_tasks_all" time="0.047" /><testcase classname="tests.test_emergent_ai_teams.TestTasks" name="test_list_tasks_mine" time="0.045" /><testcase classname="tests.test_emergent_ai_teams.TestTasks" name="test_update_task" time="0.049" /><testcase classname="tests.test_emergent_ai_teams.TestTasks" name="test_delete_task" time="0.096" /><testcase classname="tests.test_emergent_ai_teams.TestDashboard" name="test_dashboard" time="0.053" /><testcase classname="tests.test_emergent_ai_teams.TestWebSocket" name="test_ws_broadcast" time="1.081" /></testsuite></testsuites>